[2023-07-05T13:44:08.564+0000] {processor.py:157} INFO - Started process (PID=46) to work on /opt/airflow/dags/exercise15.py
[2023-07-05T13:44:08.581+0000] {processor.py:826} INFO - Processing file /opt/airflow/dags/exercise15.py for tasks to queue
[2023-07-05T13:44:08.605+0000] {logging_mixin.py:149} INFO - [2023-07-05T13:44:08.600+0000] {dagbag.py:541} INFO - Filling up the DagBag from /opt/airflow/dags/exercise15.py
[2023-07-05T13:44:08.827+0000] {processor.py:836} INFO - DAG(s) dict_keys(['exercise15']) retrieved from /opt/airflow/dags/exercise15.py
[2023-07-05T13:44:10.789+0000] {logging_mixin.py:149} INFO - [2023-07-05T13:44:10.783+0000] {manager.py:504} INFO - Created Permission View: can read on DAG:exercise15
[2023-07-05T13:44:10.915+0000] {logging_mixin.py:149} INFO - [2023-07-05T13:44:10.914+0000] {manager.py:504} INFO - Created Permission View: can edit on DAG:exercise15
[2023-07-05T13:44:10.988+0000] {logging_mixin.py:149} INFO - [2023-07-05T13:44:10.987+0000] {manager.py:504} INFO - Created Permission View: can delete on DAG:exercise15
[2023-07-05T13:44:11.110+0000] {logging_mixin.py:149} INFO - [2023-07-05T13:44:11.107+0000] {dag.py:2726} INFO - Sync 1 DAGs
[2023-07-05T13:44:11.233+0000] {logging_mixin.py:149} INFO - [2023-07-05T13:44:11.232+0000] {dag.py:2747} INFO - Creating ORM DAG for exercise15
[2023-07-05T13:44:11.297+0000] {logging_mixin.py:149} INFO - [2023-07-05T13:44:11.296+0000] {dag.py:3490} INFO - Setting next_dagrun for exercise15 to None, run_after=None
[2023-07-05T13:44:11.568+0000] {processor.py:179} INFO - Processing /opt/airflow/dags/exercise15.py took 3.032 seconds
[2023-07-05T13:44:46.026+0000] {processor.py:157} INFO - Started process (PID=63) to work on /opt/airflow/dags/exercise15.py
[2023-07-05T13:44:46.033+0000] {processor.py:826} INFO - Processing file /opt/airflow/dags/exercise15.py for tasks to queue
[2023-07-05T13:44:46.049+0000] {logging_mixin.py:149} INFO - [2023-07-05T13:44:46.049+0000] {dagbag.py:541} INFO - Filling up the DagBag from /opt/airflow/dags/exercise15.py
[2023-07-05T13:44:46.116+0000] {processor.py:836} INFO - DAG(s) dict_keys(['exercise15']) retrieved from /opt/airflow/dags/exercise15.py
[2023-07-05T13:44:46.291+0000] {logging_mixin.py:149} INFO - [2023-07-05T13:44:46.291+0000] {dag.py:2726} INFO - Sync 1 DAGs
[2023-07-05T13:44:46.456+0000] {logging_mixin.py:149} INFO - [2023-07-05T13:44:46.456+0000] {dag.py:3490} INFO - Setting next_dagrun for exercise15 to None, run_after=None
[2023-07-05T13:44:46.643+0000] {processor.py:179} INFO - Processing /opt/airflow/dags/exercise15.py took 0.692 seconds
[2023-07-05T13:45:20.444+0000] {processor.py:157} INFO - Started process (PID=79) to work on /opt/airflow/dags/exercise15.py
[2023-07-05T13:45:20.509+0000] {processor.py:826} INFO - Processing file /opt/airflow/dags/exercise15.py for tasks to queue
[2023-07-05T13:45:20.581+0000] {logging_mixin.py:149} INFO - [2023-07-05T13:45:20.580+0000] {dagbag.py:541} INFO - Filling up the DagBag from /opt/airflow/dags/exercise15.py
[2023-07-05T13:45:21.061+0000] {processor.py:836} INFO - DAG(s) dict_keys(['exercise15']) retrieved from /opt/airflow/dags/exercise15.py
[2023-07-05T13:45:21.648+0000] {logging_mixin.py:149} INFO - [2023-07-05T13:45:21.646+0000] {dag.py:2726} INFO - Sync 1 DAGs
[2023-07-05T13:45:21.732+0000] {logging_mixin.py:149} INFO - [2023-07-05T13:45:21.731+0000] {dag.py:3490} INFO - Setting next_dagrun for exercise15 to None, run_after=None
[2023-07-05T13:45:21.811+0000] {processor.py:179} INFO - Processing /opt/airflow/dags/exercise15.py took 1.624 seconds
[2023-07-05T13:45:51.914+0000] {processor.py:157} INFO - Started process (PID=96) to work on /opt/airflow/dags/exercise15.py
[2023-07-05T13:45:51.919+0000] {processor.py:826} INFO - Processing file /opt/airflow/dags/exercise15.py for tasks to queue
[2023-07-05T13:45:51.926+0000] {logging_mixin.py:149} INFO - [2023-07-05T13:45:51.925+0000] {dagbag.py:541} INFO - Filling up the DagBag from /opt/airflow/dags/exercise15.py
[2023-07-05T13:45:51.957+0000] {processor.py:836} INFO - DAG(s) dict_keys(['exercise15']) retrieved from /opt/airflow/dags/exercise15.py
[2023-07-05T13:45:52.052+0000] {logging_mixin.py:149} INFO - [2023-07-05T13:45:52.051+0000] {dag.py:2726} INFO - Sync 1 DAGs
[2023-07-05T13:45:52.115+0000] {logging_mixin.py:149} INFO - [2023-07-05T13:45:52.114+0000] {dag.py:3490} INFO - Setting next_dagrun for exercise15 to None, run_after=None
[2023-07-05T13:45:52.162+0000] {processor.py:179} INFO - Processing /opt/airflow/dags/exercise15.py took 0.257 seconds
[2023-07-05T13:46:22.353+0000] {processor.py:157} INFO - Started process (PID=113) to work on /opt/airflow/dags/exercise15.py
[2023-07-05T13:46:22.356+0000] {processor.py:826} INFO - Processing file /opt/airflow/dags/exercise15.py for tasks to queue
[2023-07-05T13:46:22.359+0000] {logging_mixin.py:149} INFO - [2023-07-05T13:46:22.359+0000] {dagbag.py:541} INFO - Filling up the DagBag from /opt/airflow/dags/exercise15.py
[2023-07-05T13:46:22.376+0000] {processor.py:836} INFO - DAG(s) dict_keys(['exercise15']) retrieved from /opt/airflow/dags/exercise15.py
[2023-07-05T13:46:22.418+0000] {logging_mixin.py:149} INFO - [2023-07-05T13:46:22.418+0000] {dag.py:2726} INFO - Sync 1 DAGs
[2023-07-05T13:46:22.453+0000] {logging_mixin.py:149} INFO - [2023-07-05T13:46:22.453+0000] {dag.py:3490} INFO - Setting next_dagrun for exercise15 to None, run_after=None
[2023-07-05T13:46:22.476+0000] {processor.py:179} INFO - Processing /opt/airflow/dags/exercise15.py took 0.128 seconds
[2023-07-05T13:46:52.610+0000] {processor.py:157} INFO - Started process (PID=130) to work on /opt/airflow/dags/exercise15.py
[2023-07-05T13:46:52.612+0000] {processor.py:826} INFO - Processing file /opt/airflow/dags/exercise15.py for tasks to queue
[2023-07-05T13:46:52.617+0000] {logging_mixin.py:149} INFO - [2023-07-05T13:46:52.616+0000] {dagbag.py:541} INFO - Filling up the DagBag from /opt/airflow/dags/exercise15.py
[2023-07-05T13:46:52.632+0000] {processor.py:836} INFO - DAG(s) dict_keys(['exercise15']) retrieved from /opt/airflow/dags/exercise15.py
[2023-07-05T13:46:52.672+0000] {logging_mixin.py:149} INFO - [2023-07-05T13:46:52.672+0000] {dag.py:2726} INFO - Sync 1 DAGs
[2023-07-05T13:46:52.707+0000] {logging_mixin.py:149} INFO - [2023-07-05T13:46:52.707+0000] {dag.py:3490} INFO - Setting next_dagrun for exercise15 to None, run_after=None
[2023-07-05T13:46:52.731+0000] {processor.py:179} INFO - Processing /opt/airflow/dags/exercise15.py took 0.127 seconds
[2023-07-05T13:47:22.955+0000] {processor.py:157} INFO - Started process (PID=147) to work on /opt/airflow/dags/exercise15.py
[2023-07-05T13:47:22.961+0000] {processor.py:826} INFO - Processing file /opt/airflow/dags/exercise15.py for tasks to queue
[2023-07-05T13:47:22.970+0000] {logging_mixin.py:149} INFO - [2023-07-05T13:47:22.969+0000] {dagbag.py:541} INFO - Filling up the DagBag from /opt/airflow/dags/exercise15.py
[2023-07-05T13:47:23.011+0000] {processor.py:836} INFO - DAG(s) dict_keys(['exercise15']) retrieved from /opt/airflow/dags/exercise15.py
[2023-07-05T13:47:23.108+0000] {logging_mixin.py:149} INFO - [2023-07-05T13:47:23.107+0000] {dag.py:2726} INFO - Sync 1 DAGs
[2023-07-05T13:47:23.158+0000] {logging_mixin.py:149} INFO - [2023-07-05T13:47:23.158+0000] {dag.py:3490} INFO - Setting next_dagrun for exercise15 to None, run_after=None
[2023-07-05T13:47:23.202+0000] {processor.py:179} INFO - Processing /opt/airflow/dags/exercise15.py took 0.257 seconds
[2023-07-05T13:47:53.288+0000] {processor.py:157} INFO - Started process (PID=164) to work on /opt/airflow/dags/exercise15.py
[2023-07-05T13:47:53.291+0000] {processor.py:826} INFO - Processing file /opt/airflow/dags/exercise15.py for tasks to queue
[2023-07-05T13:47:53.295+0000] {logging_mixin.py:149} INFO - [2023-07-05T13:47:53.295+0000] {dagbag.py:541} INFO - Filling up the DagBag from /opt/airflow/dags/exercise15.py
[2023-07-05T13:47:53.314+0000] {processor.py:836} INFO - DAG(s) dict_keys(['exercise15']) retrieved from /opt/airflow/dags/exercise15.py
[2023-07-05T13:47:53.358+0000] {logging_mixin.py:149} INFO - [2023-07-05T13:47:53.358+0000] {dag.py:2726} INFO - Sync 1 DAGs
[2023-07-05T13:47:53.394+0000] {logging_mixin.py:149} INFO - [2023-07-05T13:47:53.393+0000] {dag.py:3490} INFO - Setting next_dagrun for exercise15 to None, run_after=None
[2023-07-05T13:47:53.422+0000] {processor.py:179} INFO - Processing /opt/airflow/dags/exercise15.py took 0.140 seconds
[2023-07-05T13:48:23.564+0000] {processor.py:157} INFO - Started process (PID=181) to work on /opt/airflow/dags/exercise15.py
[2023-07-05T13:48:23.570+0000] {processor.py:826} INFO - Processing file /opt/airflow/dags/exercise15.py for tasks to queue
[2023-07-05T13:48:23.578+0000] {logging_mixin.py:149} INFO - [2023-07-05T13:48:23.578+0000] {dagbag.py:541} INFO - Filling up the DagBag from /opt/airflow/dags/exercise15.py
[2023-07-05T13:48:23.602+0000] {processor.py:836} INFO - DAG(s) dict_keys(['exercise15']) retrieved from /opt/airflow/dags/exercise15.py
[2023-07-05T13:48:23.674+0000] {logging_mixin.py:149} INFO - [2023-07-05T13:48:23.673+0000] {dag.py:2726} INFO - Sync 1 DAGs
[2023-07-05T13:48:23.714+0000] {logging_mixin.py:149} INFO - [2023-07-05T13:48:23.714+0000] {dag.py:3490} INFO - Setting next_dagrun for exercise15 to None, run_after=None
[2023-07-05T13:48:23.744+0000] {processor.py:179} INFO - Processing /opt/airflow/dags/exercise15.py took 0.189 seconds
[2023-07-05T13:48:54.237+0000] {processor.py:157} INFO - Started process (PID=198) to work on /opt/airflow/dags/exercise15.py
[2023-07-05T13:48:54.242+0000] {processor.py:826} INFO - Processing file /opt/airflow/dags/exercise15.py for tasks to queue
[2023-07-05T13:48:54.250+0000] {logging_mixin.py:149} INFO - [2023-07-05T13:48:54.249+0000] {dagbag.py:541} INFO - Filling up the DagBag from /opt/airflow/dags/exercise15.py
[2023-07-05T13:48:54.280+0000] {processor.py:836} INFO - DAG(s) dict_keys(['exercise15']) retrieved from /opt/airflow/dags/exercise15.py
[2023-07-05T13:48:54.332+0000] {logging_mixin.py:149} INFO - [2023-07-05T13:48:54.331+0000] {dag.py:2726} INFO - Sync 1 DAGs
[2023-07-05T13:48:54.393+0000] {logging_mixin.py:149} INFO - [2023-07-05T13:48:54.392+0000] {dag.py:3490} INFO - Setting next_dagrun for exercise15 to None, run_after=None
[2023-07-05T13:48:54.437+0000] {processor.py:179} INFO - Processing /opt/airflow/dags/exercise15.py took 0.208 seconds
[2023-07-05T13:49:25.124+0000] {processor.py:157} INFO - Started process (PID=215) to work on /opt/airflow/dags/exercise15.py
[2023-07-05T13:49:25.127+0000] {processor.py:826} INFO - Processing file /opt/airflow/dags/exercise15.py for tasks to queue
[2023-07-05T13:49:25.132+0000] {logging_mixin.py:149} INFO - [2023-07-05T13:49:25.132+0000] {dagbag.py:541} INFO - Filling up the DagBag from /opt/airflow/dags/exercise15.py
[2023-07-05T13:49:25.150+0000] {processor.py:836} INFO - DAG(s) dict_keys(['exercise15']) retrieved from /opt/airflow/dags/exercise15.py
[2023-07-05T13:49:25.193+0000] {logging_mixin.py:149} INFO - [2023-07-05T13:49:25.192+0000] {dag.py:2726} INFO - Sync 1 DAGs
[2023-07-05T13:49:25.227+0000] {logging_mixin.py:149} INFO - [2023-07-05T13:49:25.227+0000] {dag.py:3490} INFO - Setting next_dagrun for exercise15 to None, run_after=None
[2023-07-05T13:49:25.253+0000] {processor.py:179} INFO - Processing /opt/airflow/dags/exercise15.py took 0.134 seconds
[2023-07-05T13:49:55.683+0000] {processor.py:157} INFO - Started process (PID=231) to work on /opt/airflow/dags/exercise15.py
[2023-07-05T13:49:55.686+0000] {processor.py:826} INFO - Processing file /opt/airflow/dags/exercise15.py for tasks to queue
[2023-07-05T13:49:55.692+0000] {logging_mixin.py:149} INFO - [2023-07-05T13:49:55.691+0000] {dagbag.py:541} INFO - Filling up the DagBag from /opt/airflow/dags/exercise15.py
[2023-07-05T13:49:55.714+0000] {processor.py:836} INFO - DAG(s) dict_keys(['exercise15']) retrieved from /opt/airflow/dags/exercise15.py
[2023-07-05T13:49:55.780+0000] {logging_mixin.py:149} INFO - [2023-07-05T13:49:55.780+0000] {dag.py:2726} INFO - Sync 1 DAGs
[2023-07-05T13:49:55.841+0000] {logging_mixin.py:149} INFO - [2023-07-05T13:49:55.841+0000] {dag.py:3490} INFO - Setting next_dagrun for exercise15 to None, run_after=None
[2023-07-05T13:49:55.894+0000] {processor.py:179} INFO - Processing /opt/airflow/dags/exercise15.py took 0.217 seconds
[2023-07-05T13:50:26.199+0000] {processor.py:157} INFO - Started process (PID=248) to work on /opt/airflow/dags/exercise15.py
[2023-07-05T13:50:26.203+0000] {processor.py:826} INFO - Processing file /opt/airflow/dags/exercise15.py for tasks to queue
[2023-07-05T13:50:26.209+0000] {logging_mixin.py:149} INFO - [2023-07-05T13:50:26.208+0000] {dagbag.py:541} INFO - Filling up the DagBag from /opt/airflow/dags/exercise15.py
[2023-07-05T13:50:26.234+0000] {processor.py:836} INFO - DAG(s) dict_keys(['exercise15']) retrieved from /opt/airflow/dags/exercise15.py
[2023-07-05T13:50:26.291+0000] {logging_mixin.py:149} INFO - [2023-07-05T13:50:26.290+0000] {dag.py:2726} INFO - Sync 1 DAGs
[2023-07-05T13:50:26.327+0000] {logging_mixin.py:149} INFO - [2023-07-05T13:50:26.326+0000] {dag.py:3490} INFO - Setting next_dagrun for exercise15 to None, run_after=None
[2023-07-05T13:50:26.359+0000] {processor.py:179} INFO - Processing /opt/airflow/dags/exercise15.py took 0.171 seconds
[2023-07-05T13:50:56.644+0000] {processor.py:157} INFO - Started process (PID=265) to work on /opt/airflow/dags/exercise15.py
[2023-07-05T13:50:56.648+0000] {processor.py:826} INFO - Processing file /opt/airflow/dags/exercise15.py for tasks to queue
[2023-07-05T13:50:56.655+0000] {logging_mixin.py:149} INFO - [2023-07-05T13:50:56.655+0000] {dagbag.py:541} INFO - Filling up the DagBag from /opt/airflow/dags/exercise15.py
[2023-07-05T13:50:56.674+0000] {processor.py:836} INFO - DAG(s) dict_keys(['exercise15']) retrieved from /opt/airflow/dags/exercise15.py
[2023-07-05T13:50:56.733+0000] {logging_mixin.py:149} INFO - [2023-07-05T13:50:56.732+0000] {dag.py:2726} INFO - Sync 1 DAGs
[2023-07-05T13:50:56.773+0000] {logging_mixin.py:149} INFO - [2023-07-05T13:50:56.773+0000] {dag.py:3490} INFO - Setting next_dagrun for exercise15 to None, run_after=None
[2023-07-05T13:50:56.811+0000] {processor.py:179} INFO - Processing /opt/airflow/dags/exercise15.py took 0.175 seconds
[2023-07-05T13:51:27.707+0000] {processor.py:157} INFO - Started process (PID=282) to work on /opt/airflow/dags/exercise15.py
[2023-07-05T13:51:27.710+0000] {processor.py:826} INFO - Processing file /opt/airflow/dags/exercise15.py for tasks to queue
[2023-07-05T13:51:27.714+0000] {logging_mixin.py:149} INFO - [2023-07-05T13:51:27.714+0000] {dagbag.py:541} INFO - Filling up the DagBag from /opt/airflow/dags/exercise15.py
[2023-07-05T13:51:27.730+0000] {processor.py:836} INFO - DAG(s) dict_keys(['exercise15']) retrieved from /opt/airflow/dags/exercise15.py
[2023-07-05T13:51:27.771+0000] {logging_mixin.py:149} INFO - [2023-07-05T13:51:27.771+0000] {dag.py:2726} INFO - Sync 1 DAGs
[2023-07-05T13:51:27.808+0000] {logging_mixin.py:149} INFO - [2023-07-05T13:51:27.808+0000] {dag.py:3490} INFO - Setting next_dagrun for exercise15 to None, run_after=None
[2023-07-05T13:51:27.834+0000] {processor.py:179} INFO - Processing /opt/airflow/dags/exercise15.py took 0.133 seconds
[2023-07-05T13:51:57.979+0000] {processor.py:157} INFO - Started process (PID=299) to work on /opt/airflow/dags/exercise15.py
[2023-07-05T13:51:57.984+0000] {processor.py:826} INFO - Processing file /opt/airflow/dags/exercise15.py for tasks to queue
[2023-07-05T13:51:57.989+0000] {logging_mixin.py:149} INFO - [2023-07-05T13:51:57.988+0000] {dagbag.py:541} INFO - Filling up the DagBag from /opt/airflow/dags/exercise15.py
[2023-07-05T13:51:58.008+0000] {processor.py:836} INFO - DAG(s) dict_keys(['exercise15']) retrieved from /opt/airflow/dags/exercise15.py
[2023-07-05T13:51:58.051+0000] {logging_mixin.py:149} INFO - [2023-07-05T13:51:58.050+0000] {dag.py:2726} INFO - Sync 1 DAGs
[2023-07-05T13:51:58.089+0000] {logging_mixin.py:149} INFO - [2023-07-05T13:51:58.089+0000] {dag.py:3490} INFO - Setting next_dagrun for exercise15 to None, run_after=None
[2023-07-05T13:51:58.114+0000] {processor.py:179} INFO - Processing /opt/airflow/dags/exercise15.py took 0.140 seconds
[2023-07-05T13:52:28.342+0000] {processor.py:157} INFO - Started process (PID=316) to work on /opt/airflow/dags/exercise15.py
[2023-07-05T13:52:28.346+0000] {processor.py:826} INFO - Processing file /opt/airflow/dags/exercise15.py for tasks to queue
[2023-07-05T13:52:28.350+0000] {logging_mixin.py:149} INFO - [2023-07-05T13:52:28.350+0000] {dagbag.py:541} INFO - Filling up the DagBag from /opt/airflow/dags/exercise15.py
[2023-07-05T13:52:28.366+0000] {processor.py:836} INFO - DAG(s) dict_keys(['exercise15']) retrieved from /opt/airflow/dags/exercise15.py
[2023-07-05T13:52:28.407+0000] {logging_mixin.py:149} INFO - [2023-07-05T13:52:28.406+0000] {dag.py:2726} INFO - Sync 1 DAGs
[2023-07-05T13:52:28.440+0000] {logging_mixin.py:149} INFO - [2023-07-05T13:52:28.440+0000] {dag.py:3490} INFO - Setting next_dagrun for exercise15 to None, run_after=None
[2023-07-05T13:52:28.465+0000] {processor.py:179} INFO - Processing /opt/airflow/dags/exercise15.py took 0.128 seconds
[2023-07-05T13:52:58.535+0000] {processor.py:157} INFO - Started process (PID=333) to work on /opt/airflow/dags/exercise15.py
[2023-07-05T13:52:58.538+0000] {processor.py:826} INFO - Processing file /opt/airflow/dags/exercise15.py for tasks to queue
[2023-07-05T13:52:58.543+0000] {logging_mixin.py:149} INFO - [2023-07-05T13:52:58.542+0000] {dagbag.py:541} INFO - Filling up the DagBag from /opt/airflow/dags/exercise15.py
[2023-07-05T13:52:58.559+0000] {processor.py:836} INFO - DAG(s) dict_keys(['exercise15']) retrieved from /opt/airflow/dags/exercise15.py
[2023-07-05T13:52:58.600+0000] {logging_mixin.py:149} INFO - [2023-07-05T13:52:58.599+0000] {dag.py:2726} INFO - Sync 1 DAGs
[2023-07-05T13:52:58.637+0000] {logging_mixin.py:149} INFO - [2023-07-05T13:52:58.636+0000] {dag.py:3490} INFO - Setting next_dagrun for exercise15 to None, run_after=None
[2023-07-05T13:52:58.664+0000] {processor.py:179} INFO - Processing /opt/airflow/dags/exercise15.py took 0.134 seconds
[2023-07-05T13:53:29.502+0000] {processor.py:157} INFO - Started process (PID=350) to work on /opt/airflow/dags/exercise15.py
[2023-07-05T13:53:29.505+0000] {processor.py:826} INFO - Processing file /opt/airflow/dags/exercise15.py for tasks to queue
[2023-07-05T13:53:29.509+0000] {logging_mixin.py:149} INFO - [2023-07-05T13:53:29.509+0000] {dagbag.py:541} INFO - Filling up the DagBag from /opt/airflow/dags/exercise15.py
[2023-07-05T13:53:29.525+0000] {processor.py:836} INFO - DAG(s) dict_keys(['exercise15']) retrieved from /opt/airflow/dags/exercise15.py
[2023-07-05T13:53:29.564+0000] {logging_mixin.py:149} INFO - [2023-07-05T13:53:29.564+0000] {dag.py:2726} INFO - Sync 1 DAGs
[2023-07-05T13:53:29.605+0000] {logging_mixin.py:149} INFO - [2023-07-05T13:53:29.605+0000] {dag.py:3490} INFO - Setting next_dagrun for exercise15 to None, run_after=None
[2023-07-05T13:53:29.652+0000] {processor.py:179} INFO - Processing /opt/airflow/dags/exercise15.py took 0.155 seconds
[2023-07-05T13:53:59.785+0000] {processor.py:157} INFO - Started process (PID=367) to work on /opt/airflow/dags/exercise15.py
[2023-07-05T13:53:59.788+0000] {processor.py:826} INFO - Processing file /opt/airflow/dags/exercise15.py for tasks to queue
[2023-07-05T13:53:59.792+0000] {logging_mixin.py:149} INFO - [2023-07-05T13:53:59.792+0000] {dagbag.py:541} INFO - Filling up the DagBag from /opt/airflow/dags/exercise15.py
[2023-07-05T13:53:59.810+0000] {processor.py:836} INFO - DAG(s) dict_keys(['exercise15']) retrieved from /opt/airflow/dags/exercise15.py
[2023-07-05T13:53:59.851+0000] {logging_mixin.py:149} INFO - [2023-07-05T13:53:59.851+0000] {dag.py:2726} INFO - Sync 1 DAGs
[2023-07-05T13:53:59.885+0000] {logging_mixin.py:149} INFO - [2023-07-05T13:53:59.885+0000] {dag.py:3490} INFO - Setting next_dagrun for exercise15 to None, run_after=None
[2023-07-05T13:53:59.908+0000] {processor.py:179} INFO - Processing /opt/airflow/dags/exercise15.py took 0.128 seconds
[2023-07-05T13:54:30.057+0000] {processor.py:157} INFO - Started process (PID=384) to work on /opt/airflow/dags/exercise15.py
[2023-07-05T13:54:30.059+0000] {processor.py:826} INFO - Processing file /opt/airflow/dags/exercise15.py for tasks to queue
[2023-07-05T13:54:30.064+0000] {logging_mixin.py:149} INFO - [2023-07-05T13:54:30.064+0000] {dagbag.py:541} INFO - Filling up the DagBag from /opt/airflow/dags/exercise15.py
[2023-07-05T13:54:30.082+0000] {processor.py:836} INFO - DAG(s) dict_keys(['exercise15']) retrieved from /opt/airflow/dags/exercise15.py
[2023-07-05T13:54:30.122+0000] {logging_mixin.py:149} INFO - [2023-07-05T13:54:30.121+0000] {dag.py:2726} INFO - Sync 1 DAGs
[2023-07-05T13:54:30.155+0000] {logging_mixin.py:149} INFO - [2023-07-05T13:54:30.155+0000] {dag.py:3490} INFO - Setting next_dagrun for exercise15 to None, run_after=None
[2023-07-05T13:54:30.179+0000] {processor.py:179} INFO - Processing /opt/airflow/dags/exercise15.py took 0.128 seconds
[2023-07-05T13:55:01.063+0000] {processor.py:157} INFO - Started process (PID=401) to work on /opt/airflow/dags/exercise15.py
[2023-07-05T13:55:01.066+0000] {processor.py:826} INFO - Processing file /opt/airflow/dags/exercise15.py for tasks to queue
[2023-07-05T13:55:01.070+0000] {logging_mixin.py:149} INFO - [2023-07-05T13:55:01.070+0000] {dagbag.py:541} INFO - Filling up the DagBag from /opt/airflow/dags/exercise15.py
[2023-07-05T13:55:01.086+0000] {processor.py:836} INFO - DAG(s) dict_keys(['exercise15']) retrieved from /opt/airflow/dags/exercise15.py
[2023-07-05T13:55:01.128+0000] {logging_mixin.py:149} INFO - [2023-07-05T13:55:01.128+0000] {dag.py:2726} INFO - Sync 1 DAGs
[2023-07-05T13:55:01.164+0000] {logging_mixin.py:149} INFO - [2023-07-05T13:55:01.163+0000] {dag.py:3490} INFO - Setting next_dagrun for exercise15 to None, run_after=None
[2023-07-05T13:55:01.188+0000] {processor.py:179} INFO - Processing /opt/airflow/dags/exercise15.py took 0.130 seconds
[2023-07-05T13:55:31.293+0000] {processor.py:157} INFO - Started process (PID=419) to work on /opt/airflow/dags/exercise15.py
[2023-07-05T13:55:31.296+0000] {processor.py:826} INFO - Processing file /opt/airflow/dags/exercise15.py for tasks to queue
[2023-07-05T13:55:31.300+0000] {logging_mixin.py:149} INFO - [2023-07-05T13:55:31.300+0000] {dagbag.py:541} INFO - Filling up the DagBag from /opt/airflow/dags/exercise15.py
[2023-07-05T13:55:31.320+0000] {processor.py:836} INFO - DAG(s) dict_keys(['exercise15']) retrieved from /opt/airflow/dags/exercise15.py
[2023-07-05T13:55:31.370+0000] {logging_mixin.py:149} INFO - [2023-07-05T13:55:31.368+0000] {dag.py:2726} INFO - Sync 1 DAGs
[2023-07-05T13:55:31.420+0000] {logging_mixin.py:149} INFO - [2023-07-05T13:55:31.420+0000] {dag.py:3490} INFO - Setting next_dagrun for exercise15 to None, run_after=None
[2023-07-05T13:55:31.454+0000] {processor.py:179} INFO - Processing /opt/airflow/dags/exercise15.py took 0.167 seconds
[2023-07-05T13:56:01.696+0000] {processor.py:157} INFO - Started process (PID=437) to work on /opt/airflow/dags/exercise15.py
[2023-07-05T13:56:01.698+0000] {processor.py:826} INFO - Processing file /opt/airflow/dags/exercise15.py for tasks to queue
[2023-07-05T13:56:01.700+0000] {logging_mixin.py:149} INFO - [2023-07-05T13:56:01.700+0000] {dagbag.py:541} INFO - Filling up the DagBag from /opt/airflow/dags/exercise15.py
[2023-07-05T13:56:01.718+0000] {processor.py:836} INFO - DAG(s) dict_keys(['exercise15']) retrieved from /opt/airflow/dags/exercise15.py
[2023-07-05T13:56:01.760+0000] {logging_mixin.py:149} INFO - [2023-07-05T13:56:01.760+0000] {dag.py:2726} INFO - Sync 1 DAGs
[2023-07-05T13:56:01.794+0000] {logging_mixin.py:149} INFO - [2023-07-05T13:56:01.794+0000] {dag.py:3490} INFO - Setting next_dagrun for exercise15 to None, run_after=None
[2023-07-05T13:56:01.819+0000] {processor.py:179} INFO - Processing /opt/airflow/dags/exercise15.py took 0.130 seconds
[2023-07-05T13:56:32.048+0000] {processor.py:157} INFO - Started process (PID=455) to work on /opt/airflow/dags/exercise15.py
[2023-07-05T13:56:32.051+0000] {processor.py:826} INFO - Processing file /opt/airflow/dags/exercise15.py for tasks to queue
[2023-07-05T13:56:32.053+0000] {logging_mixin.py:149} INFO - [2023-07-05T13:56:32.053+0000] {dagbag.py:541} INFO - Filling up the DagBag from /opt/airflow/dags/exercise15.py
[2023-07-05T13:56:32.069+0000] {processor.py:836} INFO - DAG(s) dict_keys(['exercise15']) retrieved from /opt/airflow/dags/exercise15.py
[2023-07-05T13:56:32.112+0000] {logging_mixin.py:149} INFO - [2023-07-05T13:56:32.111+0000] {dag.py:2726} INFO - Sync 1 DAGs
[2023-07-05T13:56:32.146+0000] {logging_mixin.py:149} INFO - [2023-07-05T13:56:32.146+0000] {dag.py:3490} INFO - Setting next_dagrun for exercise15 to None, run_after=None
[2023-07-05T13:56:32.171+0000] {processor.py:179} INFO - Processing /opt/airflow/dags/exercise15.py took 0.127 seconds
[2023-07-05T13:57:02.969+0000] {processor.py:157} INFO - Started process (PID=472) to work on /opt/airflow/dags/exercise15.py
[2023-07-05T13:57:02.973+0000] {processor.py:826} INFO - Processing file /opt/airflow/dags/exercise15.py for tasks to queue
[2023-07-05T13:57:02.978+0000] {logging_mixin.py:149} INFO - [2023-07-05T13:57:02.977+0000] {dagbag.py:541} INFO - Filling up the DagBag from /opt/airflow/dags/exercise15.py
[2023-07-05T13:57:03.011+0000] {processor.py:836} INFO - DAG(s) dict_keys(['exercise15']) retrieved from /opt/airflow/dags/exercise15.py
[2023-07-05T13:57:03.061+0000] {logging_mixin.py:149} INFO - [2023-07-05T13:57:03.061+0000] {dag.py:2726} INFO - Sync 1 DAGs
[2023-07-05T13:57:03.098+0000] {logging_mixin.py:149} INFO - [2023-07-05T13:57:03.098+0000] {dag.py:3490} INFO - Setting next_dagrun for exercise15 to None, run_after=None
[2023-07-05T13:57:03.129+0000] {processor.py:179} INFO - Processing /opt/airflow/dags/exercise15.py took 0.167 seconds
[2023-07-05T13:57:34.074+0000] {processor.py:157} INFO - Started process (PID=489) to work on /opt/airflow/dags/exercise15.py
[2023-07-05T13:57:34.077+0000] {processor.py:826} INFO - Processing file /opt/airflow/dags/exercise15.py for tasks to queue
[2023-07-05T13:57:34.078+0000] {logging_mixin.py:149} INFO - [2023-07-05T13:57:34.078+0000] {dagbag.py:541} INFO - Filling up the DagBag from /opt/airflow/dags/exercise15.py
[2023-07-05T13:57:34.094+0000] {processor.py:836} INFO - DAG(s) dict_keys(['exercise15']) retrieved from /opt/airflow/dags/exercise15.py
[2023-07-05T13:57:34.134+0000] {logging_mixin.py:149} INFO - [2023-07-05T13:57:34.134+0000] {dag.py:2726} INFO - Sync 1 DAGs
[2023-07-05T13:57:34.168+0000] {logging_mixin.py:149} INFO - [2023-07-05T13:57:34.168+0000] {dag.py:3490} INFO - Setting next_dagrun for exercise15 to None, run_after=None
[2023-07-05T13:57:34.192+0000] {processor.py:179} INFO - Processing /opt/airflow/dags/exercise15.py took 0.122 seconds
[2023-07-05T14:15:30.864+0000] {processor.py:157} INFO - Started process (PID=39) to work on /opt/airflow/dags/exercise15.py
[2023-07-05T14:15:30.869+0000] {processor.py:826} INFO - Processing file /opt/airflow/dags/exercise15.py for tasks to queue
[2023-07-05T14:15:30.893+0000] {logging_mixin.py:149} INFO - [2023-07-05T14:15:30.892+0000] {dagbag.py:541} INFO - Filling up the DagBag from /opt/airflow/dags/exercise15.py
[2023-07-05T14:15:31.013+0000] {processor.py:836} INFO - DAG(s) dict_keys(['exercise15']) retrieved from /opt/airflow/dags/exercise15.py
[2023-07-05T14:15:31.589+0000] {logging_mixin.py:149} INFO - [2023-07-05T14:15:31.588+0000] {dag.py:2726} INFO - Sync 1 DAGs
[2023-07-05T14:15:31.632+0000] {logging_mixin.py:149} INFO - [2023-07-05T14:15:31.632+0000] {dag.py:3490} INFO - Setting next_dagrun for exercise15 to None, run_after=None
[2023-07-05T14:15:31.683+0000] {processor.py:179} INFO - Processing /opt/airflow/dags/exercise15.py took 0.855 seconds
[2023-07-05T14:16:01.968+0000] {processor.py:157} INFO - Started process (PID=55) to work on /opt/airflow/dags/exercise15.py
[2023-07-05T14:16:01.986+0000] {processor.py:826} INFO - Processing file /opt/airflow/dags/exercise15.py for tasks to queue
[2023-07-05T14:16:02.017+0000] {logging_mixin.py:149} INFO - [2023-07-05T14:16:02.017+0000] {dagbag.py:541} INFO - Filling up the DagBag from /opt/airflow/dags/exercise15.py
[2023-07-05T14:16:02.051+0000] {processor.py:836} INFO - DAG(s) dict_keys(['exercise15']) retrieved from /opt/airflow/dags/exercise15.py
[2023-07-05T14:16:02.136+0000] {logging_mixin.py:149} INFO - [2023-07-05T14:16:02.136+0000] {dag.py:2726} INFO - Sync 1 DAGs
[2023-07-05T14:16:02.187+0000] {logging_mixin.py:149} INFO - [2023-07-05T14:16:02.187+0000] {dag.py:3490} INFO - Setting next_dagrun for exercise15 to None, run_after=None
[2023-07-05T14:16:02.231+0000] {processor.py:179} INFO - Processing /opt/airflow/dags/exercise15.py took 0.277 seconds
[2023-07-05T14:16:33.734+0000] {processor.py:157} INFO - Started process (PID=71) to work on /opt/airflow/dags/exercise15.py
[2023-07-05T14:16:33.740+0000] {processor.py:826} INFO - Processing file /opt/airflow/dags/exercise15.py for tasks to queue
[2023-07-05T14:16:33.751+0000] {logging_mixin.py:149} INFO - [2023-07-05T14:16:33.750+0000] {dagbag.py:541} INFO - Filling up the DagBag from /opt/airflow/dags/exercise15.py
[2023-07-05T14:16:33.806+0000] {processor.py:836} INFO - DAG(s) dict_keys(['exercise15']) retrieved from /opt/airflow/dags/exercise15.py
[2023-07-05T14:16:33.907+0000] {logging_mixin.py:149} INFO - [2023-07-05T14:16:33.905+0000] {dag.py:2726} INFO - Sync 1 DAGs
[2023-07-05T14:16:33.991+0000] {logging_mixin.py:149} INFO - [2023-07-05T14:16:33.991+0000] {dag.py:3490} INFO - Setting next_dagrun for exercise15 to None, run_after=None
[2023-07-05T14:16:34.043+0000] {processor.py:179} INFO - Processing /opt/airflow/dags/exercise15.py took 0.318 seconds
[2023-07-05T14:17:04.645+0000] {processor.py:157} INFO - Started process (PID=87) to work on /opt/airflow/dags/exercise15.py
[2023-07-05T14:17:04.648+0000] {processor.py:826} INFO - Processing file /opt/airflow/dags/exercise15.py for tasks to queue
[2023-07-05T14:17:04.652+0000] {logging_mixin.py:149} INFO - [2023-07-05T14:17:04.651+0000] {dagbag.py:541} INFO - Filling up the DagBag from /opt/airflow/dags/exercise15.py
[2023-07-05T14:17:04.670+0000] {processor.py:836} INFO - DAG(s) dict_keys(['exercise15']) retrieved from /opt/airflow/dags/exercise15.py
[2023-07-05T14:17:04.713+0000] {logging_mixin.py:149} INFO - [2023-07-05T14:17:04.712+0000] {dag.py:2726} INFO - Sync 1 DAGs
[2023-07-05T14:17:04.746+0000] {logging_mixin.py:149} INFO - [2023-07-05T14:17:04.746+0000] {dag.py:3490} INFO - Setting next_dagrun for exercise15 to None, run_after=None
[2023-07-05T14:17:04.774+0000] {processor.py:179} INFO - Processing /opt/airflow/dags/exercise15.py took 0.139 seconds
