[2023-07-05T13:44:00.968+0000] {processor.py:157} INFO - Started process (PID=41) to work on /opt/airflow/dags/hello.py
[2023-07-05T13:44:01.021+0000] {processor.py:826} INFO - Processing file /opt/airflow/dags/hello.py for tasks to queue
[2023-07-05T13:44:01.034+0000] {logging_mixin.py:149} INFO - [2023-07-05T13:44:01.033+0000] {dagbag.py:541} INFO - Filling up the DagBag from /opt/airflow/dags/hello.py
[2023-07-05T13:44:01.276+0000] {processor.py:836} INFO - DAG(s) dict_keys(['hello_dag']) retrieved from /opt/airflow/dags/hello.py
[2023-07-05T13:44:04.394+0000] {logging_mixin.py:149} INFO - [2023-07-05T13:44:04.374+0000] {manager.py:504} INFO - Created Permission View: can read on DAG:hello_dag
[2023-07-05T13:44:04.518+0000] {logging_mixin.py:149} INFO - [2023-07-05T13:44:04.517+0000] {manager.py:504} INFO - Created Permission View: can edit on DAG:hello_dag
[2023-07-05T13:44:04.586+0000] {logging_mixin.py:149} INFO - [2023-07-05T13:44:04.586+0000] {manager.py:504} INFO - Created Permission View: can delete on DAG:hello_dag
[2023-07-05T13:44:04.862+0000] {logging_mixin.py:149} INFO - [2023-07-05T13:44:04.862+0000] {dag.py:2726} INFO - Sync 1 DAGs
[2023-07-05T13:44:04.972+0000] {logging_mixin.py:149} INFO - [2023-07-05T13:44:04.972+0000] {dag.py:2747} INFO - Creating ORM DAG for hello_dag
[2023-07-05T13:44:05.083+0000] {logging_mixin.py:149} INFO - [2023-07-05T13:44:05.083+0000] {dag.py:3490} INFO - Setting next_dagrun for hello_dag to None, run_after=None
[2023-07-05T13:44:05.257+0000] {processor.py:179} INFO - Processing /opt/airflow/dags/hello.py took 4.478 seconds
[2023-07-05T13:44:43.603+0000] {processor.py:157} INFO - Started process (PID=59) to work on /opt/airflow/dags/hello.py
[2023-07-05T13:44:43.616+0000] {processor.py:826} INFO - Processing file /opt/airflow/dags/hello.py for tasks to queue
[2023-07-05T13:44:43.634+0000] {logging_mixin.py:149} INFO - [2023-07-05T13:44:43.634+0000] {dagbag.py:541} INFO - Filling up the DagBag from /opt/airflow/dags/hello.py
[2023-07-05T13:44:43.741+0000] {processor.py:836} INFO - DAG(s) dict_keys(['hello_dag']) retrieved from /opt/airflow/dags/hello.py
[2023-07-05T13:44:43.980+0000] {logging_mixin.py:149} INFO - [2023-07-05T13:44:43.979+0000] {dag.py:2726} INFO - Sync 1 DAGs
[2023-07-05T13:44:44.483+0000] {logging_mixin.py:149} INFO - [2023-07-05T13:44:44.483+0000] {dag.py:3490} INFO - Setting next_dagrun for hello_dag to None, run_after=None
[2023-07-05T13:44:44.671+0000] {processor.py:179} INFO - Processing /opt/airflow/dags/hello.py took 1.090 seconds
[2023-07-05T13:45:15.523+0000] {processor.py:157} INFO - Started process (PID=75) to work on /opt/airflow/dags/hello.py
[2023-07-05T13:45:15.532+0000] {processor.py:826} INFO - Processing file /opt/airflow/dags/hello.py for tasks to queue
[2023-07-05T13:45:15.555+0000] {logging_mixin.py:149} INFO - [2023-07-05T13:45:15.555+0000] {dagbag.py:541} INFO - Filling up the DagBag from /opt/airflow/dags/hello.py
[2023-07-05T13:45:15.773+0000] {processor.py:836} INFO - DAG(s) dict_keys(['hello_dag']) retrieved from /opt/airflow/dags/hello.py
[2023-07-05T13:45:16.509+0000] {logging_mixin.py:149} INFO - [2023-07-05T13:45:16.508+0000] {dag.py:2726} INFO - Sync 1 DAGs
[2023-07-05T13:45:16.628+0000] {logging_mixin.py:149} INFO - [2023-07-05T13:45:16.627+0000] {dag.py:3490} INFO - Setting next_dagrun for hello_dag to None, run_after=None
[2023-07-05T13:45:17.490+0000] {processor.py:179} INFO - Processing /opt/airflow/dags/hello.py took 1.904 seconds
[2023-07-05T13:45:48.220+0000] {processor.py:157} INFO - Started process (PID=92) to work on /opt/airflow/dags/hello.py
[2023-07-05T13:45:48.234+0000] {processor.py:826} INFO - Processing file /opt/airflow/dags/hello.py for tasks to queue
[2023-07-05T13:45:48.272+0000] {logging_mixin.py:149} INFO - [2023-07-05T13:45:48.264+0000] {dagbag.py:541} INFO - Filling up the DagBag from /opt/airflow/dags/hello.py
[2023-07-05T13:45:48.569+0000] {processor.py:836} INFO - DAG(s) dict_keys(['hello_dag']) retrieved from /opt/airflow/dags/hello.py
[2023-07-05T13:45:48.831+0000] {logging_mixin.py:149} INFO - [2023-07-05T13:45:48.829+0000] {dag.py:2726} INFO - Sync 1 DAGs
[2023-07-05T13:45:49.488+0000] {logging_mixin.py:149} INFO - [2023-07-05T13:45:49.487+0000] {dag.py:3490} INFO - Setting next_dagrun for hello_dag to None, run_after=None
[2023-07-05T13:45:49.611+0000] {processor.py:179} INFO - Processing /opt/airflow/dags/hello.py took 1.404 seconds
[2023-07-05T13:46:19.922+0000] {processor.py:157} INFO - Started process (PID=109) to work on /opt/airflow/dags/hello.py
[2023-07-05T13:46:19.926+0000] {processor.py:826} INFO - Processing file /opt/airflow/dags/hello.py for tasks to queue
[2023-07-05T13:46:19.932+0000] {logging_mixin.py:149} INFO - [2023-07-05T13:46:19.931+0000] {dagbag.py:541} INFO - Filling up the DagBag from /opt/airflow/dags/hello.py
[2023-07-05T13:46:19.956+0000] {processor.py:836} INFO - DAG(s) dict_keys(['hello_dag']) retrieved from /opt/airflow/dags/hello.py
[2023-07-05T13:46:20.024+0000] {logging_mixin.py:149} INFO - [2023-07-05T13:46:20.023+0000] {dag.py:2726} INFO - Sync 1 DAGs
[2023-07-05T13:46:20.080+0000] {logging_mixin.py:149} INFO - [2023-07-05T13:46:20.079+0000] {dag.py:3490} INFO - Setting next_dagrun for hello_dag to None, run_after=None
[2023-07-05T13:46:20.111+0000] {processor.py:179} INFO - Processing /opt/airflow/dags/hello.py took 0.199 seconds
[2023-07-05T13:46:50.193+0000] {processor.py:157} INFO - Started process (PID=126) to work on /opt/airflow/dags/hello.py
[2023-07-05T13:46:50.196+0000] {processor.py:826} INFO - Processing file /opt/airflow/dags/hello.py for tasks to queue
[2023-07-05T13:46:50.200+0000] {logging_mixin.py:149} INFO - [2023-07-05T13:46:50.200+0000] {dagbag.py:541} INFO - Filling up the DagBag from /opt/airflow/dags/hello.py
[2023-07-05T13:46:50.220+0000] {processor.py:836} INFO - DAG(s) dict_keys(['hello_dag']) retrieved from /opt/airflow/dags/hello.py
[2023-07-05T13:46:50.282+0000] {logging_mixin.py:149} INFO - [2023-07-05T13:46:50.282+0000] {dag.py:2726} INFO - Sync 1 DAGs
[2023-07-05T13:46:50.332+0000] {logging_mixin.py:149} INFO - [2023-07-05T13:46:50.331+0000] {dag.py:3490} INFO - Setting next_dagrun for hello_dag to None, run_after=None
[2023-07-05T13:46:50.367+0000] {processor.py:179} INFO - Processing /opt/airflow/dags/hello.py took 0.180 seconds
[2023-07-05T13:47:20.434+0000] {processor.py:157} INFO - Started process (PID=143) to work on /opt/airflow/dags/hello.py
[2023-07-05T13:47:20.441+0000] {processor.py:826} INFO - Processing file /opt/airflow/dags/hello.py for tasks to queue
[2023-07-05T13:47:20.446+0000] {logging_mixin.py:149} INFO - [2023-07-05T13:47:20.446+0000] {dagbag.py:541} INFO - Filling up the DagBag from /opt/airflow/dags/hello.py
[2023-07-05T13:47:20.467+0000] {processor.py:836} INFO - DAG(s) dict_keys(['hello_dag']) retrieved from /opt/airflow/dags/hello.py
[2023-07-05T13:47:20.532+0000] {logging_mixin.py:149} INFO - [2023-07-05T13:47:20.531+0000] {dag.py:2726} INFO - Sync 1 DAGs
[2023-07-05T13:47:20.576+0000] {logging_mixin.py:149} INFO - [2023-07-05T13:47:20.576+0000] {dag.py:3490} INFO - Setting next_dagrun for hello_dag to None, run_after=None
[2023-07-05T13:47:20.632+0000] {processor.py:179} INFO - Processing /opt/airflow/dags/hello.py took 0.204 seconds
[2023-07-05T13:47:50.962+0000] {processor.py:157} INFO - Started process (PID=160) to work on /opt/airflow/dags/hello.py
[2023-07-05T13:47:50.965+0000] {processor.py:826} INFO - Processing file /opt/airflow/dags/hello.py for tasks to queue
[2023-07-05T13:47:50.970+0000] {logging_mixin.py:149} INFO - [2023-07-05T13:47:50.969+0000] {dagbag.py:541} INFO - Filling up the DagBag from /opt/airflow/dags/hello.py
[2023-07-05T13:47:50.990+0000] {processor.py:836} INFO - DAG(s) dict_keys(['hello_dag']) retrieved from /opt/airflow/dags/hello.py
[2023-07-05T13:47:51.044+0000] {logging_mixin.py:149} INFO - [2023-07-05T13:47:51.043+0000] {dag.py:2726} INFO - Sync 1 DAGs
[2023-07-05T13:47:51.100+0000] {logging_mixin.py:149} INFO - [2023-07-05T13:47:51.099+0000] {dag.py:3490} INFO - Setting next_dagrun for hello_dag to None, run_after=None
[2023-07-05T13:47:51.154+0000] {processor.py:179} INFO - Processing /opt/airflow/dags/hello.py took 0.199 seconds
[2023-07-05T13:48:21.266+0000] {processor.py:157} INFO - Started process (PID=177) to work on /opt/airflow/dags/hello.py
[2023-07-05T13:48:21.272+0000] {processor.py:826} INFO - Processing file /opt/airflow/dags/hello.py for tasks to queue
[2023-07-05T13:48:21.276+0000] {logging_mixin.py:149} INFO - [2023-07-05T13:48:21.275+0000] {dagbag.py:541} INFO - Filling up the DagBag from /opt/airflow/dags/hello.py
[2023-07-05T13:48:21.291+0000] {processor.py:836} INFO - DAG(s) dict_keys(['hello_dag']) retrieved from /opt/airflow/dags/hello.py
[2023-07-05T13:48:21.341+0000] {logging_mixin.py:149} INFO - [2023-07-05T13:48:21.340+0000] {dag.py:2726} INFO - Sync 1 DAGs
[2023-07-05T13:48:21.381+0000] {logging_mixin.py:149} INFO - [2023-07-05T13:48:21.381+0000] {dag.py:3490} INFO - Setting next_dagrun for hello_dag to None, run_after=None
[2023-07-05T13:48:21.407+0000] {processor.py:179} INFO - Processing /opt/airflow/dags/hello.py took 0.147 seconds
[2023-07-05T13:48:51.605+0000] {processor.py:157} INFO - Started process (PID=194) to work on /opt/airflow/dags/hello.py
[2023-07-05T13:48:51.616+0000] {processor.py:826} INFO - Processing file /opt/airflow/dags/hello.py for tasks to queue
[2023-07-05T13:48:51.626+0000] {logging_mixin.py:149} INFO - [2023-07-05T13:48:51.625+0000] {dagbag.py:541} INFO - Filling up the DagBag from /opt/airflow/dags/hello.py
[2023-07-05T13:48:51.669+0000] {processor.py:836} INFO - DAG(s) dict_keys(['hello_dag']) retrieved from /opt/airflow/dags/hello.py
[2023-07-05T13:48:51.815+0000] {logging_mixin.py:149} INFO - [2023-07-05T13:48:51.815+0000] {dag.py:2726} INFO - Sync 1 DAGs
[2023-07-05T13:48:51.912+0000] {logging_mixin.py:149} INFO - [2023-07-05T13:48:51.911+0000] {dag.py:3490} INFO - Setting next_dagrun for hello_dag to None, run_after=None
[2023-07-05T13:48:51.984+0000] {processor.py:179} INFO - Processing /opt/airflow/dags/hello.py took 0.395 seconds
[2023-07-05T13:49:22.844+0000] {processor.py:157} INFO - Started process (PID=211) to work on /opt/airflow/dags/hello.py
[2023-07-05T13:49:22.852+0000] {processor.py:826} INFO - Processing file /opt/airflow/dags/hello.py for tasks to queue
[2023-07-05T13:49:22.860+0000] {logging_mixin.py:149} INFO - [2023-07-05T13:49:22.860+0000] {dagbag.py:541} INFO - Filling up the DagBag from /opt/airflow/dags/hello.py
[2023-07-05T13:49:22.884+0000] {processor.py:836} INFO - DAG(s) dict_keys(['hello_dag']) retrieved from /opt/airflow/dags/hello.py
[2023-07-05T13:49:22.954+0000] {logging_mixin.py:149} INFO - [2023-07-05T13:49:22.953+0000] {dag.py:2726} INFO - Sync 1 DAGs
[2023-07-05T13:49:23.000+0000] {logging_mixin.py:149} INFO - [2023-07-05T13:49:23.000+0000] {dag.py:3490} INFO - Setting next_dagrun for hello_dag to None, run_after=None
[2023-07-05T13:49:23.031+0000] {processor.py:179} INFO - Processing /opt/airflow/dags/hello.py took 0.196 seconds
[2023-07-05T13:49:53.436+0000] {processor.py:157} INFO - Started process (PID=227) to work on /opt/airflow/dags/hello.py
[2023-07-05T13:49:53.439+0000] {processor.py:826} INFO - Processing file /opt/airflow/dags/hello.py for tasks to queue
[2023-07-05T13:49:53.445+0000] {logging_mixin.py:149} INFO - [2023-07-05T13:49:53.445+0000] {dagbag.py:541} INFO - Filling up the DagBag from /opt/airflow/dags/hello.py
[2023-07-05T13:49:53.465+0000] {processor.py:836} INFO - DAG(s) dict_keys(['hello_dag']) retrieved from /opt/airflow/dags/hello.py
[2023-07-05T13:49:53.523+0000] {logging_mixin.py:149} INFO - [2023-07-05T13:49:53.523+0000] {dag.py:2726} INFO - Sync 1 DAGs
[2023-07-05T13:49:53.561+0000] {logging_mixin.py:149} INFO - [2023-07-05T13:49:53.560+0000] {dag.py:3490} INFO - Setting next_dagrun for hello_dag to None, run_after=None
[2023-07-05T13:49:53.586+0000] {processor.py:179} INFO - Processing /opt/airflow/dags/hello.py took 0.157 seconds
[2023-07-05T13:50:23.858+0000] {processor.py:157} INFO - Started process (PID=244) to work on /opt/airflow/dags/hello.py
[2023-07-05T13:50:23.862+0000] {processor.py:826} INFO - Processing file /opt/airflow/dags/hello.py for tasks to queue
[2023-07-05T13:50:23.871+0000] {logging_mixin.py:149} INFO - [2023-07-05T13:50:23.871+0000] {dagbag.py:541} INFO - Filling up the DagBag from /opt/airflow/dags/hello.py
[2023-07-05T13:50:23.905+0000] {processor.py:836} INFO - DAG(s) dict_keys(['hello_dag']) retrieved from /opt/airflow/dags/hello.py
[2023-07-05T13:50:23.978+0000] {logging_mixin.py:149} INFO - [2023-07-05T13:50:23.977+0000] {dag.py:2726} INFO - Sync 1 DAGs
[2023-07-05T13:50:24.029+0000] {logging_mixin.py:149} INFO - [2023-07-05T13:50:24.029+0000] {dag.py:3490} INFO - Setting next_dagrun for hello_dag to None, run_after=None
[2023-07-05T13:50:24.068+0000] {processor.py:179} INFO - Processing /opt/airflow/dags/hello.py took 0.220 seconds
[2023-07-05T13:50:54.313+0000] {processor.py:157} INFO - Started process (PID=261) to work on /opt/airflow/dags/hello.py
[2023-07-05T13:50:54.316+0000] {processor.py:826} INFO - Processing file /opt/airflow/dags/hello.py for tasks to queue
[2023-07-05T13:50:54.321+0000] {logging_mixin.py:149} INFO - [2023-07-05T13:50:54.320+0000] {dagbag.py:541} INFO - Filling up the DagBag from /opt/airflow/dags/hello.py
[2023-07-05T13:50:54.348+0000] {processor.py:836} INFO - DAG(s) dict_keys(['hello_dag']) retrieved from /opt/airflow/dags/hello.py
[2023-07-05T13:50:54.397+0000] {logging_mixin.py:149} INFO - [2023-07-05T13:50:54.396+0000] {dag.py:2726} INFO - Sync 1 DAGs
[2023-07-05T13:50:54.435+0000] {logging_mixin.py:149} INFO - [2023-07-05T13:50:54.435+0000] {dag.py:3490} INFO - Setting next_dagrun for hello_dag to None, run_after=None
[2023-07-05T13:50:54.466+0000] {processor.py:179} INFO - Processing /opt/airflow/dags/hello.py took 0.159 seconds
[2023-07-05T13:51:25.270+0000] {processor.py:157} INFO - Started process (PID=278) to work on /opt/airflow/dags/hello.py
[2023-07-05T13:51:25.276+0000] {processor.py:826} INFO - Processing file /opt/airflow/dags/hello.py for tasks to queue
[2023-07-05T13:51:25.282+0000] {logging_mixin.py:149} INFO - [2023-07-05T13:51:25.282+0000] {dagbag.py:541} INFO - Filling up the DagBag from /opt/airflow/dags/hello.py
[2023-07-05T13:51:25.304+0000] {processor.py:836} INFO - DAG(s) dict_keys(['hello_dag']) retrieved from /opt/airflow/dags/hello.py
[2023-07-05T13:51:25.359+0000] {logging_mixin.py:149} INFO - [2023-07-05T13:51:25.359+0000] {dag.py:2726} INFO - Sync 1 DAGs
[2023-07-05T13:51:25.399+0000] {logging_mixin.py:149} INFO - [2023-07-05T13:51:25.398+0000] {dag.py:3490} INFO - Setting next_dagrun for hello_dag to None, run_after=None
[2023-07-05T13:51:25.424+0000] {processor.py:179} INFO - Processing /opt/airflow/dags/hello.py took 0.160 seconds
[2023-07-05T13:51:55.704+0000] {processor.py:157} INFO - Started process (PID=295) to work on /opt/airflow/dags/hello.py
[2023-07-05T13:51:55.708+0000] {processor.py:826} INFO - Processing file /opt/airflow/dags/hello.py for tasks to queue
[2023-07-05T13:51:55.713+0000] {logging_mixin.py:149} INFO - [2023-07-05T13:51:55.712+0000] {dagbag.py:541} INFO - Filling up the DagBag from /opt/airflow/dags/hello.py
[2023-07-05T13:51:55.730+0000] {processor.py:836} INFO - DAG(s) dict_keys(['hello_dag']) retrieved from /opt/airflow/dags/hello.py
[2023-07-05T13:51:55.774+0000] {logging_mixin.py:149} INFO - [2023-07-05T13:51:55.774+0000] {dag.py:2726} INFO - Sync 1 DAGs
[2023-07-05T13:51:55.824+0000] {logging_mixin.py:149} INFO - [2023-07-05T13:51:55.824+0000] {dag.py:3490} INFO - Setting next_dagrun for hello_dag to None, run_after=None
[2023-07-05T13:51:55.861+0000] {processor.py:179} INFO - Processing /opt/airflow/dags/hello.py took 0.162 seconds
[2023-07-05T13:52:26.021+0000] {processor.py:157} INFO - Started process (PID=312) to work on /opt/airflow/dags/hello.py
[2023-07-05T13:52:26.026+0000] {processor.py:826} INFO - Processing file /opt/airflow/dags/hello.py for tasks to queue
[2023-07-05T13:52:26.031+0000] {logging_mixin.py:149} INFO - [2023-07-05T13:52:26.031+0000] {dagbag.py:541} INFO - Filling up the DagBag from /opt/airflow/dags/hello.py
[2023-07-05T13:52:26.056+0000] {processor.py:836} INFO - DAG(s) dict_keys(['hello_dag']) retrieved from /opt/airflow/dags/hello.py
[2023-07-05T13:52:26.139+0000] {logging_mixin.py:149} INFO - [2023-07-05T13:52:26.138+0000] {dag.py:2726} INFO - Sync 1 DAGs
[2023-07-05T13:52:26.194+0000] {logging_mixin.py:149} INFO - [2023-07-05T13:52:26.194+0000] {dag.py:3490} INFO - Setting next_dagrun for hello_dag to None, run_after=None
[2023-07-05T13:52:26.231+0000] {processor.py:179} INFO - Processing /opt/airflow/dags/hello.py took 0.219 seconds
[2023-07-05T13:52:56.309+0000] {processor.py:157} INFO - Started process (PID=329) to work on /opt/airflow/dags/hello.py
[2023-07-05T13:52:56.312+0000] {processor.py:826} INFO - Processing file /opt/airflow/dags/hello.py for tasks to queue
[2023-07-05T13:52:56.317+0000] {logging_mixin.py:149} INFO - [2023-07-05T13:52:56.317+0000] {dagbag.py:541} INFO - Filling up the DagBag from /opt/airflow/dags/hello.py
[2023-07-05T13:52:56.330+0000] {processor.py:836} INFO - DAG(s) dict_keys(['hello_dag']) retrieved from /opt/airflow/dags/hello.py
[2023-07-05T13:52:56.372+0000] {logging_mixin.py:149} INFO - [2023-07-05T13:52:56.372+0000] {dag.py:2726} INFO - Sync 1 DAGs
[2023-07-05T13:52:56.407+0000] {logging_mixin.py:149} INFO - [2023-07-05T13:52:56.406+0000] {dag.py:3490} INFO - Setting next_dagrun for hello_dag to None, run_after=None
[2023-07-05T13:52:56.433+0000] {processor.py:179} INFO - Processing /opt/airflow/dags/hello.py took 0.129 seconds
[2023-07-05T13:53:27.250+0000] {processor.py:157} INFO - Started process (PID=346) to work on /opt/airflow/dags/hello.py
[2023-07-05T13:53:27.255+0000] {processor.py:826} INFO - Processing file /opt/airflow/dags/hello.py for tasks to queue
[2023-07-05T13:53:27.259+0000] {logging_mixin.py:149} INFO - [2023-07-05T13:53:27.259+0000] {dagbag.py:541} INFO - Filling up the DagBag from /opt/airflow/dags/hello.py
[2023-07-05T13:53:27.278+0000] {processor.py:836} INFO - DAG(s) dict_keys(['hello_dag']) retrieved from /opt/airflow/dags/hello.py
[2023-07-05T13:53:27.337+0000] {logging_mixin.py:149} INFO - [2023-07-05T13:53:27.337+0000] {dag.py:2726} INFO - Sync 1 DAGs
[2023-07-05T13:53:27.371+0000] {logging_mixin.py:149} INFO - [2023-07-05T13:53:27.371+0000] {dag.py:3490} INFO - Setting next_dagrun for hello_dag to None, run_after=None
[2023-07-05T13:53:27.395+0000] {processor.py:179} INFO - Processing /opt/airflow/dags/hello.py took 0.157 seconds
[2023-07-05T13:53:57.505+0000] {processor.py:157} INFO - Started process (PID=363) to work on /opt/airflow/dags/hello.py
[2023-07-05T13:53:57.508+0000] {processor.py:826} INFO - Processing file /opt/airflow/dags/hello.py for tasks to queue
[2023-07-05T13:53:57.514+0000] {logging_mixin.py:149} INFO - [2023-07-05T13:53:57.513+0000] {dagbag.py:541} INFO - Filling up the DagBag from /opt/airflow/dags/hello.py
[2023-07-05T13:53:57.532+0000] {processor.py:836} INFO - DAG(s) dict_keys(['hello_dag']) retrieved from /opt/airflow/dags/hello.py
[2023-07-05T13:53:57.585+0000] {logging_mixin.py:149} INFO - [2023-07-05T13:53:57.585+0000] {dag.py:2726} INFO - Sync 1 DAGs
[2023-07-05T13:53:57.629+0000] {logging_mixin.py:149} INFO - [2023-07-05T13:53:57.629+0000] {dag.py:3490} INFO - Setting next_dagrun for hello_dag to None, run_after=None
[2023-07-05T13:53:57.663+0000] {processor.py:179} INFO - Processing /opt/airflow/dags/hello.py took 0.165 seconds
[2023-07-05T13:54:27.827+0000] {processor.py:157} INFO - Started process (PID=380) to work on /opt/airflow/dags/hello.py
[2023-07-05T13:54:27.832+0000] {processor.py:826} INFO - Processing file /opt/airflow/dags/hello.py for tasks to queue
[2023-07-05T13:54:27.838+0000] {logging_mixin.py:149} INFO - [2023-07-05T13:54:27.838+0000] {dagbag.py:541} INFO - Filling up the DagBag from /opt/airflow/dags/hello.py
[2023-07-05T13:54:27.855+0000] {processor.py:836} INFO - DAG(s) dict_keys(['hello_dag']) retrieved from /opt/airflow/dags/hello.py
[2023-07-05T13:54:27.898+0000] {logging_mixin.py:149} INFO - [2023-07-05T13:54:27.898+0000] {dag.py:2726} INFO - Sync 1 DAGs
[2023-07-05T13:54:27.934+0000] {logging_mixin.py:149} INFO - [2023-07-05T13:54:27.934+0000] {dag.py:3490} INFO - Setting next_dagrun for hello_dag to None, run_after=None
[2023-07-05T13:54:27.962+0000] {processor.py:179} INFO - Processing /opt/airflow/dags/hello.py took 0.141 seconds
[2023-07-05T13:54:58.809+0000] {processor.py:157} INFO - Started process (PID=397) to work on /opt/airflow/dags/hello.py
[2023-07-05T13:54:58.812+0000] {processor.py:826} INFO - Processing file /opt/airflow/dags/hello.py for tasks to queue
[2023-07-05T13:54:58.818+0000] {logging_mixin.py:149} INFO - [2023-07-05T13:54:58.818+0000] {dagbag.py:541} INFO - Filling up the DagBag from /opt/airflow/dags/hello.py
[2023-07-05T13:54:58.836+0000] {processor.py:836} INFO - DAG(s) dict_keys(['hello_dag']) retrieved from /opt/airflow/dags/hello.py
[2023-07-05T13:54:58.882+0000] {logging_mixin.py:149} INFO - [2023-07-05T13:54:58.881+0000] {dag.py:2726} INFO - Sync 1 DAGs
[2023-07-05T13:54:58.924+0000] {logging_mixin.py:149} INFO - [2023-07-05T13:54:58.924+0000] {dag.py:3490} INFO - Setting next_dagrun for hello_dag to None, run_after=None
[2023-07-05T13:54:58.952+0000] {processor.py:179} INFO - Processing /opt/airflow/dags/hello.py took 0.148 seconds
[2023-07-05T13:55:29.012+0000] {processor.py:157} INFO - Started process (PID=416) to work on /opt/airflow/dags/hello.py
[2023-07-05T13:55:29.016+0000] {processor.py:826} INFO - Processing file /opt/airflow/dags/hello.py for tasks to queue
[2023-07-05T13:55:29.022+0000] {logging_mixin.py:149} INFO - [2023-07-05T13:55:29.022+0000] {dagbag.py:541} INFO - Filling up the DagBag from /opt/airflow/dags/hello.py
[2023-07-05T13:55:29.046+0000] {processor.py:836} INFO - DAG(s) dict_keys(['hello_dag']) retrieved from /opt/airflow/dags/hello.py
[2023-07-05T13:55:29.109+0000] {logging_mixin.py:149} INFO - [2023-07-05T13:55:29.108+0000] {dag.py:2726} INFO - Sync 1 DAGs
[2023-07-05T13:55:29.153+0000] {logging_mixin.py:149} INFO - [2023-07-05T13:55:29.152+0000] {dag.py:3490} INFO - Setting next_dagrun for hello_dag to None, run_after=None
[2023-07-05T13:55:29.183+0000] {processor.py:179} INFO - Processing /opt/airflow/dags/hello.py took 0.178 seconds
[2023-07-05T13:55:59.414+0000] {processor.py:157} INFO - Started process (PID=434) to work on /opt/airflow/dags/hello.py
[2023-07-05T13:55:59.417+0000] {processor.py:826} INFO - Processing file /opt/airflow/dags/hello.py for tasks to queue
[2023-07-05T13:55:59.423+0000] {logging_mixin.py:149} INFO - [2023-07-05T13:55:59.422+0000] {dagbag.py:541} INFO - Filling up the DagBag from /opt/airflow/dags/hello.py
[2023-07-05T13:55:59.447+0000] {processor.py:836} INFO - DAG(s) dict_keys(['hello_dag']) retrieved from /opt/airflow/dags/hello.py
[2023-07-05T13:55:59.495+0000] {logging_mixin.py:149} INFO - [2023-07-05T13:55:59.494+0000] {dag.py:2726} INFO - Sync 1 DAGs
[2023-07-05T13:55:59.531+0000] {logging_mixin.py:149} INFO - [2023-07-05T13:55:59.531+0000] {dag.py:3490} INFO - Setting next_dagrun for hello_dag to None, run_after=None
[2023-07-05T13:55:59.568+0000] {processor.py:179} INFO - Processing /opt/airflow/dags/hello.py took 0.159 seconds
[2023-07-05T13:56:30.572+0000] {processor.py:157} INFO - Started process (PID=452) to work on /opt/airflow/dags/hello.py
[2023-07-05T13:56:30.577+0000] {processor.py:826} INFO - Processing file /opt/airflow/dags/hello.py for tasks to queue
[2023-07-05T13:56:30.580+0000] {logging_mixin.py:149} INFO - [2023-07-05T13:56:30.579+0000] {dagbag.py:541} INFO - Filling up the DagBag from /opt/airflow/dags/hello.py
[2023-07-05T13:56:30.599+0000] {processor.py:836} INFO - DAG(s) dict_keys(['hello_dag']) retrieved from /opt/airflow/dags/hello.py
[2023-07-05T13:56:30.651+0000] {logging_mixin.py:149} INFO - [2023-07-05T13:56:30.651+0000] {dag.py:2726} INFO - Sync 1 DAGs
[2023-07-05T13:56:30.688+0000] {logging_mixin.py:149} INFO - [2023-07-05T13:56:30.688+0000] {dag.py:3490} INFO - Setting next_dagrun for hello_dag to None, run_after=None
[2023-07-05T13:56:30.717+0000] {processor.py:179} INFO - Processing /opt/airflow/dags/hello.py took 0.152 seconds
[2023-07-05T13:57:01.745+0000] {processor.py:157} INFO - Started process (PID=469) to work on /opt/airflow/dags/hello.py
[2023-07-05T13:57:01.748+0000] {processor.py:826} INFO - Processing file /opt/airflow/dags/hello.py for tasks to queue
[2023-07-05T13:57:01.752+0000] {logging_mixin.py:149} INFO - [2023-07-05T13:57:01.752+0000] {dagbag.py:541} INFO - Filling up the DagBag from /opt/airflow/dags/hello.py
[2023-07-05T13:57:01.767+0000] {processor.py:836} INFO - DAG(s) dict_keys(['hello_dag']) retrieved from /opt/airflow/dags/hello.py
[2023-07-05T13:57:01.816+0000] {logging_mixin.py:149} INFO - [2023-07-05T13:57:01.816+0000] {dag.py:2726} INFO - Sync 1 DAGs
[2023-07-05T13:57:01.857+0000] {logging_mixin.py:149} INFO - [2023-07-05T13:57:01.857+0000] {dag.py:3490} INFO - Setting next_dagrun for hello_dag to None, run_after=None
[2023-07-05T13:57:01.893+0000] {processor.py:179} INFO - Processing /opt/airflow/dags/hello.py took 0.153 seconds
[2023-07-05T13:57:32.875+0000] {processor.py:157} INFO - Started process (PID=486) to work on /opt/airflow/dags/hello.py
[2023-07-05T13:57:32.879+0000] {processor.py:826} INFO - Processing file /opt/airflow/dags/hello.py for tasks to queue
[2023-07-05T13:57:32.881+0000] {logging_mixin.py:149} INFO - [2023-07-05T13:57:32.881+0000] {dagbag.py:541} INFO - Filling up the DagBag from /opt/airflow/dags/hello.py
[2023-07-05T13:57:32.899+0000] {processor.py:836} INFO - DAG(s) dict_keys(['hello_dag']) retrieved from /opt/airflow/dags/hello.py
[2023-07-05T13:57:32.942+0000] {logging_mixin.py:149} INFO - [2023-07-05T13:57:32.942+0000] {dag.py:2726} INFO - Sync 1 DAGs
[2023-07-05T13:57:32.977+0000] {logging_mixin.py:149} INFO - [2023-07-05T13:57:32.977+0000] {dag.py:3490} INFO - Setting next_dagrun for hello_dag to None, run_after=None
[2023-07-05T13:57:33.004+0000] {processor.py:179} INFO - Processing /opt/airflow/dags/hello.py took 0.135 seconds
[2023-07-05T14:15:28.366+0000] {processor.py:157} INFO - Started process (PID=36) to work on /opt/airflow/dags/hello.py
[2023-07-05T14:15:28.369+0000] {processor.py:826} INFO - Processing file /opt/airflow/dags/hello.py for tasks to queue
[2023-07-05T14:15:28.371+0000] {logging_mixin.py:149} INFO - [2023-07-05T14:15:28.371+0000] {dagbag.py:541} INFO - Filling up the DagBag from /opt/airflow/dags/hello.py
[2023-07-05T14:15:28.398+0000] {processor.py:836} INFO - DAG(s) dict_keys(['hello_dag']) retrieved from /opt/airflow/dags/hello.py
[2023-07-05T14:15:29.579+0000] {logging_mixin.py:149} INFO - [2023-07-05T14:15:29.579+0000] {dag.py:2726} INFO - Sync 1 DAGs
[2023-07-05T14:15:29.683+0000] {logging_mixin.py:149} INFO - [2023-07-05T14:15:29.682+0000] {dag.py:3490} INFO - Setting next_dagrun for hello_dag to None, run_after=None
[2023-07-05T14:15:29.737+0000] {processor.py:179} INFO - Processing /opt/airflow/dags/hello.py took 1.376 seconds
[2023-07-05T14:16:00.110+0000] {processor.py:157} INFO - Started process (PID=52) to work on /opt/airflow/dags/hello.py
[2023-07-05T14:16:00.113+0000] {processor.py:826} INFO - Processing file /opt/airflow/dags/hello.py for tasks to queue
[2023-07-05T14:16:00.117+0000] {logging_mixin.py:149} INFO - [2023-07-05T14:16:00.117+0000] {dagbag.py:541} INFO - Filling up the DagBag from /opt/airflow/dags/hello.py
[2023-07-05T14:16:00.133+0000] {processor.py:836} INFO - DAG(s) dict_keys(['hello_dag']) retrieved from /opt/airflow/dags/hello.py
[2023-07-05T14:16:00.182+0000] {logging_mixin.py:149} INFO - [2023-07-05T14:16:00.181+0000] {dag.py:2726} INFO - Sync 1 DAGs
[2023-07-05T14:16:00.219+0000] {logging_mixin.py:149} INFO - [2023-07-05T14:16:00.219+0000] {dag.py:3490} INFO - Setting next_dagrun for hello_dag to None, run_after=None
[2023-07-05T14:16:00.270+0000] {processor.py:179} INFO - Processing /opt/airflow/dags/hello.py took 0.165 seconds
[2023-07-05T14:16:32.077+0000] {processor.py:157} INFO - Started process (PID=68) to work on /opt/airflow/dags/hello.py
[2023-07-05T14:16:32.086+0000] {processor.py:826} INFO - Processing file /opt/airflow/dags/hello.py for tasks to queue
[2023-07-05T14:16:32.105+0000] {logging_mixin.py:149} INFO - [2023-07-05T14:16:32.103+0000] {dagbag.py:541} INFO - Filling up the DagBag from /opt/airflow/dags/hello.py
[2023-07-05T14:16:32.182+0000] {processor.py:836} INFO - DAG(s) dict_keys(['hello_dag']) retrieved from /opt/airflow/dags/hello.py
[2023-07-05T14:16:32.432+0000] {logging_mixin.py:149} INFO - [2023-07-05T14:16:32.430+0000] {dag.py:2726} INFO - Sync 1 DAGs
[2023-07-05T14:16:32.674+0000] {logging_mixin.py:149} INFO - [2023-07-05T14:16:32.674+0000] {dag.py:3490} INFO - Setting next_dagrun for hello_dag to None, run_after=None
[2023-07-05T14:16:32.881+0000] {processor.py:179} INFO - Processing /opt/airflow/dags/hello.py took 0.814 seconds
[2023-07-05T14:17:03.325+0000] {processor.py:157} INFO - Started process (PID=84) to work on /opt/airflow/dags/hello.py
[2023-07-05T14:17:03.330+0000] {processor.py:826} INFO - Processing file /opt/airflow/dags/hello.py for tasks to queue
[2023-07-05T14:17:03.346+0000] {logging_mixin.py:149} INFO - [2023-07-05T14:17:03.341+0000] {dagbag.py:541} INFO - Filling up the DagBag from /opt/airflow/dags/hello.py
[2023-07-05T14:17:03.374+0000] {processor.py:836} INFO - DAG(s) dict_keys(['hello_dag']) retrieved from /opt/airflow/dags/hello.py
[2023-07-05T14:17:03.437+0000] {logging_mixin.py:149} INFO - [2023-07-05T14:17:03.436+0000] {dag.py:2726} INFO - Sync 1 DAGs
[2023-07-05T14:17:03.487+0000] {logging_mixin.py:149} INFO - [2023-07-05T14:17:03.486+0000] {dag.py:3490} INFO - Setting next_dagrun for hello_dag to None, run_after=None
[2023-07-05T14:17:03.540+0000] {processor.py:179} INFO - Processing /opt/airflow/dags/hello.py took 0.220 seconds
