[2023-07-05T13:43:55.240+0000] {processor.py:157} INFO - Started process (PID=31) to work on /opt/airflow/dags/hello_with_passing_data_dag.py
[2023-07-05T13:43:55.251+0000] {processor.py:826} INFO - Processing file /opt/airflow/dags/hello_with_passing_data_dag.py for tasks to queue
[2023-07-05T13:43:55.256+0000] {logging_mixin.py:149} INFO - [2023-07-05T13:43:55.255+0000] {dagbag.py:541} INFO - Filling up the DagBag from /opt/airflow/dags/hello_with_passing_data_dag.py
[2023-07-05T13:43:55.496+0000] {processor.py:836} INFO - DAG(s) dict_keys(['hello_with_passing_data_dag']) retrieved from /opt/airflow/dags/hello_with_passing_data_dag.py
[2023-07-05T13:43:56.749+0000] {logging_mixin.py:149} INFO - [2023-07-05T13:43:56.749+0000] {manager.py:504} INFO - Created Permission View: can read on DAG:hello_with_passing_data_dag
[2023-07-05T13:43:56.825+0000] {logging_mixin.py:149} INFO - [2023-07-05T13:43:56.825+0000] {manager.py:504} INFO - Created Permission View: can edit on DAG:hello_with_passing_data_dag
[2023-07-05T13:43:56.872+0000] {logging_mixin.py:149} INFO - [2023-07-05T13:43:56.871+0000] {manager.py:504} INFO - Created Permission View: can delete on DAG:hello_with_passing_data_dag
[2023-07-05T13:43:56.933+0000] {logging_mixin.py:149} INFO - [2023-07-05T13:43:56.933+0000] {dag.py:2726} INFO - Sync 1 DAGs
[2023-07-05T13:43:57.011+0000] {logging_mixin.py:149} INFO - [2023-07-05T13:43:57.011+0000] {dag.py:2747} INFO - Creating ORM DAG for hello_with_passing_data_dag
[2023-07-05T13:43:57.063+0000] {logging_mixin.py:149} INFO - [2023-07-05T13:43:57.062+0000] {dag.py:3490} INFO - Setting next_dagrun for hello_with_passing_data_dag to None, run_after=None
[2023-07-05T13:43:57.158+0000] {processor.py:179} INFO - Processing /opt/airflow/dags/hello_with_passing_data_dag.py took 1.970 seconds
[2023-07-05T13:44:30.475+0000] {processor.py:157} INFO - Started process (PID=47) to work on /opt/airflow/dags/hello_with_passing_data_dag.py
[2023-07-05T13:44:30.600+0000] {processor.py:826} INFO - Processing file /opt/airflow/dags/hello_with_passing_data_dag.py for tasks to queue
[2023-07-05T13:44:30.810+0000] {logging_mixin.py:149} INFO - [2023-07-05T13:44:30.791+0000] {dagbag.py:541} INFO - Filling up the DagBag from /opt/airflow/dags/hello_with_passing_data_dag.py
[2023-07-05T13:44:31.780+0000] {processor.py:836} INFO - DAG(s) dict_keys(['hello_with_passing_data_dag']) retrieved from /opt/airflow/dags/hello_with_passing_data_dag.py
[2023-07-05T13:44:33.713+0000] {logging_mixin.py:149} INFO - [2023-07-05T13:44:33.709+0000] {dag.py:2726} INFO - Sync 1 DAGs
[2023-07-05T13:44:34.093+0000] {logging_mixin.py:149} INFO - [2023-07-05T13:44:34.092+0000] {dag.py:3490} INFO - Setting next_dagrun for hello_with_passing_data_dag to None, run_after=None
[2023-07-05T13:44:34.489+0000] {processor.py:179} INFO - Processing /opt/airflow/dags/hello_with_passing_data_dag.py took 4.534 seconds
[2023-07-05T13:45:05.540+0000] {processor.py:157} INFO - Started process (PID=70) to work on /opt/airflow/dags/hello_with_passing_data_dag.py
[2023-07-05T13:45:05.543+0000] {processor.py:826} INFO - Processing file /opt/airflow/dags/hello_with_passing_data_dag.py for tasks to queue
[2023-07-05T13:45:05.582+0000] {logging_mixin.py:149} INFO - [2023-07-05T13:45:05.581+0000] {dagbag.py:541} INFO - Filling up the DagBag from /opt/airflow/dags/hello_with_passing_data_dag.py
[2023-07-05T13:45:05.630+0000] {processor.py:836} INFO - DAG(s) dict_keys(['hello_with_passing_data_dag']) retrieved from /opt/airflow/dags/hello_with_passing_data_dag.py
[2023-07-05T13:45:05.750+0000] {logging_mixin.py:149} INFO - [2023-07-05T13:45:05.748+0000] {dag.py:2726} INFO - Sync 1 DAGs
[2023-07-05T13:45:06.283+0000] {logging_mixin.py:149} INFO - [2023-07-05T13:45:06.280+0000] {dag.py:3490} INFO - Setting next_dagrun for hello_with_passing_data_dag to None, run_after=None
[2023-07-05T13:45:06.427+0000] {processor.py:179} INFO - Processing /opt/airflow/dags/hello_with_passing_data_dag.py took 0.924 seconds
[2023-07-05T13:45:36.627+0000] {processor.py:157} INFO - Started process (PID=87) to work on /opt/airflow/dags/hello_with_passing_data_dag.py
[2023-07-05T13:45:36.632+0000] {processor.py:826} INFO - Processing file /opt/airflow/dags/hello_with_passing_data_dag.py for tasks to queue
[2023-07-05T13:45:36.638+0000] {logging_mixin.py:149} INFO - [2023-07-05T13:45:36.637+0000] {dagbag.py:541} INFO - Filling up the DagBag from /opt/airflow/dags/hello_with_passing_data_dag.py
[2023-07-05T13:45:36.656+0000] {processor.py:836} INFO - DAG(s) dict_keys(['hello_with_passing_data_dag']) retrieved from /opt/airflow/dags/hello_with_passing_data_dag.py
[2023-07-05T13:45:36.834+0000] {logging_mixin.py:149} INFO - [2023-07-05T13:45:36.834+0000] {dag.py:2726} INFO - Sync 1 DAGs
[2023-07-05T13:45:36.870+0000] {logging_mixin.py:149} INFO - [2023-07-05T13:45:36.869+0000] {dag.py:3490} INFO - Setting next_dagrun for hello_with_passing_data_dag to None, run_after=None
[2023-07-05T13:45:36.904+0000] {processor.py:179} INFO - Processing /opt/airflow/dags/hello_with_passing_data_dag.py took 0.281 seconds
[2023-07-05T13:46:07.431+0000] {processor.py:157} INFO - Started process (PID=104) to work on /opt/airflow/dags/hello_with_passing_data_dag.py
[2023-07-05T13:46:07.436+0000] {processor.py:826} INFO - Processing file /opt/airflow/dags/hello_with_passing_data_dag.py for tasks to queue
[2023-07-05T13:46:07.442+0000] {logging_mixin.py:149} INFO - [2023-07-05T13:46:07.442+0000] {dagbag.py:541} INFO - Filling up the DagBag from /opt/airflow/dags/hello_with_passing_data_dag.py
[2023-07-05T13:46:07.468+0000] {processor.py:836} INFO - DAG(s) dict_keys(['hello_with_passing_data_dag']) retrieved from /opt/airflow/dags/hello_with_passing_data_dag.py
[2023-07-05T13:46:07.522+0000] {logging_mixin.py:149} INFO - [2023-07-05T13:46:07.521+0000] {dag.py:2726} INFO - Sync 1 DAGs
[2023-07-05T13:46:07.563+0000] {logging_mixin.py:149} INFO - [2023-07-05T13:46:07.563+0000] {dag.py:3490} INFO - Setting next_dagrun for hello_with_passing_data_dag to None, run_after=None
[2023-07-05T13:46:07.593+0000] {processor.py:179} INFO - Processing /opt/airflow/dags/hello_with_passing_data_dag.py took 0.168 seconds
[2023-07-05T13:46:37.650+0000] {processor.py:157} INFO - Started process (PID=121) to work on /opt/airflow/dags/hello_with_passing_data_dag.py
[2023-07-05T13:46:37.653+0000] {processor.py:826} INFO - Processing file /opt/airflow/dags/hello_with_passing_data_dag.py for tasks to queue
[2023-07-05T13:46:37.660+0000] {logging_mixin.py:149} INFO - [2023-07-05T13:46:37.659+0000] {dagbag.py:541} INFO - Filling up the DagBag from /opt/airflow/dags/hello_with_passing_data_dag.py
[2023-07-05T13:46:37.677+0000] {processor.py:836} INFO - DAG(s) dict_keys(['hello_with_passing_data_dag']) retrieved from /opt/airflow/dags/hello_with_passing_data_dag.py
[2023-07-05T13:46:37.725+0000] {logging_mixin.py:149} INFO - [2023-07-05T13:46:37.724+0000] {dag.py:2726} INFO - Sync 1 DAGs
[2023-07-05T13:46:37.764+0000] {logging_mixin.py:149} INFO - [2023-07-05T13:46:37.763+0000] {dag.py:3490} INFO - Setting next_dagrun for hello_with_passing_data_dag to None, run_after=None
[2023-07-05T13:46:37.790+0000] {processor.py:179} INFO - Processing /opt/airflow/dags/hello_with_passing_data_dag.py took 0.146 seconds
[2023-07-05T13:47:07.892+0000] {processor.py:157} INFO - Started process (PID=138) to work on /opt/airflow/dags/hello_with_passing_data_dag.py
[2023-07-05T13:47:07.896+0000] {processor.py:826} INFO - Processing file /opt/airflow/dags/hello_with_passing_data_dag.py for tasks to queue
[2023-07-05T13:47:07.904+0000] {logging_mixin.py:149} INFO - [2023-07-05T13:47:07.903+0000] {dagbag.py:541} INFO - Filling up the DagBag from /opt/airflow/dags/hello_with_passing_data_dag.py
[2023-07-05T13:47:07.923+0000] {processor.py:836} INFO - DAG(s) dict_keys(['hello_with_passing_data_dag']) retrieved from /opt/airflow/dags/hello_with_passing_data_dag.py
[2023-07-05T13:47:07.967+0000] {logging_mixin.py:149} INFO - [2023-07-05T13:47:07.966+0000] {dag.py:2726} INFO - Sync 1 DAGs
[2023-07-05T13:47:08.002+0000] {logging_mixin.py:149} INFO - [2023-07-05T13:47:08.002+0000] {dag.py:3490} INFO - Setting next_dagrun for hello_with_passing_data_dag to None, run_after=None
[2023-07-05T13:47:08.028+0000] {processor.py:179} INFO - Processing /opt/airflow/dags/hello_with_passing_data_dag.py took 0.143 seconds
[2023-07-05T13:47:38.388+0000] {processor.py:157} INFO - Started process (PID=155) to work on /opt/airflow/dags/hello_with_passing_data_dag.py
[2023-07-05T13:47:38.392+0000] {processor.py:826} INFO - Processing file /opt/airflow/dags/hello_with_passing_data_dag.py for tasks to queue
[2023-07-05T13:47:38.396+0000] {logging_mixin.py:149} INFO - [2023-07-05T13:47:38.396+0000] {dagbag.py:541} INFO - Filling up the DagBag from /opt/airflow/dags/hello_with_passing_data_dag.py
[2023-07-05T13:47:38.421+0000] {processor.py:836} INFO - DAG(s) dict_keys(['hello_with_passing_data_dag']) retrieved from /opt/airflow/dags/hello_with_passing_data_dag.py
[2023-07-05T13:47:38.514+0000] {logging_mixin.py:149} INFO - [2023-07-05T13:47:38.509+0000] {dag.py:2726} INFO - Sync 1 DAGs
[2023-07-05T13:47:38.570+0000] {logging_mixin.py:149} INFO - [2023-07-05T13:47:38.569+0000] {dag.py:3490} INFO - Setting next_dagrun for hello_with_passing_data_dag to None, run_after=None
[2023-07-05T13:47:38.630+0000] {processor.py:179} INFO - Processing /opt/airflow/dags/hello_with_passing_data_dag.py took 0.249 seconds
[2023-07-05T13:48:09.610+0000] {processor.py:157} INFO - Started process (PID=172) to work on /opt/airflow/dags/hello_with_passing_data_dag.py
[2023-07-05T13:48:09.612+0000] {processor.py:826} INFO - Processing file /opt/airflow/dags/hello_with_passing_data_dag.py for tasks to queue
[2023-07-05T13:48:09.617+0000] {logging_mixin.py:149} INFO - [2023-07-05T13:48:09.616+0000] {dagbag.py:541} INFO - Filling up the DagBag from /opt/airflow/dags/hello_with_passing_data_dag.py
[2023-07-05T13:48:09.634+0000] {processor.py:836} INFO - DAG(s) dict_keys(['hello_with_passing_data_dag']) retrieved from /opt/airflow/dags/hello_with_passing_data_dag.py
[2023-07-05T13:48:09.679+0000] {logging_mixin.py:149} INFO - [2023-07-05T13:48:09.679+0000] {dag.py:2726} INFO - Sync 1 DAGs
[2023-07-05T13:48:09.714+0000] {logging_mixin.py:149} INFO - [2023-07-05T13:48:09.714+0000] {dag.py:3490} INFO - Setting next_dagrun for hello_with_passing_data_dag to None, run_after=None
[2023-07-05T13:48:09.741+0000] {processor.py:179} INFO - Processing /opt/airflow/dags/hello_with_passing_data_dag.py took 0.136 seconds
[2023-07-05T13:48:40.008+0000] {processor.py:157} INFO - Started process (PID=189) to work on /opt/airflow/dags/hello_with_passing_data_dag.py
[2023-07-05T13:48:40.011+0000] {processor.py:826} INFO - Processing file /opt/airflow/dags/hello_with_passing_data_dag.py for tasks to queue
[2023-07-05T13:48:40.018+0000] {logging_mixin.py:149} INFO - [2023-07-05T13:48:40.018+0000] {dagbag.py:541} INFO - Filling up the DagBag from /opt/airflow/dags/hello_with_passing_data_dag.py
[2023-07-05T13:48:40.038+0000] {processor.py:836} INFO - DAG(s) dict_keys(['hello_with_passing_data_dag']) retrieved from /opt/airflow/dags/hello_with_passing_data_dag.py
[2023-07-05T13:48:40.084+0000] {logging_mixin.py:149} INFO - [2023-07-05T13:48:40.084+0000] {dag.py:2726} INFO - Sync 1 DAGs
[2023-07-05T13:48:40.119+0000] {logging_mixin.py:149} INFO - [2023-07-05T13:48:40.119+0000] {dag.py:3490} INFO - Setting next_dagrun for hello_with_passing_data_dag to None, run_after=None
[2023-07-05T13:48:40.147+0000] {processor.py:179} INFO - Processing /opt/airflow/dags/hello_with_passing_data_dag.py took 0.144 seconds
[2023-07-05T13:49:10.992+0000] {processor.py:157} INFO - Started process (PID=206) to work on /opt/airflow/dags/hello_with_passing_data_dag.py
[2023-07-05T13:49:10.995+0000] {processor.py:826} INFO - Processing file /opt/airflow/dags/hello_with_passing_data_dag.py for tasks to queue
[2023-07-05T13:49:10.999+0000] {logging_mixin.py:149} INFO - [2023-07-05T13:49:10.999+0000] {dagbag.py:541} INFO - Filling up the DagBag from /opt/airflow/dags/hello_with_passing_data_dag.py
[2023-07-05T13:49:11.060+0000] {processor.py:836} INFO - DAG(s) dict_keys(['hello_with_passing_data_dag']) retrieved from /opt/airflow/dags/hello_with_passing_data_dag.py
[2023-07-05T13:49:11.178+0000] {logging_mixin.py:149} INFO - [2023-07-05T13:49:11.177+0000] {dag.py:2726} INFO - Sync 1 DAGs
[2023-07-05T13:49:11.261+0000] {logging_mixin.py:149} INFO - [2023-07-05T13:49:11.260+0000] {dag.py:3490} INFO - Setting next_dagrun for hello_with_passing_data_dag to None, run_after=None
[2023-07-05T13:49:11.319+0000] {processor.py:179} INFO - Processing /opt/airflow/dags/hello_with_passing_data_dag.py took 0.333 seconds
[2023-07-05T13:49:41.490+0000] {processor.py:157} INFO - Started process (PID=222) to work on /opt/airflow/dags/hello_with_passing_data_dag.py
[2023-07-05T13:49:41.546+0000] {processor.py:826} INFO - Processing file /opt/airflow/dags/hello_with_passing_data_dag.py for tasks to queue
[2023-07-05T13:49:41.601+0000] {logging_mixin.py:149} INFO - [2023-07-05T13:49:41.600+0000] {dagbag.py:541} INFO - Filling up the DagBag from /opt/airflow/dags/hello_with_passing_data_dag.py
[2023-07-05T13:49:41.790+0000] {processor.py:836} INFO - DAG(s) dict_keys(['hello_with_passing_data_dag']) retrieved from /opt/airflow/dags/hello_with_passing_data_dag.py
[2023-07-05T13:49:42.718+0000] {logging_mixin.py:149} INFO - [2023-07-05T13:49:42.699+0000] {dag.py:2726} INFO - Sync 1 DAGs
[2023-07-05T13:49:42.900+0000] {logging_mixin.py:149} INFO - [2023-07-05T13:49:42.900+0000] {dag.py:3490} INFO - Setting next_dagrun for hello_with_passing_data_dag to None, run_after=None
[2023-07-05T13:49:42.969+0000] {processor.py:179} INFO - Processing /opt/airflow/dags/hello_with_passing_data_dag.py took 1.504 seconds
[2023-07-05T13:50:13.092+0000] {processor.py:157} INFO - Started process (PID=239) to work on /opt/airflow/dags/hello_with_passing_data_dag.py
[2023-07-05T13:50:13.095+0000] {processor.py:826} INFO - Processing file /opt/airflow/dags/hello_with_passing_data_dag.py for tasks to queue
[2023-07-05T13:50:13.099+0000] {logging_mixin.py:149} INFO - [2023-07-05T13:50:13.098+0000] {dagbag.py:541} INFO - Filling up the DagBag from /opt/airflow/dags/hello_with_passing_data_dag.py
[2023-07-05T13:50:13.117+0000] {processor.py:836} INFO - DAG(s) dict_keys(['hello_with_passing_data_dag']) retrieved from /opt/airflow/dags/hello_with_passing_data_dag.py
[2023-07-05T13:50:13.182+0000] {logging_mixin.py:149} INFO - [2023-07-05T13:50:13.182+0000] {dag.py:2726} INFO - Sync 1 DAGs
[2023-07-05T13:50:13.223+0000] {logging_mixin.py:149} INFO - [2023-07-05T13:50:13.222+0000] {dag.py:3490} INFO - Setting next_dagrun for hello_with_passing_data_dag to None, run_after=None
[2023-07-05T13:50:13.256+0000] {processor.py:179} INFO - Processing /opt/airflow/dags/hello_with_passing_data_dag.py took 0.169 seconds
[2023-07-05T13:50:43.548+0000] {processor.py:157} INFO - Started process (PID=256) to work on /opt/airflow/dags/hello_with_passing_data_dag.py
[2023-07-05T13:50:43.551+0000] {processor.py:826} INFO - Processing file /opt/airflow/dags/hello_with_passing_data_dag.py for tasks to queue
[2023-07-05T13:50:43.556+0000] {logging_mixin.py:149} INFO - [2023-07-05T13:50:43.556+0000] {dagbag.py:541} INFO - Filling up the DagBag from /opt/airflow/dags/hello_with_passing_data_dag.py
[2023-07-05T13:50:43.572+0000] {processor.py:836} INFO - DAG(s) dict_keys(['hello_with_passing_data_dag']) retrieved from /opt/airflow/dags/hello_with_passing_data_dag.py
[2023-07-05T13:50:43.613+0000] {logging_mixin.py:149} INFO - [2023-07-05T13:50:43.613+0000] {dag.py:2726} INFO - Sync 1 DAGs
[2023-07-05T13:50:43.653+0000] {logging_mixin.py:149} INFO - [2023-07-05T13:50:43.652+0000] {dag.py:3490} INFO - Setting next_dagrun for hello_with_passing_data_dag to None, run_after=None
[2023-07-05T13:50:43.689+0000] {processor.py:179} INFO - Processing /opt/airflow/dags/hello_with_passing_data_dag.py took 0.146 seconds
[2023-07-05T13:51:13.810+0000] {processor.py:157} INFO - Started process (PID=273) to work on /opt/airflow/dags/hello_with_passing_data_dag.py
[2023-07-05T13:51:13.814+0000] {processor.py:826} INFO - Processing file /opt/airflow/dags/hello_with_passing_data_dag.py for tasks to queue
[2023-07-05T13:51:13.820+0000] {logging_mixin.py:149} INFO - [2023-07-05T13:51:13.819+0000] {dagbag.py:541} INFO - Filling up the DagBag from /opt/airflow/dags/hello_with_passing_data_dag.py
[2023-07-05T13:51:13.839+0000] {processor.py:836} INFO - DAG(s) dict_keys(['hello_with_passing_data_dag']) retrieved from /opt/airflow/dags/hello_with_passing_data_dag.py
[2023-07-05T13:51:13.885+0000] {logging_mixin.py:149} INFO - [2023-07-05T13:51:13.884+0000] {dag.py:2726} INFO - Sync 1 DAGs
[2023-07-05T13:51:13.923+0000] {logging_mixin.py:149} INFO - [2023-07-05T13:51:13.922+0000] {dag.py:3490} INFO - Setting next_dagrun for hello_with_passing_data_dag to None, run_after=None
[2023-07-05T13:51:13.951+0000] {processor.py:179} INFO - Processing /opt/airflow/dags/hello_with_passing_data_dag.py took 0.149 seconds
[2023-07-05T13:51:44.010+0000] {processor.py:157} INFO - Started process (PID=290) to work on /opt/airflow/dags/hello_with_passing_data_dag.py
[2023-07-05T13:51:44.013+0000] {processor.py:826} INFO - Processing file /opt/airflow/dags/hello_with_passing_data_dag.py for tasks to queue
[2023-07-05T13:51:44.018+0000] {logging_mixin.py:149} INFO - [2023-07-05T13:51:44.017+0000] {dagbag.py:541} INFO - Filling up the DagBag from /opt/airflow/dags/hello_with_passing_data_dag.py
[2023-07-05T13:51:44.036+0000] {processor.py:836} INFO - DAG(s) dict_keys(['hello_with_passing_data_dag']) retrieved from /opt/airflow/dags/hello_with_passing_data_dag.py
[2023-07-05T13:51:44.086+0000] {logging_mixin.py:149} INFO - [2023-07-05T13:51:44.085+0000] {dag.py:2726} INFO - Sync 1 DAGs
[2023-07-05T13:51:44.122+0000] {logging_mixin.py:149} INFO - [2023-07-05T13:51:44.122+0000] {dag.py:3490} INFO - Setting next_dagrun for hello_with_passing_data_dag to None, run_after=None
[2023-07-05T13:51:44.151+0000] {processor.py:179} INFO - Processing /opt/airflow/dags/hello_with_passing_data_dag.py took 0.149 seconds
[2023-07-05T13:52:14.299+0000] {processor.py:157} INFO - Started process (PID=307) to work on /opt/airflow/dags/hello_with_passing_data_dag.py
[2023-07-05T13:52:14.301+0000] {processor.py:826} INFO - Processing file /opt/airflow/dags/hello_with_passing_data_dag.py for tasks to queue
[2023-07-05T13:52:14.305+0000] {logging_mixin.py:149} INFO - [2023-07-05T13:52:14.305+0000] {dagbag.py:541} INFO - Filling up the DagBag from /opt/airflow/dags/hello_with_passing_data_dag.py
[2023-07-05T13:52:14.321+0000] {processor.py:836} INFO - DAG(s) dict_keys(['hello_with_passing_data_dag']) retrieved from /opt/airflow/dags/hello_with_passing_data_dag.py
[2023-07-05T13:52:14.359+0000] {logging_mixin.py:149} INFO - [2023-07-05T13:52:14.359+0000] {dag.py:2726} INFO - Sync 1 DAGs
[2023-07-05T13:52:14.392+0000] {logging_mixin.py:149} INFO - [2023-07-05T13:52:14.392+0000] {dag.py:3490} INFO - Setting next_dagrun for hello_with_passing_data_dag to None, run_after=None
[2023-07-05T13:52:14.416+0000] {processor.py:179} INFO - Processing /opt/airflow/dags/hello_with_passing_data_dag.py took 0.122 seconds
[2023-07-05T13:52:44.632+0000] {processor.py:157} INFO - Started process (PID=324) to work on /opt/airflow/dags/hello_with_passing_data_dag.py
[2023-07-05T13:52:44.636+0000] {processor.py:826} INFO - Processing file /opt/airflow/dags/hello_with_passing_data_dag.py for tasks to queue
[2023-07-05T13:52:44.642+0000] {logging_mixin.py:149} INFO - [2023-07-05T13:52:44.641+0000] {dagbag.py:541} INFO - Filling up the DagBag from /opt/airflow/dags/hello_with_passing_data_dag.py
[2023-07-05T13:52:44.664+0000] {processor.py:836} INFO - DAG(s) dict_keys(['hello_with_passing_data_dag']) retrieved from /opt/airflow/dags/hello_with_passing_data_dag.py
[2023-07-05T13:52:44.720+0000] {logging_mixin.py:149} INFO - [2023-07-05T13:52:44.720+0000] {dag.py:2726} INFO - Sync 1 DAGs
[2023-07-05T13:52:44.760+0000] {logging_mixin.py:149} INFO - [2023-07-05T13:52:44.760+0000] {dag.py:3490} INFO - Setting next_dagrun for hello_with_passing_data_dag to None, run_after=None
[2023-07-05T13:52:44.794+0000] {processor.py:179} INFO - Processing /opt/airflow/dags/hello_with_passing_data_dag.py took 0.170 seconds
[2023-07-05T13:53:15.710+0000] {processor.py:157} INFO - Started process (PID=341) to work on /opt/airflow/dags/hello_with_passing_data_dag.py
[2023-07-05T13:53:15.715+0000] {processor.py:826} INFO - Processing file /opt/airflow/dags/hello_with_passing_data_dag.py for tasks to queue
[2023-07-05T13:53:15.721+0000] {logging_mixin.py:149} INFO - [2023-07-05T13:53:15.721+0000] {dagbag.py:541} INFO - Filling up the DagBag from /opt/airflow/dags/hello_with_passing_data_dag.py
[2023-07-05T13:53:15.742+0000] {processor.py:836} INFO - DAG(s) dict_keys(['hello_with_passing_data_dag']) retrieved from /opt/airflow/dags/hello_with_passing_data_dag.py
[2023-07-05T13:53:15.804+0000] {logging_mixin.py:149} INFO - [2023-07-05T13:53:15.803+0000] {dag.py:2726} INFO - Sync 1 DAGs
[2023-07-05T13:53:15.849+0000] {logging_mixin.py:149} INFO - [2023-07-05T13:53:15.849+0000] {dag.py:3490} INFO - Setting next_dagrun for hello_with_passing_data_dag to None, run_after=None
[2023-07-05T13:53:15.886+0000] {processor.py:179} INFO - Processing /opt/airflow/dags/hello_with_passing_data_dag.py took 0.182 seconds
[2023-07-05T13:53:46.775+0000] {processor.py:157} INFO - Started process (PID=358) to work on /opt/airflow/dags/hello_with_passing_data_dag.py
[2023-07-05T13:53:46.780+0000] {processor.py:826} INFO - Processing file /opt/airflow/dags/hello_with_passing_data_dag.py for tasks to queue
[2023-07-05T13:53:46.789+0000] {logging_mixin.py:149} INFO - [2023-07-05T13:53:46.789+0000] {dagbag.py:541} INFO - Filling up the DagBag from /opt/airflow/dags/hello_with_passing_data_dag.py
[2023-07-05T13:53:46.814+0000] {processor.py:836} INFO - DAG(s) dict_keys(['hello_with_passing_data_dag']) retrieved from /opt/airflow/dags/hello_with_passing_data_dag.py
[2023-07-05T13:53:46.895+0000] {logging_mixin.py:149} INFO - [2023-07-05T13:53:46.894+0000] {dag.py:2726} INFO - Sync 1 DAGs
[2023-07-05T13:53:46.944+0000] {logging_mixin.py:149} INFO - [2023-07-05T13:53:46.944+0000] {dag.py:3490} INFO - Setting next_dagrun for hello_with_passing_data_dag to None, run_after=None
[2023-07-05T13:53:46.970+0000] {processor.py:179} INFO - Processing /opt/airflow/dags/hello_with_passing_data_dag.py took 0.200 seconds
[2023-07-05T13:54:17.107+0000] {processor.py:157} INFO - Started process (PID=375) to work on /opt/airflow/dags/hello_with_passing_data_dag.py
[2023-07-05T13:54:17.110+0000] {processor.py:826} INFO - Processing file /opt/airflow/dags/hello_with_passing_data_dag.py for tasks to queue
[2023-07-05T13:54:17.115+0000] {logging_mixin.py:149} INFO - [2023-07-05T13:54:17.115+0000] {dagbag.py:541} INFO - Filling up the DagBag from /opt/airflow/dags/hello_with_passing_data_dag.py
[2023-07-05T13:54:17.131+0000] {processor.py:836} INFO - DAG(s) dict_keys(['hello_with_passing_data_dag']) retrieved from /opt/airflow/dags/hello_with_passing_data_dag.py
[2023-07-05T13:54:17.188+0000] {logging_mixin.py:149} INFO - [2023-07-05T13:54:17.187+0000] {dag.py:2726} INFO - Sync 1 DAGs
[2023-07-05T13:54:17.237+0000] {logging_mixin.py:149} INFO - [2023-07-05T13:54:17.237+0000] {dag.py:3490} INFO - Setting next_dagrun for hello_with_passing_data_dag to None, run_after=None
[2023-07-05T13:54:17.274+0000] {processor.py:179} INFO - Processing /opt/airflow/dags/hello_with_passing_data_dag.py took 0.175 seconds
[2023-07-05T13:54:47.369+0000] {processor.py:157} INFO - Started process (PID=392) to work on /opt/airflow/dags/hello_with_passing_data_dag.py
[2023-07-05T13:54:47.372+0000] {processor.py:826} INFO - Processing file /opt/airflow/dags/hello_with_passing_data_dag.py for tasks to queue
[2023-07-05T13:54:47.376+0000] {logging_mixin.py:149} INFO - [2023-07-05T13:54:47.376+0000] {dagbag.py:541} INFO - Filling up the DagBag from /opt/airflow/dags/hello_with_passing_data_dag.py
[2023-07-05T13:54:47.392+0000] {processor.py:836} INFO - DAG(s) dict_keys(['hello_with_passing_data_dag']) retrieved from /opt/airflow/dags/hello_with_passing_data_dag.py
[2023-07-05T13:54:47.434+0000] {logging_mixin.py:149} INFO - [2023-07-05T13:54:47.434+0000] {dag.py:2726} INFO - Sync 1 DAGs
[2023-07-05T13:54:47.468+0000] {logging_mixin.py:149} INFO - [2023-07-05T13:54:47.468+0000] {dag.py:3490} INFO - Setting next_dagrun for hello_with_passing_data_dag to None, run_after=None
[2023-07-05T13:54:47.495+0000] {processor.py:179} INFO - Processing /opt/airflow/dags/hello_with_passing_data_dag.py took 0.133 seconds
[2023-07-05T13:55:18.372+0000] {processor.py:157} INFO - Started process (PID=410) to work on /opt/airflow/dags/hello_with_passing_data_dag.py
[2023-07-05T13:55:18.378+0000] {processor.py:826} INFO - Processing file /opt/airflow/dags/hello_with_passing_data_dag.py for tasks to queue
[2023-07-05T13:55:18.390+0000] {logging_mixin.py:149} INFO - [2023-07-05T13:55:18.389+0000] {dagbag.py:541} INFO - Filling up the DagBag from /opt/airflow/dags/hello_with_passing_data_dag.py
[2023-07-05T13:55:18.428+0000] {processor.py:836} INFO - DAG(s) dict_keys(['hello_with_passing_data_dag']) retrieved from /opt/airflow/dags/hello_with_passing_data_dag.py
[2023-07-05T13:55:18.497+0000] {logging_mixin.py:149} INFO - [2023-07-05T13:55:18.496+0000] {dag.py:2726} INFO - Sync 1 DAGs
[2023-07-05T13:55:18.544+0000] {logging_mixin.py:149} INFO - [2023-07-05T13:55:18.544+0000] {dag.py:3490} INFO - Setting next_dagrun for hello_with_passing_data_dag to None, run_after=None
[2023-07-05T13:55:18.579+0000] {processor.py:179} INFO - Processing /opt/airflow/dags/hello_with_passing_data_dag.py took 0.220 seconds
[2023-07-05T13:55:48.632+0000] {processor.py:157} INFO - Started process (PID=428) to work on /opt/airflow/dags/hello_with_passing_data_dag.py
[2023-07-05T13:55:48.636+0000] {processor.py:826} INFO - Processing file /opt/airflow/dags/hello_with_passing_data_dag.py for tasks to queue
[2023-07-05T13:55:48.642+0000] {logging_mixin.py:149} INFO - [2023-07-05T13:55:48.642+0000] {dagbag.py:541} INFO - Filling up the DagBag from /opt/airflow/dags/hello_with_passing_data_dag.py
[2023-07-05T13:55:48.664+0000] {processor.py:836} INFO - DAG(s) dict_keys(['hello_with_passing_data_dag']) retrieved from /opt/airflow/dags/hello_with_passing_data_dag.py
[2023-07-05T13:55:48.726+0000] {logging_mixin.py:149} INFO - [2023-07-05T13:55:48.725+0000] {dag.py:2726} INFO - Sync 1 DAGs
[2023-07-05T13:55:48.775+0000] {logging_mixin.py:149} INFO - [2023-07-05T13:55:48.774+0000] {dag.py:3490} INFO - Setting next_dagrun for hello_with_passing_data_dag to None, run_after=None
[2023-07-05T13:55:48.805+0000] {processor.py:179} INFO - Processing /opt/airflow/dags/hello_with_passing_data_dag.py took 0.180 seconds
[2023-07-05T13:56:18.870+0000] {processor.py:157} INFO - Started process (PID=446) to work on /opt/airflow/dags/hello_with_passing_data_dag.py
[2023-07-05T13:56:18.872+0000] {processor.py:826} INFO - Processing file /opt/airflow/dags/hello_with_passing_data_dag.py for tasks to queue
[2023-07-05T13:56:18.875+0000] {logging_mixin.py:149} INFO - [2023-07-05T13:56:18.874+0000] {dagbag.py:541} INFO - Filling up the DagBag from /opt/airflow/dags/hello_with_passing_data_dag.py
[2023-07-05T13:56:18.890+0000] {processor.py:836} INFO - DAG(s) dict_keys(['hello_with_passing_data_dag']) retrieved from /opt/airflow/dags/hello_with_passing_data_dag.py
[2023-07-05T13:56:18.931+0000] {logging_mixin.py:149} INFO - [2023-07-05T13:56:18.931+0000] {dag.py:2726} INFO - Sync 1 DAGs
[2023-07-05T13:56:18.967+0000] {logging_mixin.py:149} INFO - [2023-07-05T13:56:18.967+0000] {dag.py:3490} INFO - Setting next_dagrun for hello_with_passing_data_dag to None, run_after=None
[2023-07-05T13:56:18.990+0000] {processor.py:179} INFO - Processing /opt/airflow/dags/hello_with_passing_data_dag.py took 0.127 seconds
[2023-07-05T13:56:49.198+0000] {processor.py:157} INFO - Started process (PID=463) to work on /opt/airflow/dags/hello_with_passing_data_dag.py
[2023-07-05T13:56:49.202+0000] {processor.py:826} INFO - Processing file /opt/airflow/dags/hello_with_passing_data_dag.py for tasks to queue
[2023-07-05T13:56:49.203+0000] {logging_mixin.py:149} INFO - [2023-07-05T13:56:49.203+0000] {dagbag.py:541} INFO - Filling up the DagBag from /opt/airflow/dags/hello_with_passing_data_dag.py
[2023-07-05T13:56:49.220+0000] {processor.py:836} INFO - DAG(s) dict_keys(['hello_with_passing_data_dag']) retrieved from /opt/airflow/dags/hello_with_passing_data_dag.py
[2023-07-05T13:56:49.263+0000] {logging_mixin.py:149} INFO - [2023-07-05T13:56:49.263+0000] {dag.py:2726} INFO - Sync 1 DAGs
[2023-07-05T13:56:49.299+0000] {logging_mixin.py:149} INFO - [2023-07-05T13:56:49.298+0000] {dag.py:3490} INFO - Setting next_dagrun for hello_with_passing_data_dag to None, run_after=None
[2023-07-05T13:56:49.323+0000] {processor.py:179} INFO - Processing /opt/airflow/dags/hello_with_passing_data_dag.py took 0.131 seconds
[2023-07-05T13:57:20.315+0000] {processor.py:157} INFO - Started process (PID=480) to work on /opt/airflow/dags/hello_with_passing_data_dag.py
[2023-07-05T13:57:20.318+0000] {processor.py:826} INFO - Processing file /opt/airflow/dags/hello_with_passing_data_dag.py for tasks to queue
[2023-07-05T13:57:20.320+0000] {logging_mixin.py:149} INFO - [2023-07-05T13:57:20.320+0000] {dagbag.py:541} INFO - Filling up the DagBag from /opt/airflow/dags/hello_with_passing_data_dag.py
[2023-07-05T13:57:20.335+0000] {processor.py:836} INFO - DAG(s) dict_keys(['hello_with_passing_data_dag']) retrieved from /opt/airflow/dags/hello_with_passing_data_dag.py
[2023-07-05T13:57:20.375+0000] {logging_mixin.py:149} INFO - [2023-07-05T13:57:20.375+0000] {dag.py:2726} INFO - Sync 1 DAGs
[2023-07-05T13:57:20.409+0000] {logging_mixin.py:149} INFO - [2023-07-05T13:57:20.409+0000] {dag.py:3490} INFO - Setting next_dagrun for hello_with_passing_data_dag to None, run_after=None
[2023-07-05T13:57:20.435+0000] {processor.py:179} INFO - Processing /opt/airflow/dags/hello_with_passing_data_dag.py took 0.124 seconds
[2023-07-05T13:57:52.214+0000] {processor.py:157} INFO - Started process (PID=497) to work on /opt/airflow/dags/hello_with_passing_data_dag.py
[2023-07-05T13:57:52.266+0000] {processor.py:826} INFO - Processing file /opt/airflow/dags/hello_with_passing_data_dag.py for tasks to queue
[2023-07-05T13:57:52.332+0000] {logging_mixin.py:149} INFO - [2023-07-05T13:57:52.331+0000] {dagbag.py:541} INFO - Filling up the DagBag from /opt/airflow/dags/hello_with_passing_data_dag.py
[2023-07-05T13:57:53.750+0000] {processor.py:836} INFO - DAG(s) dict_keys(['hello_with_passing_data_dag']) retrieved from /opt/airflow/dags/hello_with_passing_data_dag.py
[2023-07-05T13:57:54.605+0000] {logging_mixin.py:149} INFO - [2023-07-05T13:57:54.605+0000] {dag.py:2726} INFO - Sync 1 DAGs
[2023-07-05T13:57:54.921+0000] {logging_mixin.py:149} INFO - [2023-07-05T13:57:54.920+0000] {dag.py:3490} INFO - Setting next_dagrun for hello_with_passing_data_dag to None, run_after=None
[2023-07-05T13:57:55.175+0000] {processor.py:179} INFO - Processing /opt/airflow/dags/hello_with_passing_data_dag.py took 3.087 seconds
[2023-07-05T14:15:26.474+0000] {processor.py:157} INFO - Started process (PID=31) to work on /opt/airflow/dags/hello_with_passing_data_dag.py
[2023-07-05T14:15:26.489+0000] {processor.py:826} INFO - Processing file /opt/airflow/dags/hello_with_passing_data_dag.py for tasks to queue
[2023-07-05T14:15:26.496+0000] {logging_mixin.py:149} INFO - [2023-07-05T14:15:26.495+0000] {dagbag.py:541} INFO - Filling up the DagBag from /opt/airflow/dags/hello_with_passing_data_dag.py
[2023-07-05T14:15:26.619+0000] {processor.py:836} INFO - DAG(s) dict_keys(['hello_with_passing_data_dag']) retrieved from /opt/airflow/dags/hello_with_passing_data_dag.py
[2023-07-05T14:15:27.227+0000] {logging_mixin.py:149} INFO - [2023-07-05T14:15:27.226+0000] {dag.py:2726} INFO - Sync 1 DAGs
[2023-07-05T14:15:27.285+0000] {logging_mixin.py:149} INFO - [2023-07-05T14:15:27.284+0000] {dag.py:3490} INFO - Setting next_dagrun for hello_with_passing_data_dag to None, run_after=None
[2023-07-05T14:15:27.484+0000] {processor.py:179} INFO - Processing /opt/airflow/dags/hello_with_passing_data_dag.py took 1.026 seconds
[2023-07-05T14:15:57.969+0000] {processor.py:157} INFO - Started process (PID=47) to work on /opt/airflow/dags/hello_with_passing_data_dag.py
[2023-07-05T14:15:57.977+0000] {processor.py:826} INFO - Processing file /opt/airflow/dags/hello_with_passing_data_dag.py for tasks to queue
[2023-07-05T14:15:57.988+0000] {logging_mixin.py:149} INFO - [2023-07-05T14:15:57.988+0000] {dagbag.py:541} INFO - Filling up the DagBag from /opt/airflow/dags/hello_with_passing_data_dag.py
[2023-07-05T14:15:58.061+0000] {processor.py:836} INFO - DAG(s) dict_keys(['hello_with_passing_data_dag']) retrieved from /opt/airflow/dags/hello_with_passing_data_dag.py
[2023-07-05T14:15:58.154+0000] {logging_mixin.py:149} INFO - [2023-07-05T14:15:58.154+0000] {dag.py:2726} INFO - Sync 1 DAGs
[2023-07-05T14:15:58.280+0000] {logging_mixin.py:149} INFO - [2023-07-05T14:15:58.280+0000] {dag.py:3490} INFO - Setting next_dagrun for hello_with_passing_data_dag to None, run_after=None
[2023-07-05T14:15:58.326+0000] {processor.py:179} INFO - Processing /opt/airflow/dags/hello_with_passing_data_dag.py took 0.382 seconds
[2023-07-05T14:16:28.953+0000] {processor.py:157} INFO - Started process (PID=63) to work on /opt/airflow/dags/hello_with_passing_data_dag.py
[2023-07-05T14:16:28.961+0000] {processor.py:826} INFO - Processing file /opt/airflow/dags/hello_with_passing_data_dag.py for tasks to queue
[2023-07-05T14:16:28.996+0000] {logging_mixin.py:149} INFO - [2023-07-05T14:16:28.995+0000] {dagbag.py:541} INFO - Filling up the DagBag from /opt/airflow/dags/hello_with_passing_data_dag.py
[2023-07-05T14:16:29.332+0000] {processor.py:836} INFO - DAG(s) dict_keys(['hello_with_passing_data_dag']) retrieved from /opt/airflow/dags/hello_with_passing_data_dag.py
[2023-07-05T14:16:30.037+0000] {logging_mixin.py:149} INFO - [2023-07-05T14:16:30.034+0000] {dag.py:2726} INFO - Sync 1 DAGs
[2023-07-05T14:16:30.440+0000] {logging_mixin.py:149} INFO - [2023-07-05T14:16:30.439+0000] {dag.py:3490} INFO - Setting next_dagrun for hello_with_passing_data_dag to None, run_after=None
[2023-07-05T14:16:30.701+0000] {processor.py:179} INFO - Processing /opt/airflow/dags/hello_with_passing_data_dag.py took 1.771 seconds
[2023-07-05T14:17:01.094+0000] {processor.py:157} INFO - Started process (PID=79) to work on /opt/airflow/dags/hello_with_passing_data_dag.py
[2023-07-05T14:17:01.097+0000] {processor.py:826} INFO - Processing file /opt/airflow/dags/hello_with_passing_data_dag.py for tasks to queue
[2023-07-05T14:17:01.107+0000] {logging_mixin.py:149} INFO - [2023-07-05T14:17:01.106+0000] {dagbag.py:541} INFO - Filling up the DagBag from /opt/airflow/dags/hello_with_passing_data_dag.py
[2023-07-05T14:17:01.131+0000] {processor.py:836} INFO - DAG(s) dict_keys(['hello_with_passing_data_dag']) retrieved from /opt/airflow/dags/hello_with_passing_data_dag.py
[2023-07-05T14:17:01.190+0000] {logging_mixin.py:149} INFO - [2023-07-05T14:17:01.189+0000] {dag.py:2726} INFO - Sync 1 DAGs
[2023-07-05T14:17:01.231+0000] {logging_mixin.py:149} INFO - [2023-07-05T14:17:01.231+0000] {dag.py:3490} INFO - Setting next_dagrun for hello_with_passing_data_dag to None, run_after=None
[2023-07-05T14:17:01.259+0000] {processor.py:179} INFO - Processing /opt/airflow/dags/hello_with_passing_data_dag.py took 0.180 seconds
[2023-07-05T14:17:31.896+0000] {processor.py:157} INFO - Started process (PID=94) to work on /opt/airflow/dags/hello_with_passing_data_dag.py
[2023-07-05T14:17:31.900+0000] {processor.py:826} INFO - Processing file /opt/airflow/dags/hello_with_passing_data_dag.py for tasks to queue
[2023-07-05T14:17:31.907+0000] {logging_mixin.py:149} INFO - [2023-07-05T14:17:31.907+0000] {dagbag.py:541} INFO - Filling up the DagBag from /opt/airflow/dags/hello_with_passing_data_dag.py
[2023-07-05T14:17:31.951+0000] {processor.py:836} INFO - DAG(s) dict_keys(['hello_with_passing_data_dag']) retrieved from /opt/airflow/dags/hello_with_passing_data_dag.py
[2023-07-05T14:17:32.052+0000] {logging_mixin.py:149} INFO - [2023-07-05T14:17:32.051+0000] {dag.py:2726} INFO - Sync 1 DAGs
[2023-07-05T14:17:32.104+0000] {logging_mixin.py:149} INFO - [2023-07-05T14:17:32.104+0000] {dag.py:3490} INFO - Setting next_dagrun for hello_with_passing_data_dag to None, run_after=None
[2023-07-05T14:17:32.133+0000] {processor.py:179} INFO - Processing /opt/airflow/dags/hello_with_passing_data_dag.py took 0.247 seconds
[2023-07-05T14:18:02.364+0000] {processor.py:157} INFO - Started process (PID=111) to work on /opt/airflow/dags/hello_with_passing_data_dag.py
[2023-07-05T14:18:02.367+0000] {processor.py:826} INFO - Processing file /opt/airflow/dags/hello_with_passing_data_dag.py for tasks to queue
[2023-07-05T14:18:02.370+0000] {logging_mixin.py:149} INFO - [2023-07-05T14:18:02.370+0000] {dagbag.py:541} INFO - Filling up the DagBag from /opt/airflow/dags/hello_with_passing_data_dag.py
[2023-07-05T14:18:02.388+0000] {processor.py:836} INFO - DAG(s) dict_keys(['hello_with_passing_data_dag']) retrieved from /opt/airflow/dags/hello_with_passing_data_dag.py
[2023-07-05T14:18:02.438+0000] {logging_mixin.py:149} INFO - [2023-07-05T14:18:02.438+0000] {dag.py:2726} INFO - Sync 1 DAGs
[2023-07-05T14:18:02.477+0000] {logging_mixin.py:149} INFO - [2023-07-05T14:18:02.477+0000] {dag.py:3490} INFO - Setting next_dagrun for hello_with_passing_data_dag to None, run_after=None
[2023-07-05T14:18:02.504+0000] {processor.py:179} INFO - Processing /opt/airflow/dags/hello_with_passing_data_dag.py took 0.145 seconds
[2023-07-05T14:18:33.351+0000] {processor.py:157} INFO - Started process (PID=127) to work on /opt/airflow/dags/hello_with_passing_data_dag.py
[2023-07-05T14:18:33.354+0000] {processor.py:826} INFO - Processing file /opt/airflow/dags/hello_with_passing_data_dag.py for tasks to queue
[2023-07-05T14:18:33.359+0000] {logging_mixin.py:149} INFO - [2023-07-05T14:18:33.359+0000] {dagbag.py:541} INFO - Filling up the DagBag from /opt/airflow/dags/hello_with_passing_data_dag.py
[2023-07-05T14:18:33.379+0000] {processor.py:836} INFO - DAG(s) dict_keys(['hello_with_passing_data_dag']) retrieved from /opt/airflow/dags/hello_with_passing_data_dag.py
[2023-07-05T14:18:33.442+0000] {logging_mixin.py:149} INFO - [2023-07-05T14:18:33.442+0000] {dag.py:2726} INFO - Sync 1 DAGs
[2023-07-05T14:18:33.485+0000] {logging_mixin.py:149} INFO - [2023-07-05T14:18:33.485+0000] {dag.py:3490} INFO - Setting next_dagrun for hello_with_passing_data_dag to None, run_after=None
[2023-07-05T14:18:33.515+0000] {processor.py:179} INFO - Processing /opt/airflow/dags/hello_with_passing_data_dag.py took 0.171 seconds
[2023-07-05T14:19:03.632+0000] {processor.py:157} INFO - Started process (PID=143) to work on /opt/airflow/dags/hello_with_passing_data_dag.py
[2023-07-05T14:19:03.635+0000] {processor.py:826} INFO - Processing file /opt/airflow/dags/hello_with_passing_data_dag.py for tasks to queue
[2023-07-05T14:19:03.639+0000] {logging_mixin.py:149} INFO - [2023-07-05T14:19:03.639+0000] {dagbag.py:541} INFO - Filling up the DagBag from /opt/airflow/dags/hello_with_passing_data_dag.py
[2023-07-05T14:19:03.658+0000] {processor.py:836} INFO - DAG(s) dict_keys(['hello_with_passing_data_dag']) retrieved from /opt/airflow/dags/hello_with_passing_data_dag.py
[2023-07-05T14:19:03.710+0000] {logging_mixin.py:149} INFO - [2023-07-05T14:19:03.710+0000] {dag.py:2726} INFO - Sync 1 DAGs
[2023-07-05T14:19:03.748+0000] {logging_mixin.py:149} INFO - [2023-07-05T14:19:03.748+0000] {dag.py:3490} INFO - Setting next_dagrun for hello_with_passing_data_dag to None, run_after=None
[2023-07-05T14:19:03.776+0000] {processor.py:179} INFO - Processing /opt/airflow/dags/hello_with_passing_data_dag.py took 0.149 seconds
[2023-07-05T14:19:33.872+0000] {processor.py:157} INFO - Started process (PID=159) to work on /opt/airflow/dags/hello_with_passing_data_dag.py
[2023-07-05T14:19:33.875+0000] {processor.py:826} INFO - Processing file /opt/airflow/dags/hello_with_passing_data_dag.py for tasks to queue
[2023-07-05T14:19:33.879+0000] {logging_mixin.py:149} INFO - [2023-07-05T14:19:33.879+0000] {dagbag.py:541} INFO - Filling up the DagBag from /opt/airflow/dags/hello_with_passing_data_dag.py
[2023-07-05T14:19:33.895+0000] {processor.py:836} INFO - DAG(s) dict_keys(['hello_with_passing_data_dag']) retrieved from /opt/airflow/dags/hello_with_passing_data_dag.py
[2023-07-05T14:19:33.942+0000] {logging_mixin.py:149} INFO - [2023-07-05T14:19:33.941+0000] {dag.py:2726} INFO - Sync 1 DAGs
[2023-07-05T14:19:33.977+0000] {logging_mixin.py:149} INFO - [2023-07-05T14:19:33.976+0000] {dag.py:3490} INFO - Setting next_dagrun for hello_with_passing_data_dag to None, run_after=None
[2023-07-05T14:19:34.004+0000] {processor.py:179} INFO - Processing /opt/airflow/dags/hello_with_passing_data_dag.py took 0.137 seconds
[2023-07-05T14:20:04.112+0000] {processor.py:157} INFO - Started process (PID=175) to work on /opt/airflow/dags/hello_with_passing_data_dag.py
[2023-07-05T14:20:04.116+0000] {processor.py:826} INFO - Processing file /opt/airflow/dags/hello_with_passing_data_dag.py for tasks to queue
[2023-07-05T14:20:04.123+0000] {logging_mixin.py:149} INFO - [2023-07-05T14:20:04.123+0000] {dagbag.py:541} INFO - Filling up the DagBag from /opt/airflow/dags/hello_with_passing_data_dag.py
[2023-07-05T14:20:04.153+0000] {processor.py:836} INFO - DAG(s) dict_keys(['hello_with_passing_data_dag']) retrieved from /opt/airflow/dags/hello_with_passing_data_dag.py
[2023-07-05T14:20:04.233+0000] {logging_mixin.py:149} INFO - [2023-07-05T14:20:04.232+0000] {dag.py:2726} INFO - Sync 1 DAGs
[2023-07-05T14:20:04.277+0000] {logging_mixin.py:149} INFO - [2023-07-05T14:20:04.277+0000] {dag.py:3490} INFO - Setting next_dagrun for hello_with_passing_data_dag to None, run_after=None
[2023-07-05T14:20:04.309+0000] {processor.py:179} INFO - Processing /opt/airflow/dags/hello_with_passing_data_dag.py took 0.205 seconds
[2023-07-05T14:20:34.656+0000] {processor.py:157} INFO - Started process (PID=193) to work on /opt/airflow/dags/hello_with_passing_data_dag.py
[2023-07-05T14:20:34.659+0000] {processor.py:826} INFO - Processing file /opt/airflow/dags/hello_with_passing_data_dag.py for tasks to queue
[2023-07-05T14:20:34.663+0000] {logging_mixin.py:149} INFO - [2023-07-05T14:20:34.663+0000] {dagbag.py:541} INFO - Filling up the DagBag from /opt/airflow/dags/hello_with_passing_data_dag.py
[2023-07-05T14:20:34.678+0000] {processor.py:836} INFO - DAG(s) dict_keys(['hello_with_passing_data_dag']) retrieved from /opt/airflow/dags/hello_with_passing_data_dag.py
[2023-07-05T14:20:34.725+0000] {logging_mixin.py:149} INFO - [2023-07-05T14:20:34.724+0000] {dag.py:2726} INFO - Sync 1 DAGs
[2023-07-05T14:20:34.761+0000] {logging_mixin.py:149} INFO - [2023-07-05T14:20:34.761+0000] {dag.py:3490} INFO - Setting next_dagrun for hello_with_passing_data_dag to None, run_after=None
[2023-07-05T14:20:34.789+0000] {processor.py:179} INFO - Processing /opt/airflow/dags/hello_with_passing_data_dag.py took 0.138 seconds
[2023-07-05T14:21:05.458+0000] {processor.py:157} INFO - Started process (PID=211) to work on /opt/airflow/dags/hello_with_passing_data_dag.py
[2023-07-05T14:21:05.461+0000] {processor.py:826} INFO - Processing file /opt/airflow/dags/hello_with_passing_data_dag.py for tasks to queue
[2023-07-05T14:21:05.466+0000] {logging_mixin.py:149} INFO - [2023-07-05T14:21:05.466+0000] {dagbag.py:541} INFO - Filling up the DagBag from /opt/airflow/dags/hello_with_passing_data_dag.py
[2023-07-05T14:21:05.485+0000] {processor.py:836} INFO - DAG(s) dict_keys(['hello_with_passing_data_dag']) retrieved from /opt/airflow/dags/hello_with_passing_data_dag.py
[2023-07-05T14:21:05.534+0000] {logging_mixin.py:149} INFO - [2023-07-05T14:21:05.533+0000] {dag.py:2726} INFO - Sync 1 DAGs
[2023-07-05T14:21:05.572+0000] {logging_mixin.py:149} INFO - [2023-07-05T14:21:05.572+0000] {dag.py:3490} INFO - Setting next_dagrun for hello_with_passing_data_dag to None, run_after=None
[2023-07-05T14:21:05.598+0000] {processor.py:179} INFO - Processing /opt/airflow/dags/hello_with_passing_data_dag.py took 0.148 seconds
[2023-07-05T14:21:36.122+0000] {processor.py:157} INFO - Started process (PID=229) to work on /opt/airflow/dags/hello_with_passing_data_dag.py
[2023-07-05T14:21:36.127+0000] {processor.py:826} INFO - Processing file /opt/airflow/dags/hello_with_passing_data_dag.py for tasks to queue
[2023-07-05T14:21:36.134+0000] {logging_mixin.py:149} INFO - [2023-07-05T14:21:36.133+0000] {dagbag.py:541} INFO - Filling up the DagBag from /opt/airflow/dags/hello_with_passing_data_dag.py
[2023-07-05T14:21:36.159+0000] {processor.py:836} INFO - DAG(s) dict_keys(['hello_with_passing_data_dag']) retrieved from /opt/airflow/dags/hello_with_passing_data_dag.py
[2023-07-05T14:21:36.220+0000] {logging_mixin.py:149} INFO - [2023-07-05T14:21:36.219+0000] {dag.py:2726} INFO - Sync 1 DAGs
[2023-07-05T14:21:36.266+0000] {logging_mixin.py:149} INFO - [2023-07-05T14:21:36.266+0000] {dag.py:3490} INFO - Setting next_dagrun for hello_with_passing_data_dag to None, run_after=None
[2023-07-05T14:21:36.303+0000] {processor.py:179} INFO - Processing /opt/airflow/dags/hello_with_passing_data_dag.py took 0.186 seconds
[2023-07-05T14:22:06.559+0000] {processor.py:157} INFO - Started process (PID=248) to work on /opt/airflow/dags/hello_with_passing_data_dag.py
[2023-07-05T14:22:06.561+0000] {processor.py:826} INFO - Processing file /opt/airflow/dags/hello_with_passing_data_dag.py for tasks to queue
[2023-07-05T14:22:06.566+0000] {logging_mixin.py:149} INFO - [2023-07-05T14:22:06.566+0000] {dagbag.py:541} INFO - Filling up the DagBag from /opt/airflow/dags/hello_with_passing_data_dag.py
[2023-07-05T14:22:06.581+0000] {processor.py:836} INFO - DAG(s) dict_keys(['hello_with_passing_data_dag']) retrieved from /opt/airflow/dags/hello_with_passing_data_dag.py
[2023-07-05T14:22:06.621+0000] {logging_mixin.py:149} INFO - [2023-07-05T14:22:06.621+0000] {dag.py:2726} INFO - Sync 1 DAGs
[2023-07-05T14:22:06.655+0000] {logging_mixin.py:149} INFO - [2023-07-05T14:22:06.655+0000] {dag.py:3490} INFO - Setting next_dagrun for hello_with_passing_data_dag to None, run_after=None
[2023-07-05T14:22:06.680+0000] {processor.py:179} INFO - Processing /opt/airflow/dags/hello_with_passing_data_dag.py took 0.127 seconds
[2023-07-05T14:22:36.835+0000] {processor.py:157} INFO - Started process (PID=265) to work on /opt/airflow/dags/hello_with_passing_data_dag.py
[2023-07-05T14:22:36.838+0000] {processor.py:826} INFO - Processing file /opt/airflow/dags/hello_with_passing_data_dag.py for tasks to queue
[2023-07-05T14:22:36.842+0000] {logging_mixin.py:149} INFO - [2023-07-05T14:22:36.842+0000] {dagbag.py:541} INFO - Filling up the DagBag from /opt/airflow/dags/hello_with_passing_data_dag.py
[2023-07-05T14:22:36.857+0000] {processor.py:836} INFO - DAG(s) dict_keys(['hello_with_passing_data_dag']) retrieved from /opt/airflow/dags/hello_with_passing_data_dag.py
[2023-07-05T14:22:36.899+0000] {logging_mixin.py:149} INFO - [2023-07-05T14:22:36.899+0000] {dag.py:2726} INFO - Sync 1 DAGs
[2023-07-05T14:22:36.936+0000] {logging_mixin.py:149} INFO - [2023-07-05T14:22:36.936+0000] {dag.py:3490} INFO - Setting next_dagrun for hello_with_passing_data_dag to None, run_after=None
[2023-07-05T14:22:36.964+0000] {processor.py:179} INFO - Processing /opt/airflow/dags/hello_with_passing_data_dag.py took 0.134 seconds
[2023-07-05T14:23:07.346+0000] {processor.py:157} INFO - Started process (PID=283) to work on /opt/airflow/dags/hello_with_passing_data_dag.py
[2023-07-05T14:23:07.350+0000] {processor.py:826} INFO - Processing file /opt/airflow/dags/hello_with_passing_data_dag.py for tasks to queue
[2023-07-05T14:23:07.357+0000] {logging_mixin.py:149} INFO - [2023-07-05T14:23:07.356+0000] {dagbag.py:541} INFO - Filling up the DagBag from /opt/airflow/dags/hello_with_passing_data_dag.py
[2023-07-05T14:23:07.383+0000] {processor.py:836} INFO - DAG(s) dict_keys(['hello_with_passing_data_dag']) retrieved from /opt/airflow/dags/hello_with_passing_data_dag.py
[2023-07-05T14:23:07.458+0000] {logging_mixin.py:149} INFO - [2023-07-05T14:23:07.457+0000] {dag.py:2726} INFO - Sync 1 DAGs
[2023-07-05T14:23:07.514+0000] {logging_mixin.py:149} INFO - [2023-07-05T14:23:07.514+0000] {dag.py:3490} INFO - Setting next_dagrun for hello_with_passing_data_dag to None, run_after=None
[2023-07-05T14:23:07.546+0000] {processor.py:179} INFO - Processing /opt/airflow/dags/hello_with_passing_data_dag.py took 0.206 seconds
[2023-07-05T14:23:37.891+0000] {processor.py:157} INFO - Started process (PID=300) to work on /opt/airflow/dags/hello_with_passing_data_dag.py
[2023-07-05T14:23:37.894+0000] {processor.py:826} INFO - Processing file /opt/airflow/dags/hello_with_passing_data_dag.py for tasks to queue
[2023-07-05T14:23:37.902+0000] {logging_mixin.py:149} INFO - [2023-07-05T14:23:37.901+0000] {dagbag.py:541} INFO - Filling up the DagBag from /opt/airflow/dags/hello_with_passing_data_dag.py
[2023-07-05T14:23:37.921+0000] {processor.py:836} INFO - DAG(s) dict_keys(['hello_with_passing_data_dag']) retrieved from /opt/airflow/dags/hello_with_passing_data_dag.py
[2023-07-05T14:23:37.977+0000] {logging_mixin.py:149} INFO - [2023-07-05T14:23:37.977+0000] {dag.py:2726} INFO - Sync 1 DAGs
[2023-07-05T14:23:38.021+0000] {logging_mixin.py:149} INFO - [2023-07-05T14:23:38.020+0000] {dag.py:3490} INFO - Setting next_dagrun for hello_with_passing_data_dag to None, run_after=None
[2023-07-05T14:23:38.057+0000] {processor.py:179} INFO - Processing /opt/airflow/dags/hello_with_passing_data_dag.py took 0.170 seconds
[2023-07-05T14:24:08.789+0000] {processor.py:157} INFO - Started process (PID=318) to work on /opt/airflow/dags/hello_with_passing_data_dag.py
[2023-07-05T14:24:08.792+0000] {processor.py:826} INFO - Processing file /opt/airflow/dags/hello_with_passing_data_dag.py for tasks to queue
[2023-07-05T14:24:08.798+0000] {logging_mixin.py:149} INFO - [2023-07-05T14:24:08.797+0000] {dagbag.py:541} INFO - Filling up the DagBag from /opt/airflow/dags/hello_with_passing_data_dag.py
[2023-07-05T14:24:08.815+0000] {processor.py:836} INFO - DAG(s) dict_keys(['hello_with_passing_data_dag']) retrieved from /opt/airflow/dags/hello_with_passing_data_dag.py
[2023-07-05T14:24:08.862+0000] {logging_mixin.py:149} INFO - [2023-07-05T14:24:08.861+0000] {dag.py:2726} INFO - Sync 1 DAGs
[2023-07-05T14:24:08.899+0000] {logging_mixin.py:149} INFO - [2023-07-05T14:24:08.899+0000] {dag.py:3490} INFO - Setting next_dagrun for hello_with_passing_data_dag to None, run_after=None
[2023-07-05T14:24:08.921+0000] {processor.py:179} INFO - Processing /opt/airflow/dags/hello_with_passing_data_dag.py took 0.138 seconds
[2023-07-05T14:24:39.541+0000] {processor.py:157} INFO - Started process (PID=336) to work on /opt/airflow/dags/hello_with_passing_data_dag.py
[2023-07-05T14:24:39.544+0000] {processor.py:826} INFO - Processing file /opt/airflow/dags/hello_with_passing_data_dag.py for tasks to queue
[2023-07-05T14:24:39.548+0000] {logging_mixin.py:149} INFO - [2023-07-05T14:24:39.548+0000] {dagbag.py:541} INFO - Filling up the DagBag from /opt/airflow/dags/hello_with_passing_data_dag.py
[2023-07-05T14:24:39.566+0000] {processor.py:836} INFO - DAG(s) dict_keys(['hello_with_passing_data_dag']) retrieved from /opt/airflow/dags/hello_with_passing_data_dag.py
[2023-07-05T14:24:39.613+0000] {logging_mixin.py:149} INFO - [2023-07-05T14:24:39.612+0000] {dag.py:2726} INFO - Sync 1 DAGs
[2023-07-05T14:24:39.661+0000] {logging_mixin.py:149} INFO - [2023-07-05T14:24:39.661+0000] {dag.py:3490} INFO - Setting next_dagrun for hello_with_passing_data_dag to None, run_after=None
[2023-07-05T14:24:39.701+0000] {processor.py:179} INFO - Processing /opt/airflow/dags/hello_with_passing_data_dag.py took 0.168 seconds
[2023-07-05T14:25:09.912+0000] {processor.py:157} INFO - Started process (PID=354) to work on /opt/airflow/dags/hello_with_passing_data_dag.py
[2023-07-05T14:25:09.915+0000] {processor.py:826} INFO - Processing file /opt/airflow/dags/hello_with_passing_data_dag.py for tasks to queue
[2023-07-05T14:25:09.920+0000] {logging_mixin.py:149} INFO - [2023-07-05T14:25:09.920+0000] {dagbag.py:541} INFO - Filling up the DagBag from /opt/airflow/dags/hello_with_passing_data_dag.py
[2023-07-05T14:25:09.944+0000] {processor.py:836} INFO - DAG(s) dict_keys(['hello_with_passing_data_dag']) retrieved from /opt/airflow/dags/hello_with_passing_data_dag.py
[2023-07-05T14:25:10.019+0000] {logging_mixin.py:149} INFO - [2023-07-05T14:25:10.018+0000] {dag.py:2726} INFO - Sync 1 DAGs
[2023-07-05T14:25:10.081+0000] {logging_mixin.py:149} INFO - [2023-07-05T14:25:10.081+0000] {dag.py:3490} INFO - Setting next_dagrun for hello_with_passing_data_dag to None, run_after=None
[2023-07-05T14:25:10.110+0000] {processor.py:179} INFO - Processing /opt/airflow/dags/hello_with_passing_data_dag.py took 0.205 seconds
[2023-07-05T14:25:41.001+0000] {processor.py:157} INFO - Started process (PID=372) to work on /opt/airflow/dags/hello_with_passing_data_dag.py
[2023-07-05T14:25:41.005+0000] {processor.py:826} INFO - Processing file /opt/airflow/dags/hello_with_passing_data_dag.py for tasks to queue
[2023-07-05T14:25:41.009+0000] {logging_mixin.py:149} INFO - [2023-07-05T14:25:41.009+0000] {dagbag.py:541} INFO - Filling up the DagBag from /opt/airflow/dags/hello_with_passing_data_dag.py
[2023-07-05T14:25:41.028+0000] {processor.py:836} INFO - DAG(s) dict_keys(['hello_with_passing_data_dag']) retrieved from /opt/airflow/dags/hello_with_passing_data_dag.py
[2023-07-05T14:25:41.077+0000] {logging_mixin.py:149} INFO - [2023-07-05T14:25:41.076+0000] {dag.py:2726} INFO - Sync 1 DAGs
[2023-07-05T14:25:41.116+0000] {logging_mixin.py:149} INFO - [2023-07-05T14:25:41.115+0000] {dag.py:3490} INFO - Setting next_dagrun for hello_with_passing_data_dag to None, run_after=None
[2023-07-05T14:25:41.143+0000] {processor.py:179} INFO - Processing /opt/airflow/dags/hello_with_passing_data_dag.py took 0.147 seconds
[2023-07-05T14:26:11.521+0000] {processor.py:157} INFO - Started process (PID=389) to work on /opt/airflow/dags/hello_with_passing_data_dag.py
[2023-07-05T14:26:11.524+0000] {processor.py:826} INFO - Processing file /opt/airflow/dags/hello_with_passing_data_dag.py for tasks to queue
[2023-07-05T14:26:11.528+0000] {logging_mixin.py:149} INFO - [2023-07-05T14:26:11.528+0000] {dagbag.py:541} INFO - Filling up the DagBag from /opt/airflow/dags/hello_with_passing_data_dag.py
[2023-07-05T14:26:11.546+0000] {processor.py:836} INFO - DAG(s) dict_keys(['hello_with_passing_data_dag']) retrieved from /opt/airflow/dags/hello_with_passing_data_dag.py
[2023-07-05T14:26:11.593+0000] {logging_mixin.py:149} INFO - [2023-07-05T14:26:11.592+0000] {dag.py:2726} INFO - Sync 1 DAGs
[2023-07-05T14:26:11.628+0000] {logging_mixin.py:149} INFO - [2023-07-05T14:26:11.628+0000] {dag.py:3490} INFO - Setting next_dagrun for hello_with_passing_data_dag to None, run_after=None
[2023-07-05T14:26:11.656+0000] {processor.py:179} INFO - Processing /opt/airflow/dags/hello_with_passing_data_dag.py took 0.142 seconds
[2023-07-05T14:26:41.887+0000] {processor.py:157} INFO - Started process (PID=407) to work on /opt/airflow/dags/hello_with_passing_data_dag.py
[2023-07-05T14:26:41.891+0000] {processor.py:826} INFO - Processing file /opt/airflow/dags/hello_with_passing_data_dag.py for tasks to queue
[2023-07-05T14:26:41.898+0000] {logging_mixin.py:149} INFO - [2023-07-05T14:26:41.898+0000] {dagbag.py:541} INFO - Filling up the DagBag from /opt/airflow/dags/hello_with_passing_data_dag.py
[2023-07-05T14:26:41.919+0000] {processor.py:836} INFO - DAG(s) dict_keys(['hello_with_passing_data_dag']) retrieved from /opt/airflow/dags/hello_with_passing_data_dag.py
[2023-07-05T14:26:41.973+0000] {logging_mixin.py:149} INFO - [2023-07-05T14:26:41.972+0000] {dag.py:2726} INFO - Sync 1 DAGs
[2023-07-05T14:26:42.022+0000] {logging_mixin.py:149} INFO - [2023-07-05T14:26:42.022+0000] {dag.py:3490} INFO - Setting next_dagrun for hello_with_passing_data_dag to None, run_after=None
[2023-07-05T14:26:42.049+0000] {processor.py:179} INFO - Processing /opt/airflow/dags/hello_with_passing_data_dag.py took 0.168 seconds
[2023-07-05T14:27:12.161+0000] {processor.py:157} INFO - Started process (PID=425) to work on /opt/airflow/dags/hello_with_passing_data_dag.py
[2023-07-05T14:27:12.164+0000] {processor.py:826} INFO - Processing file /opt/airflow/dags/hello_with_passing_data_dag.py for tasks to queue
[2023-07-05T14:27:12.167+0000] {logging_mixin.py:149} INFO - [2023-07-05T14:27:12.167+0000] {dagbag.py:541} INFO - Filling up the DagBag from /opt/airflow/dags/hello_with_passing_data_dag.py
[2023-07-05T14:27:12.183+0000] {processor.py:836} INFO - DAG(s) dict_keys(['hello_with_passing_data_dag']) retrieved from /opt/airflow/dags/hello_with_passing_data_dag.py
[2023-07-05T14:27:12.225+0000] {logging_mixin.py:149} INFO - [2023-07-05T14:27:12.225+0000] {dag.py:2726} INFO - Sync 1 DAGs
[2023-07-05T14:27:12.265+0000] {logging_mixin.py:149} INFO - [2023-07-05T14:27:12.265+0000] {dag.py:3490} INFO - Setting next_dagrun for hello_with_passing_data_dag to None, run_after=None
[2023-07-05T14:27:12.298+0000] {processor.py:179} INFO - Processing /opt/airflow/dags/hello_with_passing_data_dag.py took 0.142 seconds
[2023-07-05T14:27:42.359+0000] {processor.py:157} INFO - Started process (PID=443) to work on /opt/airflow/dags/hello_with_passing_data_dag.py
[2023-07-05T14:27:42.363+0000] {processor.py:826} INFO - Processing file /opt/airflow/dags/hello_with_passing_data_dag.py for tasks to queue
[2023-07-05T14:27:42.367+0000] {logging_mixin.py:149} INFO - [2023-07-05T14:27:42.366+0000] {dagbag.py:541} INFO - Filling up the DagBag from /opt/airflow/dags/hello_with_passing_data_dag.py
[2023-07-05T14:27:42.387+0000] {processor.py:836} INFO - DAG(s) dict_keys(['hello_with_passing_data_dag']) retrieved from /opt/airflow/dags/hello_with_passing_data_dag.py
[2023-07-05T14:27:42.446+0000] {logging_mixin.py:149} INFO - [2023-07-05T14:27:42.446+0000] {dag.py:2726} INFO - Sync 1 DAGs
[2023-07-05T14:27:42.498+0000] {logging_mixin.py:149} INFO - [2023-07-05T14:27:42.497+0000] {dag.py:3490} INFO - Setting next_dagrun for hello_with_passing_data_dag to None, run_after=None
[2023-07-05T14:27:42.529+0000] {processor.py:179} INFO - Processing /opt/airflow/dags/hello_with_passing_data_dag.py took 0.177 seconds
[2023-07-05T14:28:12.623+0000] {processor.py:157} INFO - Started process (PID=460) to work on /opt/airflow/dags/hello_with_passing_data_dag.py
[2023-07-05T14:28:12.627+0000] {processor.py:826} INFO - Processing file /opt/airflow/dags/hello_with_passing_data_dag.py for tasks to queue
[2023-07-05T14:28:12.635+0000] {logging_mixin.py:149} INFO - [2023-07-05T14:28:12.635+0000] {dagbag.py:541} INFO - Filling up the DagBag from /opt/airflow/dags/hello_with_passing_data_dag.py
[2023-07-05T14:28:12.656+0000] {processor.py:836} INFO - DAG(s) dict_keys(['hello_with_passing_data_dag']) retrieved from /opt/airflow/dags/hello_with_passing_data_dag.py
[2023-07-05T14:28:12.700+0000] {logging_mixin.py:149} INFO - [2023-07-05T14:28:12.699+0000] {dag.py:2726} INFO - Sync 1 DAGs
[2023-07-05T14:28:12.734+0000] {logging_mixin.py:149} INFO - [2023-07-05T14:28:12.734+0000] {dag.py:3490} INFO - Setting next_dagrun for hello_with_passing_data_dag to None, run_after=None
[2023-07-05T14:28:12.760+0000] {processor.py:179} INFO - Processing /opt/airflow/dags/hello_with_passing_data_dag.py took 0.143 seconds
[2023-07-05T14:28:42.973+0000] {processor.py:157} INFO - Started process (PID=478) to work on /opt/airflow/dags/hello_with_passing_data_dag.py
[2023-07-05T14:28:42.977+0000] {processor.py:826} INFO - Processing file /opt/airflow/dags/hello_with_passing_data_dag.py for tasks to queue
[2023-07-05T14:28:43.002+0000] {logging_mixin.py:149} INFO - [2023-07-05T14:28:43.002+0000] {dagbag.py:541} INFO - Filling up the DagBag from /opt/airflow/dags/hello_with_passing_data_dag.py
[2023-07-05T14:28:43.026+0000] {processor.py:836} INFO - DAG(s) dict_keys(['hello_with_passing_data_dag']) retrieved from /opt/airflow/dags/hello_with_passing_data_dag.py
[2023-07-05T14:28:43.075+0000] {logging_mixin.py:149} INFO - [2023-07-05T14:28:43.074+0000] {dag.py:2726} INFO - Sync 1 DAGs
[2023-07-05T14:28:43.120+0000] {logging_mixin.py:149} INFO - [2023-07-05T14:28:43.120+0000] {dag.py:3490} INFO - Setting next_dagrun for hello_with_passing_data_dag to None, run_after=None
[2023-07-05T14:28:43.157+0000] {processor.py:179} INFO - Processing /opt/airflow/dags/hello_with_passing_data_dag.py took 0.191 seconds
[2023-07-05T14:29:13.266+0000] {processor.py:157} INFO - Started process (PID=496) to work on /opt/airflow/dags/hello_with_passing_data_dag.py
[2023-07-05T14:29:13.270+0000] {processor.py:826} INFO - Processing file /opt/airflow/dags/hello_with_passing_data_dag.py for tasks to queue
[2023-07-05T14:29:13.274+0000] {logging_mixin.py:149} INFO - [2023-07-05T14:29:13.274+0000] {dagbag.py:541} INFO - Filling up the DagBag from /opt/airflow/dags/hello_with_passing_data_dag.py
[2023-07-05T14:29:13.289+0000] {processor.py:836} INFO - DAG(s) dict_keys(['hello_with_passing_data_dag']) retrieved from /opt/airflow/dags/hello_with_passing_data_dag.py
[2023-07-05T14:29:13.342+0000] {logging_mixin.py:149} INFO - [2023-07-05T14:29:13.342+0000] {dag.py:2726} INFO - Sync 1 DAGs
[2023-07-05T14:29:13.385+0000] {logging_mixin.py:149} INFO - [2023-07-05T14:29:13.385+0000] {dag.py:3490} INFO - Setting next_dagrun for hello_with_passing_data_dag to None, run_after=None
[2023-07-05T14:29:13.426+0000] {processor.py:179} INFO - Processing /opt/airflow/dags/hello_with_passing_data_dag.py took 0.165 seconds
[2023-07-05T14:29:43.503+0000] {processor.py:157} INFO - Started process (PID=514) to work on /opt/airflow/dags/hello_with_passing_data_dag.py
[2023-07-05T14:29:43.506+0000] {processor.py:826} INFO - Processing file /opt/airflow/dags/hello_with_passing_data_dag.py for tasks to queue
[2023-07-05T14:29:43.510+0000] {logging_mixin.py:149} INFO - [2023-07-05T14:29:43.510+0000] {dagbag.py:541} INFO - Filling up the DagBag from /opt/airflow/dags/hello_with_passing_data_dag.py
[2023-07-05T14:29:43.528+0000] {processor.py:836} INFO - DAG(s) dict_keys(['hello_with_passing_data_dag']) retrieved from /opt/airflow/dags/hello_with_passing_data_dag.py
[2023-07-05T14:29:43.579+0000] {logging_mixin.py:149} INFO - [2023-07-05T14:29:43.578+0000] {dag.py:2726} INFO - Sync 1 DAGs
[2023-07-05T14:29:43.621+0000] {logging_mixin.py:149} INFO - [2023-07-05T14:29:43.621+0000] {dag.py:3490} INFO - Setting next_dagrun for hello_with_passing_data_dag to None, run_after=None
[2023-07-05T14:29:43.648+0000] {processor.py:179} INFO - Processing /opt/airflow/dags/hello_with_passing_data_dag.py took 0.150 seconds
[2023-07-05T14:30:14.174+0000] {processor.py:157} INFO - Started process (PID=532) to work on /opt/airflow/dags/hello_with_passing_data_dag.py
[2023-07-05T14:30:14.177+0000] {processor.py:826} INFO - Processing file /opt/airflow/dags/hello_with_passing_data_dag.py for tasks to queue
[2023-07-05T14:30:14.185+0000] {logging_mixin.py:149} INFO - [2023-07-05T14:30:14.185+0000] {dagbag.py:541} INFO - Filling up the DagBag from /opt/airflow/dags/hello_with_passing_data_dag.py
[2023-07-05T14:30:14.202+0000] {processor.py:836} INFO - DAG(s) dict_keys(['hello_with_passing_data_dag']) retrieved from /opt/airflow/dags/hello_with_passing_data_dag.py
[2023-07-05T14:30:14.259+0000] {logging_mixin.py:149} INFO - [2023-07-05T14:30:14.258+0000] {dag.py:2726} INFO - Sync 1 DAGs
[2023-07-05T14:30:14.298+0000] {logging_mixin.py:149} INFO - [2023-07-05T14:30:14.297+0000] {dag.py:3490} INFO - Setting next_dagrun for hello_with_passing_data_dag to None, run_after=None
[2023-07-05T14:30:14.327+0000] {processor.py:179} INFO - Processing /opt/airflow/dags/hello_with_passing_data_dag.py took 0.158 seconds
[2023-07-05T14:30:44.571+0000] {processor.py:157} INFO - Started process (PID=551) to work on /opt/airflow/dags/hello_with_passing_data_dag.py
[2023-07-05T14:30:44.573+0000] {processor.py:826} INFO - Processing file /opt/airflow/dags/hello_with_passing_data_dag.py for tasks to queue
[2023-07-05T14:30:44.577+0000] {logging_mixin.py:149} INFO - [2023-07-05T14:30:44.577+0000] {dagbag.py:541} INFO - Filling up the DagBag from /opt/airflow/dags/hello_with_passing_data_dag.py
[2023-07-05T14:30:44.593+0000] {processor.py:836} INFO - DAG(s) dict_keys(['hello_with_passing_data_dag']) retrieved from /opt/airflow/dags/hello_with_passing_data_dag.py
[2023-07-05T14:30:44.634+0000] {logging_mixin.py:149} INFO - [2023-07-05T14:30:44.633+0000] {dag.py:2726} INFO - Sync 1 DAGs
[2023-07-05T14:30:44.668+0000] {logging_mixin.py:149} INFO - [2023-07-05T14:30:44.668+0000] {dag.py:3490} INFO - Setting next_dagrun for hello_with_passing_data_dag to None, run_after=None
[2023-07-05T14:30:44.696+0000] {processor.py:179} INFO - Processing /opt/airflow/dags/hello_with_passing_data_dag.py took 0.131 seconds
[2023-07-05T14:31:14.773+0000] {processor.py:157} INFO - Started process (PID=569) to work on /opt/airflow/dags/hello_with_passing_data_dag.py
[2023-07-05T14:31:14.776+0000] {processor.py:826} INFO - Processing file /opt/airflow/dags/hello_with_passing_data_dag.py for tasks to queue
[2023-07-05T14:31:14.783+0000] {logging_mixin.py:149} INFO - [2023-07-05T14:31:14.783+0000] {dagbag.py:541} INFO - Filling up the DagBag from /opt/airflow/dags/hello_with_passing_data_dag.py
[2023-07-05T14:31:14.801+0000] {processor.py:836} INFO - DAG(s) dict_keys(['hello_with_passing_data_dag']) retrieved from /opt/airflow/dags/hello_with_passing_data_dag.py
[2023-07-05T14:31:14.853+0000] {logging_mixin.py:149} INFO - [2023-07-05T14:31:14.853+0000] {dag.py:2726} INFO - Sync 1 DAGs
[2023-07-05T14:31:14.900+0000] {logging_mixin.py:149} INFO - [2023-07-05T14:31:14.900+0000] {dag.py:3490} INFO - Setting next_dagrun for hello_with_passing_data_dag to None, run_after=None
[2023-07-05T14:31:14.934+0000] {processor.py:179} INFO - Processing /opt/airflow/dags/hello_with_passing_data_dag.py took 0.167 seconds
[2023-07-05T14:31:44.994+0000] {processor.py:157} INFO - Started process (PID=589) to work on /opt/airflow/dags/hello_with_passing_data_dag.py
[2023-07-05T14:31:44.997+0000] {processor.py:826} INFO - Processing file /opt/airflow/dags/hello_with_passing_data_dag.py for tasks to queue
[2023-07-05T14:31:44.999+0000] {logging_mixin.py:149} INFO - [2023-07-05T14:31:44.999+0000] {dagbag.py:541} INFO - Filling up the DagBag from /opt/airflow/dags/hello_with_passing_data_dag.py
[2023-07-05T14:31:45.015+0000] {processor.py:836} INFO - DAG(s) dict_keys(['hello_with_passing_data_dag']) retrieved from /opt/airflow/dags/hello_with_passing_data_dag.py
[2023-07-05T14:31:45.061+0000] {logging_mixin.py:149} INFO - [2023-07-05T14:31:45.060+0000] {dag.py:2726} INFO - Sync 1 DAGs
[2023-07-05T14:31:45.099+0000] {logging_mixin.py:149} INFO - [2023-07-05T14:31:45.099+0000] {dag.py:3490} INFO - Setting next_dagrun for hello_with_passing_data_dag to None, run_after=None
[2023-07-05T14:31:45.129+0000] {processor.py:179} INFO - Processing /opt/airflow/dags/hello_with_passing_data_dag.py took 0.141 seconds
[2023-07-05T14:32:15.198+0000] {processor.py:157} INFO - Started process (PID=607) to work on /opt/airflow/dags/hello_with_passing_data_dag.py
[2023-07-05T14:32:15.201+0000] {processor.py:826} INFO - Processing file /opt/airflow/dags/hello_with_passing_data_dag.py for tasks to queue
[2023-07-05T14:32:15.203+0000] {logging_mixin.py:149} INFO - [2023-07-05T14:32:15.203+0000] {dagbag.py:541} INFO - Filling up the DagBag from /opt/airflow/dags/hello_with_passing_data_dag.py
[2023-07-05T14:32:15.218+0000] {processor.py:836} INFO - DAG(s) dict_keys(['hello_with_passing_data_dag']) retrieved from /opt/airflow/dags/hello_with_passing_data_dag.py
[2023-07-05T14:32:15.259+0000] {logging_mixin.py:149} INFO - [2023-07-05T14:32:15.259+0000] {dag.py:2726} INFO - Sync 1 DAGs
[2023-07-05T14:32:15.292+0000] {logging_mixin.py:149} INFO - [2023-07-05T14:32:15.291+0000] {dag.py:3490} INFO - Setting next_dagrun for hello_with_passing_data_dag to None, run_after=None
[2023-07-05T14:32:15.317+0000] {processor.py:179} INFO - Processing /opt/airflow/dags/hello_with_passing_data_dag.py took 0.124 seconds
[2023-07-05T14:32:45.467+0000] {processor.py:157} INFO - Started process (PID=627) to work on /opt/airflow/dags/hello_with_passing_data_dag.py
[2023-07-05T14:32:45.472+0000] {processor.py:826} INFO - Processing file /opt/airflow/dags/hello_with_passing_data_dag.py for tasks to queue
[2023-07-05T14:32:45.474+0000] {logging_mixin.py:149} INFO - [2023-07-05T14:32:45.474+0000] {dagbag.py:541} INFO - Filling up the DagBag from /opt/airflow/dags/hello_with_passing_data_dag.py
[2023-07-05T14:32:45.498+0000] {processor.py:836} INFO - DAG(s) dict_keys(['hello_with_passing_data_dag']) retrieved from /opt/airflow/dags/hello_with_passing_data_dag.py
[2023-07-05T14:32:45.564+0000] {logging_mixin.py:149} INFO - [2023-07-05T14:32:45.563+0000] {dag.py:2726} INFO - Sync 1 DAGs
[2023-07-05T14:32:45.612+0000] {logging_mixin.py:149} INFO - [2023-07-05T14:32:45.612+0000] {dag.py:3490} INFO - Setting next_dagrun for hello_with_passing_data_dag to None, run_after=None
[2023-07-05T14:32:45.644+0000] {processor.py:179} INFO - Processing /opt/airflow/dags/hello_with_passing_data_dag.py took 0.183 seconds
[2023-07-05T14:33:15.911+0000] {processor.py:157} INFO - Started process (PID=645) to work on /opt/airflow/dags/hello_with_passing_data_dag.py
[2023-07-05T14:33:15.914+0000] {processor.py:826} INFO - Processing file /opt/airflow/dags/hello_with_passing_data_dag.py for tasks to queue
[2023-07-05T14:33:15.916+0000] {logging_mixin.py:149} INFO - [2023-07-05T14:33:15.916+0000] {dagbag.py:541} INFO - Filling up the DagBag from /opt/airflow/dags/hello_with_passing_data_dag.py
[2023-07-05T14:33:15.930+0000] {processor.py:836} INFO - DAG(s) dict_keys(['hello_with_passing_data_dag']) retrieved from /opt/airflow/dags/hello_with_passing_data_dag.py
[2023-07-05T14:33:15.968+0000] {logging_mixin.py:149} INFO - [2023-07-05T14:33:15.968+0000] {dag.py:2726} INFO - Sync 1 DAGs
[2023-07-05T14:33:16.003+0000] {logging_mixin.py:149} INFO - [2023-07-05T14:33:16.002+0000] {dag.py:3490} INFO - Setting next_dagrun for hello_with_passing_data_dag to None, run_after=None
[2023-07-05T14:33:16.028+0000] {processor.py:179} INFO - Processing /opt/airflow/dags/hello_with_passing_data_dag.py took 0.122 seconds
[2023-07-05T14:33:46.233+0000] {processor.py:157} INFO - Started process (PID=664) to work on /opt/airflow/dags/hello_with_passing_data_dag.py
[2023-07-05T14:33:46.239+0000] {processor.py:826} INFO - Processing file /opt/airflow/dags/hello_with_passing_data_dag.py for tasks to queue
[2023-07-05T14:33:46.242+0000] {logging_mixin.py:149} INFO - [2023-07-05T14:33:46.242+0000] {dagbag.py:541} INFO - Filling up the DagBag from /opt/airflow/dags/hello_with_passing_data_dag.py
[2023-07-05T14:33:46.260+0000] {processor.py:836} INFO - DAG(s) dict_keys(['hello_with_passing_data_dag']) retrieved from /opt/airflow/dags/hello_with_passing_data_dag.py
[2023-07-05T14:33:46.314+0000] {logging_mixin.py:149} INFO - [2023-07-05T14:33:46.314+0000] {dag.py:2726} INFO - Sync 1 DAGs
[2023-07-05T14:33:46.349+0000] {logging_mixin.py:149} INFO - [2023-07-05T14:33:46.349+0000] {dag.py:3490} INFO - Setting next_dagrun for hello_with_passing_data_dag to None, run_after=None
[2023-07-05T14:33:46.375+0000] {processor.py:179} INFO - Processing /opt/airflow/dags/hello_with_passing_data_dag.py took 0.149 seconds
[2023-07-05T14:34:16.471+0000] {processor.py:157} INFO - Started process (PID=689) to work on /opt/airflow/dags/hello_with_passing_data_dag.py
[2023-07-05T14:34:16.474+0000] {processor.py:826} INFO - Processing file /opt/airflow/dags/hello_with_passing_data_dag.py for tasks to queue
[2023-07-05T14:34:16.476+0000] {logging_mixin.py:149} INFO - [2023-07-05T14:34:16.476+0000] {dagbag.py:541} INFO - Filling up the DagBag from /opt/airflow/dags/hello_with_passing_data_dag.py
[2023-07-05T14:34:16.491+0000] {processor.py:836} INFO - DAG(s) dict_keys(['hello_with_passing_data_dag']) retrieved from /opt/airflow/dags/hello_with_passing_data_dag.py
[2023-07-05T14:34:16.546+0000] {logging_mixin.py:149} INFO - [2023-07-05T14:34:16.546+0000] {dag.py:2726} INFO - Sync 1 DAGs
[2023-07-05T14:34:16.604+0000] {logging_mixin.py:149} INFO - [2023-07-05T14:34:16.604+0000] {dag.py:3490} INFO - Setting next_dagrun for hello_with_passing_data_dag to None, run_after=None
[2023-07-05T14:34:16.645+0000] {processor.py:179} INFO - Processing /opt/airflow/dags/hello_with_passing_data_dag.py took 0.178 seconds
[2023-07-05T14:34:46.745+0000] {processor.py:157} INFO - Started process (PID=711) to work on /opt/airflow/dags/hello_with_passing_data_dag.py
[2023-07-05T14:34:46.754+0000] {processor.py:826} INFO - Processing file /opt/airflow/dags/hello_with_passing_data_dag.py for tasks to queue
[2023-07-05T14:34:46.761+0000] {logging_mixin.py:149} INFO - [2023-07-05T14:34:46.758+0000] {dagbag.py:541} INFO - Filling up the DagBag from /opt/airflow/dags/hello_with_passing_data_dag.py
[2023-07-05T14:34:46.789+0000] {processor.py:836} INFO - DAG(s) dict_keys(['hello_with_passing_data_dag']) retrieved from /opt/airflow/dags/hello_with_passing_data_dag.py
[2023-07-05T14:34:46.831+0000] {logging_mixin.py:149} INFO - [2023-07-05T14:34:46.831+0000] {dag.py:2726} INFO - Sync 1 DAGs
[2023-07-05T14:34:46.865+0000] {logging_mixin.py:149} INFO - [2023-07-05T14:34:46.865+0000] {dag.py:3490} INFO - Setting next_dagrun for hello_with_passing_data_dag to None, run_after=None
[2023-07-05T14:34:46.894+0000] {processor.py:179} INFO - Processing /opt/airflow/dags/hello_with_passing_data_dag.py took 0.155 seconds
[2023-07-05T14:35:17.078+0000] {processor.py:157} INFO - Started process (PID=728) to work on /opt/airflow/dags/hello_with_passing_data_dag.py
[2023-07-05T14:35:17.081+0000] {processor.py:826} INFO - Processing file /opt/airflow/dags/hello_with_passing_data_dag.py for tasks to queue
[2023-07-05T14:35:17.083+0000] {logging_mixin.py:149} INFO - [2023-07-05T14:35:17.082+0000] {dagbag.py:541} INFO - Filling up the DagBag from /opt/airflow/dags/hello_with_passing_data_dag.py
[2023-07-05T14:35:17.097+0000] {processor.py:836} INFO - DAG(s) dict_keys(['hello_with_passing_data_dag']) retrieved from /opt/airflow/dags/hello_with_passing_data_dag.py
[2023-07-05T14:35:17.139+0000] {logging_mixin.py:149} INFO - [2023-07-05T14:35:17.139+0000] {dag.py:2726} INFO - Sync 1 DAGs
[2023-07-05T14:35:17.174+0000] {logging_mixin.py:149} INFO - [2023-07-05T14:35:17.174+0000] {dag.py:3490} INFO - Setting next_dagrun for hello_with_passing_data_dag to None, run_after=None
[2023-07-05T14:35:17.200+0000] {processor.py:179} INFO - Processing /opt/airflow/dags/hello_with_passing_data_dag.py took 0.128 seconds
[2023-07-05T14:35:47.437+0000] {processor.py:157} INFO - Started process (PID=746) to work on /opt/airflow/dags/hello_with_passing_data_dag.py
[2023-07-05T14:35:47.440+0000] {processor.py:826} INFO - Processing file /opt/airflow/dags/hello_with_passing_data_dag.py for tasks to queue
[2023-07-05T14:35:47.442+0000] {logging_mixin.py:149} INFO - [2023-07-05T14:35:47.441+0000] {dagbag.py:541} INFO - Filling up the DagBag from /opt/airflow/dags/hello_with_passing_data_dag.py
[2023-07-05T14:35:47.456+0000] {processor.py:836} INFO - DAG(s) dict_keys(['hello_with_passing_data_dag']) retrieved from /opt/airflow/dags/hello_with_passing_data_dag.py
[2023-07-05T14:35:47.497+0000] {logging_mixin.py:149} INFO - [2023-07-05T14:35:47.497+0000] {dag.py:2726} INFO - Sync 1 DAGs
[2023-07-05T14:35:47.531+0000] {logging_mixin.py:149} INFO - [2023-07-05T14:35:47.531+0000] {dag.py:3490} INFO - Setting next_dagrun for hello_with_passing_data_dag to None, run_after=None
[2023-07-05T14:35:47.560+0000] {processor.py:179} INFO - Processing /opt/airflow/dags/hello_with_passing_data_dag.py took 0.129 seconds
[2023-07-05T14:36:17.734+0000] {processor.py:157} INFO - Started process (PID=764) to work on /opt/airflow/dags/hello_with_passing_data_dag.py
[2023-07-05T14:36:17.737+0000] {processor.py:826} INFO - Processing file /opt/airflow/dags/hello_with_passing_data_dag.py for tasks to queue
[2023-07-05T14:36:17.740+0000] {logging_mixin.py:149} INFO - [2023-07-05T14:36:17.740+0000] {dagbag.py:541} INFO - Filling up the DagBag from /opt/airflow/dags/hello_with_passing_data_dag.py
[2023-07-05T14:36:17.762+0000] {processor.py:836} INFO - DAG(s) dict_keys(['hello_with_passing_data_dag']) retrieved from /opt/airflow/dags/hello_with_passing_data_dag.py
[2023-07-05T14:36:17.806+0000] {logging_mixin.py:149} INFO - [2023-07-05T14:36:17.806+0000] {dag.py:2726} INFO - Sync 1 DAGs
[2023-07-05T14:36:17.843+0000] {logging_mixin.py:149} INFO - [2023-07-05T14:36:17.842+0000] {dag.py:3490} INFO - Setting next_dagrun for hello_with_passing_data_dag to None, run_after=None
[2023-07-05T14:36:17.871+0000] {processor.py:179} INFO - Processing /opt/airflow/dags/hello_with_passing_data_dag.py took 0.144 seconds
[2023-07-05T14:36:48.146+0000] {processor.py:157} INFO - Started process (PID=782) to work on /opt/airflow/dags/hello_with_passing_data_dag.py
[2023-07-05T14:36:48.148+0000] {processor.py:826} INFO - Processing file /opt/airflow/dags/hello_with_passing_data_dag.py for tasks to queue
[2023-07-05T14:36:48.150+0000] {logging_mixin.py:149} INFO - [2023-07-05T14:36:48.150+0000] {dagbag.py:541} INFO - Filling up the DagBag from /opt/airflow/dags/hello_with_passing_data_dag.py
[2023-07-05T14:36:48.173+0000] {processor.py:836} INFO - DAG(s) dict_keys(['hello_with_passing_data_dag']) retrieved from /opt/airflow/dags/hello_with_passing_data_dag.py
[2023-07-05T14:36:48.368+0000] {logging_mixin.py:149} INFO - [2023-07-05T14:36:48.366+0000] {dag.py:2726} INFO - Sync 1 DAGs
[2023-07-05T14:36:48.503+0000] {logging_mixin.py:149} INFO - [2023-07-05T14:36:48.503+0000] {dag.py:3490} INFO - Setting next_dagrun for hello_with_passing_data_dag to None, run_after=None
[2023-07-05T14:36:48.578+0000] {processor.py:179} INFO - Processing /opt/airflow/dags/hello_with_passing_data_dag.py took 0.441 seconds
[2023-07-05T14:37:18.965+0000] {processor.py:157} INFO - Started process (PID=800) to work on /opt/airflow/dags/hello_with_passing_data_dag.py
[2023-07-05T14:37:18.968+0000] {processor.py:826} INFO - Processing file /opt/airflow/dags/hello_with_passing_data_dag.py for tasks to queue
[2023-07-05T14:37:18.970+0000] {logging_mixin.py:149} INFO - [2023-07-05T14:37:18.970+0000] {dagbag.py:541} INFO - Filling up the DagBag from /opt/airflow/dags/hello_with_passing_data_dag.py
[2023-07-05T14:37:18.987+0000] {processor.py:836} INFO - DAG(s) dict_keys(['hello_with_passing_data_dag']) retrieved from /opt/airflow/dags/hello_with_passing_data_dag.py
[2023-07-05T14:37:19.027+0000] {logging_mixin.py:149} INFO - [2023-07-05T14:37:19.027+0000] {dag.py:2726} INFO - Sync 1 DAGs
[2023-07-05T14:37:19.060+0000] {logging_mixin.py:149} INFO - [2023-07-05T14:37:19.060+0000] {dag.py:3490} INFO - Setting next_dagrun for hello_with_passing_data_dag to None, run_after=None
[2023-07-05T14:37:19.087+0000] {processor.py:179} INFO - Processing /opt/airflow/dags/hello_with_passing_data_dag.py took 0.128 seconds
[2023-07-05T14:37:49.491+0000] {processor.py:157} INFO - Started process (PID=818) to work on /opt/airflow/dags/hello_with_passing_data_dag.py
[2023-07-05T14:37:49.494+0000] {processor.py:826} INFO - Processing file /opt/airflow/dags/hello_with_passing_data_dag.py for tasks to queue
[2023-07-05T14:37:49.495+0000] {logging_mixin.py:149} INFO - [2023-07-05T14:37:49.495+0000] {dagbag.py:541} INFO - Filling up the DagBag from /opt/airflow/dags/hello_with_passing_data_dag.py
[2023-07-05T14:37:49.512+0000] {processor.py:836} INFO - DAG(s) dict_keys(['hello_with_passing_data_dag']) retrieved from /opt/airflow/dags/hello_with_passing_data_dag.py
[2023-07-05T14:37:49.555+0000] {logging_mixin.py:149} INFO - [2023-07-05T14:37:49.555+0000] {dag.py:2726} INFO - Sync 1 DAGs
[2023-07-05T14:37:49.589+0000] {logging_mixin.py:149} INFO - [2023-07-05T14:37:49.588+0000] {dag.py:3490} INFO - Setting next_dagrun for hello_with_passing_data_dag to None, run_after=None
[2023-07-05T14:37:49.614+0000] {processor.py:179} INFO - Processing /opt/airflow/dags/hello_with_passing_data_dag.py took 0.128 seconds
[2023-07-05T14:38:19.833+0000] {processor.py:157} INFO - Started process (PID=836) to work on /opt/airflow/dags/hello_with_passing_data_dag.py
[2023-07-05T14:38:19.836+0000] {processor.py:826} INFO - Processing file /opt/airflow/dags/hello_with_passing_data_dag.py for tasks to queue
[2023-07-05T14:38:19.839+0000] {logging_mixin.py:149} INFO - [2023-07-05T14:38:19.838+0000] {dagbag.py:541} INFO - Filling up the DagBag from /opt/airflow/dags/hello_with_passing_data_dag.py
[2023-07-05T14:38:19.862+0000] {processor.py:836} INFO - DAG(s) dict_keys(['hello_with_passing_data_dag']) retrieved from /opt/airflow/dags/hello_with_passing_data_dag.py
[2023-07-05T14:38:19.944+0000] {logging_mixin.py:149} INFO - [2023-07-05T14:38:19.943+0000] {dag.py:2726} INFO - Sync 1 DAGs
[2023-07-05T14:38:20.009+0000] {logging_mixin.py:149} INFO - [2023-07-05T14:38:20.008+0000] {dag.py:3490} INFO - Setting next_dagrun for hello_with_passing_data_dag to None, run_after=None
[2023-07-05T14:38:20.055+0000] {processor.py:179} INFO - Processing /opt/airflow/dags/hello_with_passing_data_dag.py took 0.231 seconds
[2023-07-05T14:38:50.201+0000] {processor.py:157} INFO - Started process (PID=854) to work on /opt/airflow/dags/hello_with_passing_data_dag.py
[2023-07-05T14:38:50.208+0000] {processor.py:826} INFO - Processing file /opt/airflow/dags/hello_with_passing_data_dag.py for tasks to queue
[2023-07-05T14:38:50.209+0000] {logging_mixin.py:149} INFO - [2023-07-05T14:38:50.209+0000] {dagbag.py:541} INFO - Filling up the DagBag from /opt/airflow/dags/hello_with_passing_data_dag.py
[2023-07-05T14:38:50.225+0000] {processor.py:836} INFO - DAG(s) dict_keys(['hello_with_passing_data_dag']) retrieved from /opt/airflow/dags/hello_with_passing_data_dag.py
[2023-07-05T14:38:50.266+0000] {logging_mixin.py:149} INFO - [2023-07-05T14:38:50.266+0000] {dag.py:2726} INFO - Sync 1 DAGs
[2023-07-05T14:38:50.301+0000] {logging_mixin.py:149} INFO - [2023-07-05T14:38:50.300+0000] {dag.py:3490} INFO - Setting next_dagrun for hello_with_passing_data_dag to None, run_after=None
[2023-07-05T14:38:50.361+0000] {processor.py:179} INFO - Processing /opt/airflow/dags/hello_with_passing_data_dag.py took 0.165 seconds
[2023-07-05T14:39:20.437+0000] {processor.py:157} INFO - Started process (PID=877) to work on /opt/airflow/dags/hello_with_passing_data_dag.py
[2023-07-05T14:39:20.443+0000] {processor.py:826} INFO - Processing file /opt/airflow/dags/hello_with_passing_data_dag.py for tasks to queue
[2023-07-05T14:39:20.445+0000] {logging_mixin.py:149} INFO - [2023-07-05T14:39:20.445+0000] {dagbag.py:541} INFO - Filling up the DagBag from /opt/airflow/dags/hello_with_passing_data_dag.py
[2023-07-05T14:39:20.465+0000] {processor.py:836} INFO - DAG(s) dict_keys(['hello_with_passing_data_dag']) retrieved from /opt/airflow/dags/hello_with_passing_data_dag.py
[2023-07-05T14:39:20.511+0000] {logging_mixin.py:149} INFO - [2023-07-05T14:39:20.510+0000] {dag.py:2726} INFO - Sync 1 DAGs
[2023-07-05T14:39:20.546+0000] {logging_mixin.py:149} INFO - [2023-07-05T14:39:20.546+0000] {dag.py:3490} INFO - Setting next_dagrun for hello_with_passing_data_dag to None, run_after=None
[2023-07-05T14:39:20.572+0000] {processor.py:179} INFO - Processing /opt/airflow/dags/hello_with_passing_data_dag.py took 0.142 seconds
