[2023-07-05T13:43:55.281+0000] {processor.py:157} INFO - Started process (PID=32) to work on /opt/airflow/dags/hello_with_parameters_dag.py
[2023-07-05T13:43:55.298+0000] {processor.py:826} INFO - Processing file /opt/airflow/dags/hello_with_parameters_dag.py for tasks to queue
[2023-07-05T13:43:55.314+0000] {logging_mixin.py:149} INFO - [2023-07-05T13:43:55.313+0000] {dagbag.py:541} INFO - Filling up the DagBag from /opt/airflow/dags/hello_with_parameters_dag.py
[2023-07-05T13:43:55.458+0000] {processor.py:836} INFO - DAG(s) dict_keys(['hello_with_parameters_dag']) retrieved from /opt/airflow/dags/hello_with_parameters_dag.py
[2023-07-05T13:43:56.762+0000] {logging_mixin.py:149} INFO - [2023-07-05T13:43:56.761+0000] {manager.py:504} INFO - Created Permission View: can read on DAG:hello_with_parameters_dag
[2023-07-05T13:43:56.863+0000] {logging_mixin.py:149} INFO - [2023-07-05T13:43:56.863+0000] {manager.py:504} INFO - Created Permission View: can edit on DAG:hello_with_parameters_dag
[2023-07-05T13:43:56.902+0000] {logging_mixin.py:149} INFO - [2023-07-05T13:43:56.902+0000] {manager.py:504} INFO - Created Permission View: can delete on DAG:hello_with_parameters_dag
[2023-07-05T13:43:56.980+0000] {logging_mixin.py:149} INFO - [2023-07-05T13:43:56.980+0000] {dag.py:2726} INFO - Sync 1 DAGs
[2023-07-05T13:43:57.040+0000] {logging_mixin.py:149} INFO - [2023-07-05T13:43:57.039+0000] {dag.py:2747} INFO - Creating ORM DAG for hello_with_parameters_dag
[2023-07-05T13:43:57.093+0000] {logging_mixin.py:149} INFO - [2023-07-05T13:43:57.092+0000] {dag.py:3490} INFO - Setting next_dagrun for hello_with_parameters_dag to None, run_after=None
[2023-07-05T13:43:57.204+0000] {processor.py:179} INFO - Processing /opt/airflow/dags/hello_with_parameters_dag.py took 1.963 seconds
[2023-07-05T13:44:31.088+0000] {processor.py:157} INFO - Started process (PID=48) to work on /opt/airflow/dags/hello_with_parameters_dag.py
[2023-07-05T13:44:31.215+0000] {processor.py:826} INFO - Processing file /opt/airflow/dags/hello_with_parameters_dag.py for tasks to queue
[2023-07-05T13:44:31.615+0000] {logging_mixin.py:149} INFO - [2023-07-05T13:44:31.594+0000] {dagbag.py:541} INFO - Filling up the DagBag from /opt/airflow/dags/hello_with_parameters_dag.py
[2023-07-05T13:44:32.335+0000] {processor.py:836} INFO - DAG(s) dict_keys(['hello_with_parameters_dag']) retrieved from /opt/airflow/dags/hello_with_parameters_dag.py
[2023-07-05T13:44:33.737+0000] {logging_mixin.py:149} INFO - [2023-07-05T13:44:33.734+0000] {dag.py:2726} INFO - Sync 1 DAGs
[2023-07-05T13:44:34.094+0000] {logging_mixin.py:149} INFO - [2023-07-05T13:44:34.094+0000] {dag.py:3490} INFO - Setting next_dagrun for hello_with_parameters_dag to None, run_after=None
[2023-07-05T13:44:34.650+0000] {processor.py:179} INFO - Processing /opt/airflow/dags/hello_with_parameters_dag.py took 3.765 seconds
[2023-07-05T13:45:05.558+0000] {processor.py:157} INFO - Started process (PID=71) to work on /opt/airflow/dags/hello_with_parameters_dag.py
[2023-07-05T13:45:05.562+0000] {processor.py:826} INFO - Processing file /opt/airflow/dags/hello_with_parameters_dag.py for tasks to queue
[2023-07-05T13:45:05.582+0000] {logging_mixin.py:149} INFO - [2023-07-05T13:45:05.580+0000] {dagbag.py:541} INFO - Filling up the DagBag from /opt/airflow/dags/hello_with_parameters_dag.py
[2023-07-05T13:45:05.630+0000] {processor.py:836} INFO - DAG(s) dict_keys(['hello_with_parameters_dag']) retrieved from /opt/airflow/dags/hello_with_parameters_dag.py
[2023-07-05T13:45:05.788+0000] {logging_mixin.py:149} INFO - [2023-07-05T13:45:05.787+0000] {dag.py:2726} INFO - Sync 1 DAGs
[2023-07-05T13:45:06.278+0000] {logging_mixin.py:149} INFO - [2023-07-05T13:45:06.278+0000] {dag.py:3490} INFO - Setting next_dagrun for hello_with_parameters_dag to None, run_after=None
[2023-07-05T13:45:06.426+0000] {processor.py:179} INFO - Processing /opt/airflow/dags/hello_with_parameters_dag.py took 0.901 seconds
[2023-07-05T13:45:36.642+0000] {processor.py:157} INFO - Started process (PID=88) to work on /opt/airflow/dags/hello_with_parameters_dag.py
[2023-07-05T13:45:36.645+0000] {processor.py:826} INFO - Processing file /opt/airflow/dags/hello_with_parameters_dag.py for tasks to queue
[2023-07-05T13:45:36.654+0000] {logging_mixin.py:149} INFO - [2023-07-05T13:45:36.654+0000] {dagbag.py:541} INFO - Filling up the DagBag from /opt/airflow/dags/hello_with_parameters_dag.py
[2023-07-05T13:45:36.674+0000] {processor.py:836} INFO - DAG(s) dict_keys(['hello_with_parameters_dag']) retrieved from /opt/airflow/dags/hello_with_parameters_dag.py
[2023-07-05T13:45:36.850+0000] {logging_mixin.py:149} INFO - [2023-07-05T13:45:36.849+0000] {dag.py:2726} INFO - Sync 1 DAGs
[2023-07-05T13:45:36.887+0000] {logging_mixin.py:149} INFO - [2023-07-05T13:45:36.887+0000] {dag.py:3490} INFO - Setting next_dagrun for hello_with_parameters_dag to None, run_after=None
[2023-07-05T13:45:36.925+0000] {processor.py:179} INFO - Processing /opt/airflow/dags/hello_with_parameters_dag.py took 0.289 seconds
[2023-07-05T13:46:07.440+0000] {processor.py:157} INFO - Started process (PID=105) to work on /opt/airflow/dags/hello_with_parameters_dag.py
[2023-07-05T13:46:07.443+0000] {processor.py:826} INFO - Processing file /opt/airflow/dags/hello_with_parameters_dag.py for tasks to queue
[2023-07-05T13:46:07.447+0000] {logging_mixin.py:149} INFO - [2023-07-05T13:46:07.447+0000] {dagbag.py:541} INFO - Filling up the DagBag from /opt/airflow/dags/hello_with_parameters_dag.py
[2023-07-05T13:46:07.468+0000] {processor.py:836} INFO - DAG(s) dict_keys(['hello_with_parameters_dag']) retrieved from /opt/airflow/dags/hello_with_parameters_dag.py
[2023-07-05T13:46:07.522+0000] {logging_mixin.py:149} INFO - [2023-07-05T13:46:07.521+0000] {dag.py:2726} INFO - Sync 1 DAGs
[2023-07-05T13:46:07.563+0000] {logging_mixin.py:149} INFO - [2023-07-05T13:46:07.563+0000] {dag.py:3490} INFO - Setting next_dagrun for hello_with_parameters_dag to None, run_after=None
[2023-07-05T13:46:07.593+0000] {processor.py:179} INFO - Processing /opt/airflow/dags/hello_with_parameters_dag.py took 0.157 seconds
[2023-07-05T13:46:37.834+0000] {processor.py:157} INFO - Started process (PID=122) to work on /opt/airflow/dags/hello_with_parameters_dag.py
[2023-07-05T13:46:37.837+0000] {processor.py:826} INFO - Processing file /opt/airflow/dags/hello_with_parameters_dag.py for tasks to queue
[2023-07-05T13:46:37.840+0000] {logging_mixin.py:149} INFO - [2023-07-05T13:46:37.840+0000] {dagbag.py:541} INFO - Filling up the DagBag from /opt/airflow/dags/hello_with_parameters_dag.py
[2023-07-05T13:46:37.859+0000] {processor.py:836} INFO - DAG(s) dict_keys(['hello_with_parameters_dag']) retrieved from /opt/airflow/dags/hello_with_parameters_dag.py
[2023-07-05T13:46:37.909+0000] {logging_mixin.py:149} INFO - [2023-07-05T13:46:37.908+0000] {dag.py:2726} INFO - Sync 1 DAGs
[2023-07-05T13:46:37.949+0000] {logging_mixin.py:149} INFO - [2023-07-05T13:46:37.949+0000] {dag.py:3490} INFO - Setting next_dagrun for hello_with_parameters_dag to None, run_after=None
[2023-07-05T13:46:37.976+0000] {processor.py:179} INFO - Processing /opt/airflow/dags/hello_with_parameters_dag.py took 0.148 seconds
[2023-07-05T13:47:08.069+0000] {processor.py:157} INFO - Started process (PID=139) to work on /opt/airflow/dags/hello_with_parameters_dag.py
[2023-07-05T13:47:08.071+0000] {processor.py:826} INFO - Processing file /opt/airflow/dags/hello_with_parameters_dag.py for tasks to queue
[2023-07-05T13:47:08.076+0000] {logging_mixin.py:149} INFO - [2023-07-05T13:47:08.076+0000] {dagbag.py:541} INFO - Filling up the DagBag from /opt/airflow/dags/hello_with_parameters_dag.py
[2023-07-05T13:47:08.107+0000] {processor.py:836} INFO - DAG(s) dict_keys(['hello_with_parameters_dag']) retrieved from /opt/airflow/dags/hello_with_parameters_dag.py
[2023-07-05T13:47:08.166+0000] {logging_mixin.py:149} INFO - [2023-07-05T13:47:08.165+0000] {dag.py:2726} INFO - Sync 1 DAGs
[2023-07-05T13:47:08.202+0000] {logging_mixin.py:149} INFO - [2023-07-05T13:47:08.201+0000] {dag.py:3490} INFO - Setting next_dagrun for hello_with_parameters_dag to None, run_after=None
[2023-07-05T13:47:08.229+0000] {processor.py:179} INFO - Processing /opt/airflow/dags/hello_with_parameters_dag.py took 0.165 seconds
[2023-07-05T13:47:38.398+0000] {processor.py:157} INFO - Started process (PID=156) to work on /opt/airflow/dags/hello_with_parameters_dag.py
[2023-07-05T13:47:38.401+0000] {processor.py:826} INFO - Processing file /opt/airflow/dags/hello_with_parameters_dag.py for tasks to queue
[2023-07-05T13:47:38.405+0000] {logging_mixin.py:149} INFO - [2023-07-05T13:47:38.405+0000] {dagbag.py:541} INFO - Filling up the DagBag from /opt/airflow/dags/hello_with_parameters_dag.py
[2023-07-05T13:47:38.437+0000] {processor.py:836} INFO - DAG(s) dict_keys(['hello_with_parameters_dag']) retrieved from /opt/airflow/dags/hello_with_parameters_dag.py
[2023-07-05T13:47:38.513+0000] {logging_mixin.py:149} INFO - [2023-07-05T13:47:38.512+0000] {dag.py:2726} INFO - Sync 1 DAGs
[2023-07-05T13:47:38.572+0000] {logging_mixin.py:149} INFO - [2023-07-05T13:47:38.571+0000] {dag.py:3490} INFO - Setting next_dagrun for hello_with_parameters_dag to None, run_after=None
[2023-07-05T13:47:38.630+0000] {processor.py:179} INFO - Processing /opt/airflow/dags/hello_with_parameters_dag.py took 0.237 seconds
[2023-07-05T13:48:09.621+0000] {processor.py:157} INFO - Started process (PID=173) to work on /opt/airflow/dags/hello_with_parameters_dag.py
[2023-07-05T13:48:09.624+0000] {processor.py:826} INFO - Processing file /opt/airflow/dags/hello_with_parameters_dag.py for tasks to queue
[2023-07-05T13:48:09.627+0000] {logging_mixin.py:149} INFO - [2023-07-05T13:48:09.627+0000] {dagbag.py:541} INFO - Filling up the DagBag from /opt/airflow/dags/hello_with_parameters_dag.py
[2023-07-05T13:48:09.643+0000] {processor.py:836} INFO - DAG(s) dict_keys(['hello_with_parameters_dag']) retrieved from /opt/airflow/dags/hello_with_parameters_dag.py
[2023-07-05T13:48:09.684+0000] {logging_mixin.py:149} INFO - [2023-07-05T13:48:09.683+0000] {dag.py:2726} INFO - Sync 1 DAGs
[2023-07-05T13:48:09.718+0000] {logging_mixin.py:149} INFO - [2023-07-05T13:48:09.718+0000] {dag.py:3490} INFO - Setting next_dagrun for hello_with_parameters_dag to None, run_after=None
[2023-07-05T13:48:09.742+0000] {processor.py:179} INFO - Processing /opt/airflow/dags/hello_with_parameters_dag.py took 0.125 seconds
[2023-07-05T13:48:40.021+0000] {processor.py:157} INFO - Started process (PID=190) to work on /opt/airflow/dags/hello_with_parameters_dag.py
[2023-07-05T13:48:40.024+0000] {processor.py:826} INFO - Processing file /opt/airflow/dags/hello_with_parameters_dag.py for tasks to queue
[2023-07-05T13:48:40.029+0000] {logging_mixin.py:149} INFO - [2023-07-05T13:48:40.028+0000] {dagbag.py:541} INFO - Filling up the DagBag from /opt/airflow/dags/hello_with_parameters_dag.py
[2023-07-05T13:48:40.044+0000] {processor.py:836} INFO - DAG(s) dict_keys(['hello_with_parameters_dag']) retrieved from /opt/airflow/dags/hello_with_parameters_dag.py
[2023-07-05T13:48:40.089+0000] {logging_mixin.py:149} INFO - [2023-07-05T13:48:40.088+0000] {dag.py:2726} INFO - Sync 1 DAGs
[2023-07-05T13:48:40.123+0000] {logging_mixin.py:149} INFO - [2023-07-05T13:48:40.123+0000] {dag.py:3490} INFO - Setting next_dagrun for hello_with_parameters_dag to None, run_after=None
[2023-07-05T13:48:40.195+0000] {processor.py:179} INFO - Processing /opt/airflow/dags/hello_with_parameters_dag.py took 0.179 seconds
[2023-07-05T13:49:10.992+0000] {processor.py:157} INFO - Started process (PID=207) to work on /opt/airflow/dags/hello_with_parameters_dag.py
[2023-07-05T13:49:10.995+0000] {processor.py:826} INFO - Processing file /opt/airflow/dags/hello_with_parameters_dag.py for tasks to queue
[2023-07-05T13:49:10.999+0000] {logging_mixin.py:149} INFO - [2023-07-05T13:49:10.999+0000] {dagbag.py:541} INFO - Filling up the DagBag from /opt/airflow/dags/hello_with_parameters_dag.py
[2023-07-05T13:49:11.061+0000] {processor.py:836} INFO - DAG(s) dict_keys(['hello_with_parameters_dag']) retrieved from /opt/airflow/dags/hello_with_parameters_dag.py
[2023-07-05T13:49:11.172+0000] {logging_mixin.py:149} INFO - [2023-07-05T13:49:11.171+0000] {dag.py:2726} INFO - Sync 1 DAGs
[2023-07-05T13:49:11.246+0000] {logging_mixin.py:149} INFO - [2023-07-05T13:49:11.246+0000] {dag.py:3490} INFO - Setting next_dagrun for hello_with_parameters_dag to None, run_after=None
[2023-07-05T13:49:11.297+0000] {processor.py:179} INFO - Processing /opt/airflow/dags/hello_with_parameters_dag.py took 0.310 seconds
[2023-07-05T13:49:41.693+0000] {processor.py:157} INFO - Started process (PID=223) to work on /opt/airflow/dags/hello_with_parameters_dag.py
[2023-07-05T13:49:41.754+0000] {processor.py:826} INFO - Processing file /opt/airflow/dags/hello_with_parameters_dag.py for tasks to queue
[2023-07-05T13:49:41.773+0000] {logging_mixin.py:149} INFO - [2023-07-05T13:49:41.773+0000] {dagbag.py:541} INFO - Filling up the DagBag from /opt/airflow/dags/hello_with_parameters_dag.py
[2023-07-05T13:49:41.830+0000] {processor.py:836} INFO - DAG(s) dict_keys(['hello_with_parameters_dag']) retrieved from /opt/airflow/dags/hello_with_parameters_dag.py
[2023-07-05T13:49:42.688+0000] {logging_mixin.py:149} INFO - [2023-07-05T13:49:42.686+0000] {dag.py:2726} INFO - Sync 1 DAGs
[2023-07-05T13:49:42.884+0000] {logging_mixin.py:149} INFO - [2023-07-05T13:49:42.884+0000] {dag.py:3490} INFO - Setting next_dagrun for hello_with_parameters_dag to None, run_after=None
[2023-07-05T13:49:42.969+0000] {processor.py:179} INFO - Processing /opt/airflow/dags/hello_with_parameters_dag.py took 1.291 seconds
[2023-07-05T13:50:13.104+0000] {processor.py:157} INFO - Started process (PID=240) to work on /opt/airflow/dags/hello_with_parameters_dag.py
[2023-07-05T13:50:13.108+0000] {processor.py:826} INFO - Processing file /opt/airflow/dags/hello_with_parameters_dag.py for tasks to queue
[2023-07-05T13:50:13.112+0000] {logging_mixin.py:149} INFO - [2023-07-05T13:50:13.111+0000] {dagbag.py:541} INFO - Filling up the DagBag from /opt/airflow/dags/hello_with_parameters_dag.py
[2023-07-05T13:50:13.135+0000] {processor.py:836} INFO - DAG(s) dict_keys(['hello_with_parameters_dag']) retrieved from /opt/airflow/dags/hello_with_parameters_dag.py
[2023-07-05T13:50:13.193+0000] {logging_mixin.py:149} INFO - [2023-07-05T13:50:13.192+0000] {dag.py:2726} INFO - Sync 1 DAGs
[2023-07-05T13:50:13.232+0000] {logging_mixin.py:149} INFO - [2023-07-05T13:50:13.231+0000] {dag.py:3490} INFO - Setting next_dagrun for hello_with_parameters_dag to None, run_after=None
[2023-07-05T13:50:13.262+0000] {processor.py:179} INFO - Processing /opt/airflow/dags/hello_with_parameters_dag.py took 0.163 seconds
[2023-07-05T13:50:43.560+0000] {processor.py:157} INFO - Started process (PID=257) to work on /opt/airflow/dags/hello_with_parameters_dag.py
[2023-07-05T13:50:43.562+0000] {processor.py:826} INFO - Processing file /opt/airflow/dags/hello_with_parameters_dag.py for tasks to queue
[2023-07-05T13:50:43.566+0000] {logging_mixin.py:149} INFO - [2023-07-05T13:50:43.566+0000] {dagbag.py:541} INFO - Filling up the DagBag from /opt/airflow/dags/hello_with_parameters_dag.py
[2023-07-05T13:50:43.580+0000] {processor.py:836} INFO - DAG(s) dict_keys(['hello_with_parameters_dag']) retrieved from /opt/airflow/dags/hello_with_parameters_dag.py
[2023-07-05T13:50:43.620+0000] {logging_mixin.py:149} INFO - [2023-07-05T13:50:43.620+0000] {dag.py:2726} INFO - Sync 1 DAGs
[2023-07-05T13:50:43.662+0000] {logging_mixin.py:149} INFO - [2023-07-05T13:50:43.661+0000] {dag.py:3490} INFO - Setting next_dagrun for hello_with_parameters_dag to None, run_after=None
[2023-07-05T13:50:43.700+0000] {processor.py:179} INFO - Processing /opt/airflow/dags/hello_with_parameters_dag.py took 0.144 seconds
[2023-07-05T13:51:13.823+0000] {processor.py:157} INFO - Started process (PID=274) to work on /opt/airflow/dags/hello_with_parameters_dag.py
[2023-07-05T13:51:13.825+0000] {processor.py:826} INFO - Processing file /opt/airflow/dags/hello_with_parameters_dag.py for tasks to queue
[2023-07-05T13:51:13.829+0000] {logging_mixin.py:149} INFO - [2023-07-05T13:51:13.829+0000] {dagbag.py:541} INFO - Filling up the DagBag from /opt/airflow/dags/hello_with_parameters_dag.py
[2023-07-05T13:51:13.845+0000] {processor.py:836} INFO - DAG(s) dict_keys(['hello_with_parameters_dag']) retrieved from /opt/airflow/dags/hello_with_parameters_dag.py
[2023-07-05T13:51:13.887+0000] {logging_mixin.py:149} INFO - [2023-07-05T13:51:13.886+0000] {dag.py:2726} INFO - Sync 1 DAGs
[2023-07-05T13:51:13.923+0000] {logging_mixin.py:149} INFO - [2023-07-05T13:51:13.923+0000] {dag.py:3490} INFO - Setting next_dagrun for hello_with_parameters_dag to None, run_after=None
[2023-07-05T13:51:13.952+0000] {processor.py:179} INFO - Processing /opt/airflow/dags/hello_with_parameters_dag.py took 0.134 seconds
[2023-07-05T13:51:44.194+0000] {processor.py:157} INFO - Started process (PID=291) to work on /opt/airflow/dags/hello_with_parameters_dag.py
[2023-07-05T13:51:44.198+0000] {processor.py:826} INFO - Processing file /opt/airflow/dags/hello_with_parameters_dag.py for tasks to queue
[2023-07-05T13:51:44.204+0000] {logging_mixin.py:149} INFO - [2023-07-05T13:51:44.204+0000] {dagbag.py:541} INFO - Filling up the DagBag from /opt/airflow/dags/hello_with_parameters_dag.py
[2023-07-05T13:51:44.222+0000] {processor.py:836} INFO - DAG(s) dict_keys(['hello_with_parameters_dag']) retrieved from /opt/airflow/dags/hello_with_parameters_dag.py
[2023-07-05T13:51:44.269+0000] {logging_mixin.py:149} INFO - [2023-07-05T13:51:44.268+0000] {dag.py:2726} INFO - Sync 1 DAGs
[2023-07-05T13:51:44.306+0000] {logging_mixin.py:149} INFO - [2023-07-05T13:51:44.306+0000] {dag.py:3490} INFO - Setting next_dagrun for hello_with_parameters_dag to None, run_after=None
[2023-07-05T13:51:44.339+0000] {processor.py:179} INFO - Processing /opt/airflow/dags/hello_with_parameters_dag.py took 0.150 seconds
[2023-07-05T13:52:14.453+0000] {processor.py:157} INFO - Started process (PID=308) to work on /opt/airflow/dags/hello_with_parameters_dag.py
[2023-07-05T13:52:14.455+0000] {processor.py:826} INFO - Processing file /opt/airflow/dags/hello_with_parameters_dag.py for tasks to queue
[2023-07-05T13:52:14.459+0000] {logging_mixin.py:149} INFO - [2023-07-05T13:52:14.459+0000] {dagbag.py:541} INFO - Filling up the DagBag from /opt/airflow/dags/hello_with_parameters_dag.py
[2023-07-05T13:52:14.473+0000] {processor.py:836} INFO - DAG(s) dict_keys(['hello_with_parameters_dag']) retrieved from /opt/airflow/dags/hello_with_parameters_dag.py
[2023-07-05T13:52:14.515+0000] {logging_mixin.py:149} INFO - [2023-07-05T13:52:14.514+0000] {dag.py:2726} INFO - Sync 1 DAGs
[2023-07-05T13:52:14.550+0000] {logging_mixin.py:149} INFO - [2023-07-05T13:52:14.549+0000] {dag.py:3490} INFO - Setting next_dagrun for hello_with_parameters_dag to None, run_after=None
[2023-07-05T13:52:14.575+0000] {processor.py:179} INFO - Processing /opt/airflow/dags/hello_with_parameters_dag.py took 0.127 seconds
[2023-07-05T13:52:44.648+0000] {processor.py:157} INFO - Started process (PID=325) to work on /opt/airflow/dags/hello_with_parameters_dag.py
[2023-07-05T13:52:44.651+0000] {processor.py:826} INFO - Processing file /opt/airflow/dags/hello_with_parameters_dag.py for tasks to queue
[2023-07-05T13:52:44.656+0000] {logging_mixin.py:149} INFO - [2023-07-05T13:52:44.656+0000] {dagbag.py:541} INFO - Filling up the DagBag from /opt/airflow/dags/hello_with_parameters_dag.py
[2023-07-05T13:52:44.675+0000] {processor.py:836} INFO - DAG(s) dict_keys(['hello_with_parameters_dag']) retrieved from /opt/airflow/dags/hello_with_parameters_dag.py
[2023-07-05T13:52:44.720+0000] {logging_mixin.py:149} INFO - [2023-07-05T13:52:44.720+0000] {dag.py:2726} INFO - Sync 1 DAGs
[2023-07-05T13:52:44.760+0000] {logging_mixin.py:149} INFO - [2023-07-05T13:52:44.760+0000] {dag.py:3490} INFO - Setting next_dagrun for hello_with_parameters_dag to None, run_after=None
[2023-07-05T13:52:44.794+0000] {processor.py:179} INFO - Processing /opt/airflow/dags/hello_with_parameters_dag.py took 0.155 seconds
[2023-07-05T13:53:15.726+0000] {processor.py:157} INFO - Started process (PID=342) to work on /opt/airflow/dags/hello_with_parameters_dag.py
[2023-07-05T13:53:15.729+0000] {processor.py:826} INFO - Processing file /opt/airflow/dags/hello_with_parameters_dag.py for tasks to queue
[2023-07-05T13:53:15.734+0000] {logging_mixin.py:149} INFO - [2023-07-05T13:53:15.734+0000] {dagbag.py:541} INFO - Filling up the DagBag from /opt/airflow/dags/hello_with_parameters_dag.py
[2023-07-05T13:53:15.757+0000] {processor.py:836} INFO - DAG(s) dict_keys(['hello_with_parameters_dag']) retrieved from /opt/airflow/dags/hello_with_parameters_dag.py
[2023-07-05T13:53:15.817+0000] {logging_mixin.py:149} INFO - [2023-07-05T13:53:15.816+0000] {dag.py:2726} INFO - Sync 1 DAGs
[2023-07-05T13:53:15.863+0000] {logging_mixin.py:149} INFO - [2023-07-05T13:53:15.863+0000] {dag.py:3490} INFO - Setting next_dagrun for hello_with_parameters_dag to None, run_after=None
[2023-07-05T13:53:15.900+0000] {processor.py:179} INFO - Processing /opt/airflow/dags/hello_with_parameters_dag.py took 0.181 seconds
[2023-07-05T13:53:46.795+0000] {processor.py:157} INFO - Started process (PID=359) to work on /opt/airflow/dags/hello_with_parameters_dag.py
[2023-07-05T13:53:46.797+0000] {processor.py:826} INFO - Processing file /opt/airflow/dags/hello_with_parameters_dag.py for tasks to queue
[2023-07-05T13:53:46.805+0000] {logging_mixin.py:149} INFO - [2023-07-05T13:53:46.805+0000] {dagbag.py:541} INFO - Filling up the DagBag from /opt/airflow/dags/hello_with_parameters_dag.py
[2023-07-05T13:53:46.827+0000] {processor.py:836} INFO - DAG(s) dict_keys(['hello_with_parameters_dag']) retrieved from /opt/airflow/dags/hello_with_parameters_dag.py
[2023-07-05T13:53:46.900+0000] {logging_mixin.py:149} INFO - [2023-07-05T13:53:46.899+0000] {dag.py:2726} INFO - Sync 1 DAGs
[2023-07-05T13:53:46.945+0000] {logging_mixin.py:149} INFO - [2023-07-05T13:53:46.945+0000] {dag.py:3490} INFO - Setting next_dagrun for hello_with_parameters_dag to None, run_after=None
[2023-07-05T13:53:46.970+0000] {processor.py:179} INFO - Processing /opt/airflow/dags/hello_with_parameters_dag.py took 0.182 seconds
[2023-07-05T13:54:17.115+0000] {processor.py:157} INFO - Started process (PID=376) to work on /opt/airflow/dags/hello_with_parameters_dag.py
[2023-07-05T13:54:17.118+0000] {processor.py:826} INFO - Processing file /opt/airflow/dags/hello_with_parameters_dag.py for tasks to queue
[2023-07-05T13:54:17.122+0000] {logging_mixin.py:149} INFO - [2023-07-05T13:54:17.121+0000] {dagbag.py:541} INFO - Filling up the DagBag from /opt/airflow/dags/hello_with_parameters_dag.py
[2023-07-05T13:54:17.137+0000] {processor.py:836} INFO - DAG(s) dict_keys(['hello_with_parameters_dag']) retrieved from /opt/airflow/dags/hello_with_parameters_dag.py
[2023-07-05T13:54:17.199+0000] {logging_mixin.py:149} INFO - [2023-07-05T13:54:17.198+0000] {dag.py:2726} INFO - Sync 1 DAGs
[2023-07-05T13:54:17.258+0000] {logging_mixin.py:149} INFO - [2023-07-05T13:54:17.258+0000] {dag.py:3490} INFO - Setting next_dagrun for hello_with_parameters_dag to None, run_after=None
[2023-07-05T13:54:17.298+0000] {processor.py:179} INFO - Processing /opt/airflow/dags/hello_with_parameters_dag.py took 0.188 seconds
[2023-07-05T13:54:47.379+0000] {processor.py:157} INFO - Started process (PID=393) to work on /opt/airflow/dags/hello_with_parameters_dag.py
[2023-07-05T13:54:47.381+0000] {processor.py:826} INFO - Processing file /opt/airflow/dags/hello_with_parameters_dag.py for tasks to queue
[2023-07-05T13:54:47.385+0000] {logging_mixin.py:149} INFO - [2023-07-05T13:54:47.385+0000] {dagbag.py:541} INFO - Filling up the DagBag from /opt/airflow/dags/hello_with_parameters_dag.py
[2023-07-05T13:54:47.398+0000] {processor.py:836} INFO - DAG(s) dict_keys(['hello_with_parameters_dag']) retrieved from /opt/airflow/dags/hello_with_parameters_dag.py
[2023-07-05T13:54:47.437+0000] {logging_mixin.py:149} INFO - [2023-07-05T13:54:47.437+0000] {dag.py:2726} INFO - Sync 1 DAGs
[2023-07-05T13:54:47.471+0000] {logging_mixin.py:149} INFO - [2023-07-05T13:54:47.471+0000] {dag.py:3490} INFO - Setting next_dagrun for hello_with_parameters_dag to None, run_after=None
[2023-07-05T13:54:47.495+0000] {processor.py:179} INFO - Processing /opt/airflow/dags/hello_with_parameters_dag.py took 0.122 seconds
[2023-07-05T13:55:18.399+0000] {processor.py:157} INFO - Started process (PID=411) to work on /opt/airflow/dags/hello_with_parameters_dag.py
[2023-07-05T13:55:18.405+0000] {processor.py:826} INFO - Processing file /opt/airflow/dags/hello_with_parameters_dag.py for tasks to queue
[2023-07-05T13:55:18.414+0000] {logging_mixin.py:149} INFO - [2023-07-05T13:55:18.414+0000] {dagbag.py:541} INFO - Filling up the DagBag from /opt/airflow/dags/hello_with_parameters_dag.py
[2023-07-05T13:55:18.440+0000] {processor.py:836} INFO - DAG(s) dict_keys(['hello_with_parameters_dag']) retrieved from /opt/airflow/dags/hello_with_parameters_dag.py
[2023-07-05T13:55:18.509+0000] {logging_mixin.py:149} INFO - [2023-07-05T13:55:18.509+0000] {dag.py:2726} INFO - Sync 1 DAGs
[2023-07-05T13:55:18.552+0000] {logging_mixin.py:149} INFO - [2023-07-05T13:55:18.551+0000] {dag.py:3490} INFO - Setting next_dagrun for hello_with_parameters_dag to None, run_after=None
[2023-07-05T13:55:18.587+0000] {processor.py:179} INFO - Processing /opt/airflow/dags/hello_with_parameters_dag.py took 0.192 seconds
[2023-07-05T13:55:48.849+0000] {processor.py:157} INFO - Started process (PID=429) to work on /opt/airflow/dags/hello_with_parameters_dag.py
[2023-07-05T13:55:48.852+0000] {processor.py:826} INFO - Processing file /opt/airflow/dags/hello_with_parameters_dag.py for tasks to queue
[2023-07-05T13:55:48.856+0000] {logging_mixin.py:149} INFO - [2023-07-05T13:55:48.856+0000] {dagbag.py:541} INFO - Filling up the DagBag from /opt/airflow/dags/hello_with_parameters_dag.py
[2023-07-05T13:55:48.908+0000] {processor.py:836} INFO - DAG(s) dict_keys(['hello_with_parameters_dag']) retrieved from /opt/airflow/dags/hello_with_parameters_dag.py
[2023-07-05T13:55:48.969+0000] {logging_mixin.py:149} INFO - [2023-07-05T13:55:48.968+0000] {dag.py:2726} INFO - Sync 1 DAGs
[2023-07-05T13:55:49.004+0000] {logging_mixin.py:149} INFO - [2023-07-05T13:55:49.004+0000] {dag.py:3490} INFO - Setting next_dagrun for hello_with_parameters_dag to None, run_after=None
[2023-07-05T13:55:49.029+0000] {processor.py:179} INFO - Processing /opt/airflow/dags/hello_with_parameters_dag.py took 0.185 seconds
[2023-07-05T13:56:19.994+0000] {processor.py:157} INFO - Started process (PID=447) to work on /opt/airflow/dags/hello_with_parameters_dag.py
[2023-07-05T13:56:19.997+0000] {processor.py:826} INFO - Processing file /opt/airflow/dags/hello_with_parameters_dag.py for tasks to queue
[2023-07-05T13:56:19.999+0000] {logging_mixin.py:149} INFO - [2023-07-05T13:56:19.998+0000] {dagbag.py:541} INFO - Filling up the DagBag from /opt/airflow/dags/hello_with_parameters_dag.py
[2023-07-05T13:56:20.014+0000] {processor.py:836} INFO - DAG(s) dict_keys(['hello_with_parameters_dag']) retrieved from /opt/airflow/dags/hello_with_parameters_dag.py
[2023-07-05T13:56:20.057+0000] {logging_mixin.py:149} INFO - [2023-07-05T13:56:20.057+0000] {dag.py:2726} INFO - Sync 1 DAGs
[2023-07-05T13:56:20.093+0000] {logging_mixin.py:149} INFO - [2023-07-05T13:56:20.093+0000] {dag.py:3490} INFO - Setting next_dagrun for hello_with_parameters_dag to None, run_after=None
[2023-07-05T13:56:20.120+0000] {processor.py:179} INFO - Processing /opt/airflow/dags/hello_with_parameters_dag.py took 0.131 seconds
[2023-07-05T13:56:50.342+0000] {processor.py:157} INFO - Started process (PID=464) to work on /opt/airflow/dags/hello_with_parameters_dag.py
[2023-07-05T13:56:50.346+0000] {processor.py:826} INFO - Processing file /opt/airflow/dags/hello_with_parameters_dag.py for tasks to queue
[2023-07-05T13:56:50.348+0000] {logging_mixin.py:149} INFO - [2023-07-05T13:56:50.348+0000] {dagbag.py:541} INFO - Filling up the DagBag from /opt/airflow/dags/hello_with_parameters_dag.py
[2023-07-05T13:56:50.368+0000] {processor.py:836} INFO - DAG(s) dict_keys(['hello_with_parameters_dag']) retrieved from /opt/airflow/dags/hello_with_parameters_dag.py
[2023-07-05T13:56:50.411+0000] {logging_mixin.py:149} INFO - [2023-07-05T13:56:50.411+0000] {dag.py:2726} INFO - Sync 1 DAGs
[2023-07-05T13:56:50.447+0000] {logging_mixin.py:149} INFO - [2023-07-05T13:56:50.447+0000] {dag.py:3490} INFO - Setting next_dagrun for hello_with_parameters_dag to None, run_after=None
[2023-07-05T13:56:50.474+0000] {processor.py:179} INFO - Processing /opt/airflow/dags/hello_with_parameters_dag.py took 0.137 seconds
[2023-07-05T13:57:21.351+0000] {processor.py:157} INFO - Started process (PID=481) to work on /opt/airflow/dags/hello_with_parameters_dag.py
[2023-07-05T13:57:21.353+0000] {processor.py:826} INFO - Processing file /opt/airflow/dags/hello_with_parameters_dag.py for tasks to queue
[2023-07-05T13:57:21.356+0000] {logging_mixin.py:149} INFO - [2023-07-05T13:57:21.355+0000] {dagbag.py:541} INFO - Filling up the DagBag from /opt/airflow/dags/hello_with_parameters_dag.py
[2023-07-05T13:57:21.372+0000] {processor.py:836} INFO - DAG(s) dict_keys(['hello_with_parameters_dag']) retrieved from /opt/airflow/dags/hello_with_parameters_dag.py
[2023-07-05T13:57:21.417+0000] {logging_mixin.py:149} INFO - [2023-07-05T13:57:21.417+0000] {dag.py:2726} INFO - Sync 1 DAGs
[2023-07-05T13:57:21.452+0000] {logging_mixin.py:149} INFO - [2023-07-05T13:57:21.452+0000] {dag.py:3490} INFO - Setting next_dagrun for hello_with_parameters_dag to None, run_after=None
[2023-07-05T13:57:21.478+0000] {processor.py:179} INFO - Processing /opt/airflow/dags/hello_with_parameters_dag.py took 0.133 seconds
[2023-07-05T13:57:53.801+0000] {processor.py:157} INFO - Started process (PID=498) to work on /opt/airflow/dags/hello_with_parameters_dag.py
[2023-07-05T13:57:53.823+0000] {processor.py:826} INFO - Processing file /opt/airflow/dags/hello_with_parameters_dag.py for tasks to queue
[2023-07-05T13:57:53.890+0000] {logging_mixin.py:149} INFO - [2023-07-05T13:57:53.889+0000] {dagbag.py:541} INFO - Filling up the DagBag from /opt/airflow/dags/hello_with_parameters_dag.py
[2023-07-05T13:57:53.952+0000] {processor.py:836} INFO - DAG(s) dict_keys(['hello_with_parameters_dag']) retrieved from /opt/airflow/dags/hello_with_parameters_dag.py
[2023-07-05T13:57:54.234+0000] {logging_mixin.py:149} INFO - [2023-07-05T13:57:54.233+0000] {dag.py:2726} INFO - Sync 1 DAGs
[2023-07-05T13:57:54.682+0000] {logging_mixin.py:149} INFO - [2023-07-05T13:57:54.682+0000] {dag.py:3490} INFO - Setting next_dagrun for hello_with_parameters_dag to None, run_after=None
[2023-07-05T13:57:55.144+0000] {processor.py:179} INFO - Processing /opt/airflow/dags/hello_with_parameters_dag.py took 1.382 seconds
[2023-07-05T14:15:26.544+0000] {processor.py:157} INFO - Started process (PID=32) to work on /opt/airflow/dags/hello_with_parameters_dag.py
[2023-07-05T14:15:26.550+0000] {processor.py:826} INFO - Processing file /opt/airflow/dags/hello_with_parameters_dag.py for tasks to queue
[2023-07-05T14:15:26.555+0000] {logging_mixin.py:149} INFO - [2023-07-05T14:15:26.554+0000] {dagbag.py:541} INFO - Filling up the DagBag from /opt/airflow/dags/hello_with_parameters_dag.py
[2023-07-05T14:15:26.634+0000] {processor.py:836} INFO - DAG(s) dict_keys(['hello_with_parameters_dag']) retrieved from /opt/airflow/dags/hello_with_parameters_dag.py
[2023-07-05T14:15:27.221+0000] {logging_mixin.py:149} INFO - [2023-07-05T14:15:27.220+0000] {dag.py:2726} INFO - Sync 1 DAGs
[2023-07-05T14:15:27.280+0000] {logging_mixin.py:149} INFO - [2023-07-05T14:15:27.280+0000] {dag.py:3490} INFO - Setting next_dagrun for hello_with_parameters_dag to None, run_after=None
[2023-07-05T14:15:27.469+0000] {processor.py:179} INFO - Processing /opt/airflow/dags/hello_with_parameters_dag.py took 0.952 seconds
[2023-07-05T14:15:57.981+0000] {processor.py:157} INFO - Started process (PID=48) to work on /opt/airflow/dags/hello_with_parameters_dag.py
[2023-07-05T14:15:57.987+0000] {processor.py:826} INFO - Processing file /opt/airflow/dags/hello_with_parameters_dag.py for tasks to queue
[2023-07-05T14:15:58.002+0000] {logging_mixin.py:149} INFO - [2023-07-05T14:15:58.001+0000] {dagbag.py:541} INFO - Filling up the DagBag from /opt/airflow/dags/hello_with_parameters_dag.py
[2023-07-05T14:15:58.061+0000] {processor.py:836} INFO - DAG(s) dict_keys(['hello_with_parameters_dag']) retrieved from /opt/airflow/dags/hello_with_parameters_dag.py
[2023-07-05T14:15:58.155+0000] {logging_mixin.py:149} INFO - [2023-07-05T14:15:58.154+0000] {dag.py:2726} INFO - Sync 1 DAGs
[2023-07-05T14:15:58.280+0000] {logging_mixin.py:149} INFO - [2023-07-05T14:15:58.280+0000] {dag.py:3490} INFO - Setting next_dagrun for hello_with_parameters_dag to None, run_after=None
[2023-07-05T14:15:58.328+0000] {processor.py:179} INFO - Processing /opt/airflow/dags/hello_with_parameters_dag.py took 0.357 seconds
[2023-07-05T14:16:28.975+0000] {processor.py:157} INFO - Started process (PID=64) to work on /opt/airflow/dags/hello_with_parameters_dag.py
[2023-07-05T14:16:28.980+0000] {processor.py:826} INFO - Processing file /opt/airflow/dags/hello_with_parameters_dag.py for tasks to queue
[2023-07-05T14:16:29.001+0000] {logging_mixin.py:149} INFO - [2023-07-05T14:16:29.000+0000] {dagbag.py:541} INFO - Filling up the DagBag from /opt/airflow/dags/hello_with_parameters_dag.py
[2023-07-05T14:16:29.332+0000] {processor.py:836} INFO - DAG(s) dict_keys(['hello_with_parameters_dag']) retrieved from /opt/airflow/dags/hello_with_parameters_dag.py
[2023-07-05T14:16:30.030+0000] {logging_mixin.py:149} INFO - [2023-07-05T14:16:30.028+0000] {dag.py:2726} INFO - Sync 1 DAGs
[2023-07-05T14:16:30.470+0000] {logging_mixin.py:149} INFO - [2023-07-05T14:16:30.461+0000] {dag.py:3490} INFO - Setting next_dagrun for hello_with_parameters_dag to None, run_after=None
[2023-07-05T14:16:30.684+0000] {processor.py:179} INFO - Processing /opt/airflow/dags/hello_with_parameters_dag.py took 1.720 seconds
[2023-07-05T14:17:01.101+0000] {processor.py:157} INFO - Started process (PID=80) to work on /opt/airflow/dags/hello_with_parameters_dag.py
[2023-07-05T14:17:01.105+0000] {processor.py:826} INFO - Processing file /opt/airflow/dags/hello_with_parameters_dag.py for tasks to queue
[2023-07-05T14:17:01.108+0000] {logging_mixin.py:149} INFO - [2023-07-05T14:17:01.108+0000] {dagbag.py:541} INFO - Filling up the DagBag from /opt/airflow/dags/hello_with_parameters_dag.py
[2023-07-05T14:17:01.131+0000] {processor.py:836} INFO - DAG(s) dict_keys(['hello_with_parameters_dag']) retrieved from /opt/airflow/dags/hello_with_parameters_dag.py
[2023-07-05T14:17:01.190+0000] {logging_mixin.py:149} INFO - [2023-07-05T14:17:01.190+0000] {dag.py:2726} INFO - Sync 1 DAGs
[2023-07-05T14:17:01.231+0000] {logging_mixin.py:149} INFO - [2023-07-05T14:17:01.231+0000] {dag.py:3490} INFO - Setting next_dagrun for hello_with_parameters_dag to None, run_after=None
[2023-07-05T14:17:01.260+0000] {processor.py:179} INFO - Processing /opt/airflow/dags/hello_with_parameters_dag.py took 0.168 seconds
