[2023-07-05T13:43:54.626+0000] {manager.py:487} INFO - Processing files using up to 2 processes at a time 
[2023-07-05T13:43:54.633+0000] {manager.py:488} INFO - Process each file at most once every 30 seconds
[2023-07-05T13:43:54.644+0000] {manager.py:490} INFO - Checking for new files in /opt/airflow/dags every 300 seconds
[2023-07-05T13:43:54.653+0000] {manager.py:758} INFO - Searching for files in /opt/airflow/dags
[2023-07-05T13:43:54.852+0000] {manager.py:761} INFO - There are 10 files in /opt/airflow/dags
[2023-07-05T13:43:55.487+0000] {manager.py:889} INFO - 
================================================================================
DAG File Processing Stats

File Path                                                 PID  Runtime      # DAGs    # Errors  Last Runtime    Last Run
------------------------------------------------------  -----  ---------  --------  ----------  --------------  ----------
/opt/airflow/dags/exercise15.py                                                  0           0
/opt/airflow/dags/exercise16.py                                                  0           0
/opt/airflow/dags/exercise17.py                                                  0           0
/opt/airflow/dags/exercise18.py                                                  0           0
/opt/airflow/dags/hello.py                                                       0           0
/opt/airflow/dags/hello_operator.py                                              0           0
/opt/airflow/dags/hello_operator_with_relations_dag.py                           0           0
/opt/airflow/dags/hello_with_multiple_outputs_dag.py                             0           0
/opt/airflow/dags/hello_with_parameters_dag.py             32  0.30s             0           0
/opt/airflow/dags/hello_with_passing_data_dag.py           31  0.33s             0           0
================================================================================
[2023-07-05T13:44:26.253+0000] {manager.py:889} INFO - 
================================================================================
DAG File Processing Stats

File Path                                               PID    Runtime      # DAGs    # Errors  Last Runtime    Last Run
------------------------------------------------------  -----  ---------  --------  ----------  --------------  -------------------
/opt/airflow/dags/exercise15.py                                                  1           0  3.16s           2023-07-05T13:44:11
/opt/airflow/dags/exercise16.py                                                  1           0  2.91s           2023-07-05T13:44:10
/opt/airflow/dags/exercise17.py                                                  1           0  2.20s           2023-07-05T13:44:08
/opt/airflow/dags/exercise18.py                                                  1           0  1.87s           2023-07-05T13:44:07
/opt/airflow/dags/hello.py                                                       1           0  4.83s           2023-07-05T13:44:05
/opt/airflow/dags/hello_operator.py                                              1           0  5.40s           2023-07-05T13:44:05
/opt/airflow/dags/hello_operator_with_relations_dag.py                           1           0  3.03s           2023-07-05T13:44:00
/opt/airflow/dags/hello_with_multiple_outputs_dag.py                             1           0  3.04s           2023-07-05T13:44:00
/opt/airflow/dags/hello_with_parameters_dag.py                                   1           0  2.17s           2023-07-05T13:43:57
/opt/airflow/dags/hello_with_passing_data_dag.py                                 1           0  2.06s           2023-07-05T13:43:57
================================================================================
[2023-07-05T13:44:57.144+0000] {manager.py:889} INFO - 
================================================================================
DAG File Processing Stats

File Path                                               PID    Runtime      # DAGs    # Errors  Last Runtime    Last Run
------------------------------------------------------  -----  ---------  --------  ----------  --------------  -------------------
/opt/airflow/dags/exercise15.py                                                  1           0  1.02s           2023-07-05T13:44:46
/opt/airflow/dags/exercise16.py                                                  1           0  0.78s           2023-07-05T13:44:46
/opt/airflow/dags/exercise17.py                                                  1           0  0.86s           2023-07-05T13:44:45
/opt/airflow/dags/exercise18.py                                                  1           0  0.92s           2023-07-05T13:44:44
/opt/airflow/dags/hello.py                                                       1           0  1.21s           2023-07-05T13:44:44
/opt/airflow/dags/hello_operator.py                                              1           0  6.36s           2023-07-05T13:44:42
/opt/airflow/dags/hello_operator_with_relations_dag.py                           1           0  7.05s           2023-07-05T13:44:42
/opt/airflow/dags/hello_with_multiple_outputs_dag.py                             1           0  0.80s           2023-07-05T13:44:35
/opt/airflow/dags/hello_with_parameters_dag.py                                   1           0  4.97s           2023-07-05T13:44:34
/opt/airflow/dags/hello_with_passing_data_dag.py                                 1           0  6.68s           2023-07-05T13:44:34
================================================================================
[2023-07-05T13:45:27.518+0000] {manager.py:889} INFO - 
================================================================================
DAG File Processing Stats

File Path                                               PID    Runtime      # DAGs    # Errors  Last Runtime    Last Run
------------------------------------------------------  -----  ---------  --------  ----------  --------------  -------------------
/opt/airflow/dags/exercise15.py                                                  1           0  1.87s           2023-07-05T13:45:21
/opt/airflow/dags/exercise16.py                                                  1           0  2.75s           2023-07-05T13:45:21
/opt/airflow/dags/exercise17.py                                                  1           0  2.28s           2023-07-05T13:45:19
/opt/airflow/dags/exercise18.py                                                  1           0  2.09s           2023-07-05T13:45:17
/opt/airflow/dags/hello.py                                                       1           0  2.34s           2023-07-05T13:45:17
/opt/airflow/dags/hello_operator.py                                              1           0  2.05s           2023-07-05T13:45:15
/opt/airflow/dags/hello_operator_with_relations_dag.py                           1           0  2.71s           2023-07-05T13:45:15
/opt/airflow/dags/hello_with_multiple_outputs_dag.py                             1           0  0.26s           2023-07-05T13:45:06
/opt/airflow/dags/hello_with_parameters_dag.py                                   1           0  0.97s           2023-07-05T13:45:06
/opt/airflow/dags/hello_with_passing_data_dag.py                                 1           0  1.04s           2023-07-05T13:45:06
================================================================================
[2023-07-05T13:45:58.144+0000] {manager.py:889} INFO - 
================================================================================
DAG File Processing Stats

File Path                                               PID    Runtime      # DAGs    # Errors  Last Runtime    Last Run
------------------------------------------------------  -----  ---------  --------  ----------  --------------  -------------------
/opt/airflow/dags/exercise15.py                                                  1           0  0.31s           2023-07-05T13:45:52
/opt/airflow/dags/exercise16.py                                                  1           0  0.32s           2023-07-05T13:45:52
/opt/airflow/dags/exercise17.py                                                  1           0  0.36s           2023-07-05T13:45:50
/opt/airflow/dags/exercise18.py                                                  1           0  1.53s           2023-07-05T13:45:49
/opt/airflow/dags/hello.py                                                       1           0  1.57s           2023-07-05T13:45:49
/opt/airflow/dags/hello_operator.py                                              1           0  0.59s           2023-07-05T13:45:46
/opt/airflow/dags/hello_operator_with_relations_dag.py                           1           0  0.66s           2023-07-05T13:45:46
/opt/airflow/dags/hello_with_multiple_outputs_dag.py                             1           0  0.47s           2023-07-05T13:45:37
/opt/airflow/dags/hello_with_parameters_dag.py                                   1           0  0.32s           2023-07-05T13:45:36
/opt/airflow/dags/hello_with_passing_data_dag.py                                 1           0  0.32s           2023-07-05T13:45:36
================================================================================
[2023-07-05T13:46:28.421+0000] {manager.py:889} INFO - 
================================================================================
DAG File Processing Stats

File Path                                               PID    Runtime      # DAGs    # Errors  Last Runtime    Last Run
------------------------------------------------------  -----  ---------  --------  ----------  --------------  -------------------
/opt/airflow/dags/exercise15.py                                                  1           0  0.16s           2023-07-05T13:46:22
/opt/airflow/dags/exercise16.py                                                  1           0  0.17s           2023-07-05T13:46:22
/opt/airflow/dags/exercise17.py                                                  1           0  0.17s           2023-07-05T13:46:21
/opt/airflow/dags/exercise18.py                                                  1           0  0.25s           2023-07-05T13:46:20
/opt/airflow/dags/hello.py                                                       1           0  0.24s           2023-07-05T13:46:20
/opt/airflow/dags/hello_operator.py                                              1           0  0.20s           2023-07-05T13:46:17
/opt/airflow/dags/hello_operator_with_relations_dag.py                           1           0  0.29s           2023-07-05T13:46:17
/opt/airflow/dags/hello_with_multiple_outputs_dag.py                             1           0  0.15s           2023-07-05T13:46:07
/opt/airflow/dags/hello_with_parameters_dag.py                                   1           0  0.20s           2023-07-05T13:46:07
/opt/airflow/dags/hello_with_passing_data_dag.py                                 1           0  0.22s           2023-07-05T13:46:07
================================================================================
[2023-07-05T13:46:58.678+0000] {manager.py:889} INFO - 
================================================================================
DAG File Processing Stats

File Path                                               PID    Runtime      # DAGs    # Errors  Last Runtime    Last Run
------------------------------------------------------  -----  ---------  --------  ----------  --------------  -------------------
/opt/airflow/dags/exercise15.py                                                  1           0  0.15s           2023-07-05T13:46:52
/opt/airflow/dags/exercise16.py                                                  1           0  0.17s           2023-07-05T13:46:52
/opt/airflow/dags/exercise17.py                                                  1           0  0.18s           2023-07-05T13:46:51
/opt/airflow/dags/exercise18.py                                                  1           0  0.23s           2023-07-05T13:46:50
/opt/airflow/dags/hello.py                                                       1           0  0.22s           2023-07-05T13:46:50
/opt/airflow/dags/hello_operator.py                                              1           0  0.19s           2023-07-05T13:46:47
/opt/airflow/dags/hello_operator_with_relations_dag.py                           1           0  0.21s           2023-07-05T13:46:47
/opt/airflow/dags/hello_with_multiple_outputs_dag.py                             1           0  0.18s           2023-07-05T13:46:38
/opt/airflow/dags/hello_with_parameters_dag.py                                   1           0  0.18s           2023-07-05T13:46:37
/opt/airflow/dags/hello_with_passing_data_dag.py                                 1           0  0.18s           2023-07-05T13:46:37
================================================================================
[2023-07-05T13:47:29.212+0000] {manager.py:889} INFO - 
================================================================================
DAG File Processing Stats

File Path                                               PID    Runtime      # DAGs    # Errors  Last Runtime    Last Run
------------------------------------------------------  -----  ---------  --------  ----------  --------------  -------------------
/opt/airflow/dags/exercise15.py                                                  1           0  0.30s           2023-07-05T13:47:23
/opt/airflow/dags/exercise16.py                                                  1           0  0.31s           2023-07-05T13:47:23
/opt/airflow/dags/exercise17.py                                                  1           0  0.45s           2023-07-05T13:47:22
/opt/airflow/dags/exercise18.py                                                  1           0  0.26s           2023-07-05T13:47:20
/opt/airflow/dags/hello.py                                                       1           0  0.25s           2023-07-05T13:47:20
/opt/airflow/dags/hello_operator.py                                              1           0  0.21s           2023-07-05T13:47:17
/opt/airflow/dags/hello_operator_with_relations_dag.py                           1           0  0.22s           2023-07-05T13:47:17
/opt/airflow/dags/hello_with_multiple_outputs_dag.py                             1           0  0.20s           2023-07-05T13:47:08
/opt/airflow/dags/hello_with_parameters_dag.py                                   1           0  0.19s           2023-07-05T13:47:08
/opt/airflow/dags/hello_with_passing_data_dag.py                                 1           0  0.18s           2023-07-05T13:47:08
================================================================================
[2023-07-05T13:47:59.498+0000] {manager.py:889} INFO - 
================================================================================
DAG File Processing Stats

File Path                                               PID    Runtime      # DAGs    # Errors  Last Runtime    Last Run
------------------------------------------------------  -----  ---------  --------  ----------  --------------  -------------------
/opt/airflow/dags/exercise15.py                                                  1           0  0.18s           2023-07-05T13:47:53
/opt/airflow/dags/exercise16.py                                                  1           0  0.18s           2023-07-05T13:47:53
/opt/airflow/dags/exercise17.py                                                  1           0  0.19s           2023-07-05T13:47:52
/opt/airflow/dags/exercise18.py                                                  1           0  0.26s           2023-07-05T13:47:51
/opt/airflow/dags/hello.py                                                       1           0  0.24s           2023-07-05T13:47:51
/opt/airflow/dags/hello_operator.py                                              1           0  0.18s           2023-07-05T13:47:47
/opt/airflow/dags/hello_operator_with_relations_dag.py                           1           0  0.19s           2023-07-05T13:47:47
/opt/airflow/dags/hello_with_multiple_outputs_dag.py                             1           0  0.18s           2023-07-05T13:47:38
/opt/airflow/dags/hello_with_parameters_dag.py                                   1           0  0.29s           2023-07-05T13:47:38
/opt/airflow/dags/hello_with_passing_data_dag.py                                 1           0  0.29s           2023-07-05T13:47:38
================================================================================
[2023-07-05T13:48:29.802+0000] {manager.py:889} INFO - 
================================================================================
DAG File Processing Stats

File Path                                               PID    Runtime      # DAGs    # Errors  Last Runtime    Last Run
------------------------------------------------------  -----  ---------  --------  ----------  --------------  -------------------
/opt/airflow/dags/exercise15.py                                                  1           0  0.23s           2023-07-05T13:48:23
/opt/airflow/dags/exercise16.py                                                  1           0  0.24s           2023-07-05T13:48:23
/opt/airflow/dags/exercise17.py                                                  1           0  0.18s           2023-07-05T13:48:22
/opt/airflow/dags/exercise18.py                                                  1           0  0.17s           2023-07-05T13:48:21
/opt/airflow/dags/hello.py                                                       1           0  0.18s           2023-07-05T13:48:21
/opt/airflow/dags/hello_operator.py                                              1           0  0.19s           2023-07-05T13:48:18
/opt/airflow/dags/hello_operator_with_relations_dag.py                           1           0  0.21s           2023-07-05T13:48:18
/opt/airflow/dags/hello_with_multiple_outputs_dag.py                             1           0  0.15s           2023-07-05T13:48:09
/opt/airflow/dags/hello_with_parameters_dag.py                                   1           0  0.17s           2023-07-05T13:48:09
/opt/airflow/dags/hello_with_passing_data_dag.py                                 1           0  0.17s           2023-07-05T13:48:09
================================================================================
[2023-07-05T13:48:55.454+0000] {manager.py:758} INFO - Searching for files in /opt/airflow/dags
[2023-07-05T13:48:55.582+0000] {manager.py:761} INFO - There are 10 files in /opt/airflow/dags
[2023-07-05T13:49:00.706+0000] {manager.py:889} INFO - 
================================================================================
DAG File Processing Stats

File Path                                               PID    Runtime      # DAGs    # Errors  Last Runtime    Last Run
------------------------------------------------------  -----  ---------  --------  ----------  --------------  -------------------
/opt/airflow/dags/exercise15.py                                                  1           0  0.26s           2023-07-05T13:48:54
/opt/airflow/dags/exercise16.py                                                  1           0  0.27s           2023-07-05T13:48:54
/opt/airflow/dags/exercise17.py                                                  1           0  0.35s           2023-07-05T13:48:53
/opt/airflow/dags/exercise18.py                                                  1           0  0.51s           2023-07-05T13:48:52
/opt/airflow/dags/hello.py                                                       1           0  0.49s           2023-07-05T13:48:52
/opt/airflow/dags/hello_operator.py                                              1           0  0.59s           2023-07-05T13:48:48
/opt/airflow/dags/hello_operator_with_relations_dag.py                           1           0  0.63s           2023-07-05T13:48:48
/opt/airflow/dags/hello_with_multiple_outputs_dag.py                             1           0  0.17s           2023-07-05T13:48:40
/opt/airflow/dags/hello_with_parameters_dag.py                                   1           0  0.21s           2023-07-05T13:48:40
/opt/airflow/dags/hello_with_passing_data_dag.py                                 1           0  0.20s           2023-07-05T13:48:40
================================================================================
[2023-07-05T13:49:31.319+0000] {manager.py:889} INFO - 
================================================================================
DAG File Processing Stats

File Path                                               PID    Runtime      # DAGs    # Errors  Last Runtime    Last Run
------------------------------------------------------  -----  ---------  --------  ----------  --------------  -------------------
/opt/airflow/dags/exercise15.py                                                  1           0  0.16s           2023-07-05T13:49:25
/opt/airflow/dags/exercise16.py                                                  1           0  0.17s           2023-07-05T13:49:25
/opt/airflow/dags/exercise17.py                                                  1           0  0.19s           2023-07-05T13:49:24
/opt/airflow/dags/exercise18.py                                                  1           0  0.23s           2023-07-05T13:49:23
/opt/airflow/dags/hello.py                                                       1           0  0.23s           2023-07-05T13:49:23
/opt/airflow/dags/hello_operator.py                                              1           0  0.31s           2023-07-05T13:49:19
/opt/airflow/dags/hello_operator_with_relations_dag.py                           1           0  0.32s           2023-07-05T13:49:19
/opt/airflow/dags/hello_with_multiple_outputs_dag.py                             1           0  0.33s           2023-07-05T13:49:11
/opt/airflow/dags/hello_with_parameters_dag.py                                   1           0  0.37s           2023-07-05T13:49:11
/opt/airflow/dags/hello_with_passing_data_dag.py                                 1           0  0.47s           2023-07-05T13:49:11
================================================================================
[2023-07-05T13:50:01.945+0000] {manager.py:889} INFO - 
================================================================================
DAG File Processing Stats

File Path                                               PID    Runtime      # DAGs    # Errors  Last Runtime    Last Run
------------------------------------------------------  -----  ---------  --------  ----------  --------------  -------------------
/opt/airflow/dags/exercise15.py                                                  1           0  0.26s           2023-07-05T13:49:55
/opt/airflow/dags/exercise16.py                                                  1           0  0.23s           2023-07-05T13:49:55
/opt/airflow/dags/exercise17.py                                                  1           0  0.18s           2023-07-05T13:49:54
/opt/airflow/dags/exercise18.py                                                  1           0  0.20s           2023-07-05T13:49:53
/opt/airflow/dags/hello.py                                                       1           0  0.19s           2023-07-05T13:49:53
/opt/airflow/dags/hello_operator.py                                              1           0  0.29s           2023-07-05T13:49:50
/opt/airflow/dags/hello_operator_with_relations_dag.py                           1           0  0.30s           2023-07-05T13:49:50
/opt/airflow/dags/hello_with_multiple_outputs_dag.py                             1           0  0.17s           2023-07-05T13:49:43
/opt/airflow/dags/hello_with_parameters_dag.py                                   1           0  1.56s           2023-07-05T13:49:43
/opt/airflow/dags/hello_with_passing_data_dag.py                                 1           0  1.57s           2023-07-05T13:49:42
================================================================================
[2023-07-05T13:50:32.411+0000] {manager.py:889} INFO - 
================================================================================
DAG File Processing Stats

File Path                                               PID    Runtime      # DAGs    # Errors  Last Runtime    Last Run
------------------------------------------------------  -----  ---------  --------  ----------  --------------  -------------------
/opt/airflow/dags/exercise15.py                                                  1           0  0.21s           2023-07-05T13:50:26
/opt/airflow/dags/exercise16.py                                                  1           0  0.21s           2023-07-05T13:50:26
/opt/airflow/dags/exercise17.py                                                  1           0  0.25s           2023-07-05T13:50:25
/opt/airflow/dags/exercise18.py                                                  1           0  0.26s           2023-07-05T13:50:24
/opt/airflow/dags/hello.py                                                       1           0  0.26s           2023-07-05T13:50:24
/opt/airflow/dags/hello_operator.py                                              1           0  0.28s           2023-07-05T13:50:20
/opt/airflow/dags/hello_operator_with_relations_dag.py                           1           0  0.27s           2023-07-05T13:50:20
/opt/airflow/dags/hello_with_multiple_outputs_dag.py                             1           0  0.16s           2023-07-05T13:50:13
/opt/airflow/dags/hello_with_parameters_dag.py                                   1           0  0.21s           2023-07-05T13:50:13
/opt/airflow/dags/hello_with_passing_data_dag.py                                 1           0  0.20s           2023-07-05T13:50:13
================================================================================
[2023-07-05T13:51:02.672+0000] {manager.py:889} INFO - 
================================================================================
DAG File Processing Stats

File Path                                               PID    Runtime      # DAGs    # Errors  Last Runtime    Last Run
------------------------------------------------------  -----  ---------  --------  ----------  --------------  -------------------
/opt/airflow/dags/exercise15.py                                                  1           0  0.21s           2023-07-05T13:50:56
/opt/airflow/dags/exercise16.py                                                  1           0  0.23s           2023-07-05T13:50:56
/opt/airflow/dags/exercise17.py                                                  1           0  0.44s           2023-07-05T13:50:56
/opt/airflow/dags/exercise18.py                                                  1           0  0.21s           2023-07-05T13:50:54
/opt/airflow/dags/hello.py                                                       1           0  0.20s           2023-07-05T13:50:54
/opt/airflow/dags/hello_operator.py                                              1           0  0.30s           2023-07-05T13:50:51
/opt/airflow/dags/hello_operator_with_relations_dag.py                           1           0  0.32s           2023-07-05T13:50:51
/opt/airflow/dags/hello_with_multiple_outputs_dag.py                             1           0  0.16s           2023-07-05T13:50:43
/opt/airflow/dags/hello_with_parameters_dag.py                                   1           0  0.18s           2023-07-05T13:50:43
/opt/airflow/dags/hello_with_passing_data_dag.py                                 1           0  0.18s           2023-07-05T13:50:43
================================================================================
[2023-07-05T13:51:32.886+0000] {manager.py:889} INFO - 
================================================================================
DAG File Processing Stats

File Path                                               PID    Runtime      # DAGs    # Errors  Last Runtime    Last Run
------------------------------------------------------  -----  ---------  --------  ----------  --------------  -------------------
/opt/airflow/dags/exercise15.py                                                  1           0  0.17s           2023-07-05T13:51:27
/opt/airflow/dags/exercise16.py                                                  1           0  0.16s           2023-07-05T13:51:26
/opt/airflow/dags/exercise17.py                                                  1           0  0.19s           2023-07-05T13:51:26
/opt/airflow/dags/exercise18.py                                                  1           0  0.19s           2023-07-05T13:51:25
/opt/airflow/dags/hello.py                                                       1           0  0.20s           2023-07-05T13:51:25
/opt/airflow/dags/hello_operator.py                                              1           0  0.19s           2023-07-05T13:51:22
/opt/airflow/dags/hello_operator_with_relations_dag.py                           1           0  0.20s           2023-07-05T13:51:22
/opt/airflow/dags/hello_with_multiple_outputs_dag.py                             1           0  0.16s           2023-07-05T13:51:14
/opt/airflow/dags/hello_with_parameters_dag.py                                   1           0  0.18s           2023-07-05T13:51:13
/opt/airflow/dags/hello_with_passing_data_dag.py                                 1           0  0.19s           2023-07-05T13:51:13
================================================================================
[2023-07-05T13:52:03.169+0000] {manager.py:889} INFO - 
================================================================================
DAG File Processing Stats

File Path                                               PID    Runtime      # DAGs    # Errors  Last Runtime    Last Run
------------------------------------------------------  -----  ---------  --------  ----------  --------------  -------------------
/opt/airflow/dags/exercise15.py                                                  1           0  0.17s           2023-07-05T13:51:58
/opt/airflow/dags/exercise16.py                                                  1           0  0.18s           2023-07-05T13:51:57
/opt/airflow/dags/exercise17.py                                                  1           0  0.19s           2023-07-05T13:51:57
/opt/airflow/dags/exercise18.py                                                  1           0  0.23s           2023-07-05T13:51:55
/opt/airflow/dags/hello.py                                                       1           0  0.20s           2023-07-05T13:51:55
/opt/airflow/dags/hello_operator.py                                              1           0  0.22s           2023-07-05T13:51:52
/opt/airflow/dags/hello_operator_with_relations_dag.py                           1           0  0.22s           2023-07-05T13:51:52
/opt/airflow/dags/hello_with_multiple_outputs_dag.py                             1           0  0.19s           2023-07-05T13:51:44
/opt/airflow/dags/hello_with_parameters_dag.py                                   1           0  0.18s           2023-07-05T13:51:44
/opt/airflow/dags/hello_with_passing_data_dag.py                                 1           0  0.19s           2023-07-05T13:51:44
================================================================================
[2023-07-05T13:52:33.500+0000] {manager.py:889} INFO - 
================================================================================
DAG File Processing Stats

File Path                                               PID    Runtime      # DAGs    # Errors  Last Runtime    Last Run
------------------------------------------------------  -----  ---------  --------  ----------  --------------  -------------------
/opt/airflow/dags/exercise15.py                                                  1           0  0.16s           2023-07-05T13:52:28
/opt/airflow/dags/exercise16.py                                                  1           0  0.17s           2023-07-05T13:52:27
/opt/airflow/dags/exercise17.py                                                  1           0  0.18s           2023-07-05T13:52:27
/opt/airflow/dags/exercise18.py                                                  1           0  0.26s           2023-07-05T13:52:26
/opt/airflow/dags/hello.py                                                       1           0  0.27s           2023-07-05T13:52:26
/opt/airflow/dags/hello_operator.py                                              1           0  0.19s           2023-07-05T13:52:23
/opt/airflow/dags/hello_operator_with_relations_dag.py                           1           0  0.26s           2023-07-05T13:52:22
/opt/airflow/dags/hello_with_multiple_outputs_dag.py                             1           0  0.15s           2023-07-05T13:52:14
/opt/airflow/dags/hello_with_parameters_dag.py                                   1           0  0.15s           2023-07-05T13:52:14
/opt/airflow/dags/hello_with_passing_data_dag.py                                 1           0  0.15s           2023-07-05T13:52:14
================================================================================
[2023-07-05T13:53:03.569+0000] {manager.py:889} INFO - 
================================================================================
DAG File Processing Stats

File Path                                               PID    Runtime      # DAGs    # Errors  Last Runtime    Last Run
------------------------------------------------------  -----  ---------  --------  ----------  --------------  -------------------
/opt/airflow/dags/exercise15.py                                                  1           0  0.16s           2023-07-05T13:52:58
/opt/airflow/dags/exercise16.py                                                  1           0  0.20s           2023-07-05T13:52:57
/opt/airflow/dags/exercise17.py                                                  1           0  0.22s           2023-07-05T13:52:57
/opt/airflow/dags/exercise18.py                                                  1           0  0.17s           2023-07-05T13:52:56
/opt/airflow/dags/hello.py                                                       1           0  0.16s           2023-07-05T13:52:56
/opt/airflow/dags/hello_operator.py                                              1           0  0.15s           2023-07-05T13:52:53
/opt/airflow/dags/hello_operator_with_relations_dag.py                           1           0  0.19s           2023-07-05T13:52:53
/opt/airflow/dags/hello_with_multiple_outputs_dag.py                             1           0  0.16s           2023-07-05T13:52:44
/opt/airflow/dags/hello_with_parameters_dag.py                                   1           0  0.19s           2023-07-05T13:52:44
/opt/airflow/dags/hello_with_passing_data_dag.py                                 1           0  0.22s           2023-07-05T13:52:44
================================================================================
[2023-07-05T13:53:33.637+0000] {manager.py:889} INFO - 
================================================================================
DAG File Processing Stats

File Path                                               PID    Runtime      # DAGs    # Errors  Last Runtime    Last Run
------------------------------------------------------  -----  ---------  --------  ----------  --------------  -------------------
/opt/airflow/dags/exercise15.py                                                  1           0  0.19s           2023-07-05T13:53:29
/opt/airflow/dags/exercise16.py                                                  1           0  0.16s           2023-07-05T13:53:28
/opt/airflow/dags/exercise17.py                                                  1           0  0.18s           2023-07-05T13:53:28
/opt/airflow/dags/exercise18.py                                                  1           0  0.20s           2023-07-05T13:53:27
/opt/airflow/dags/hello.py                                                       1           0  0.20s           2023-07-05T13:53:27
/opt/airflow/dags/hello_operator.py                                              1           0  0.17s           2023-07-05T13:53:24
/opt/airflow/dags/hello_operator_with_relations_dag.py                           1           0  0.18s           2023-07-05T13:53:24
/opt/airflow/dags/hello_with_multiple_outputs_dag.py                             1           0  0.18s           2023-07-05T13:53:16
/opt/airflow/dags/hello_with_parameters_dag.py                                   1           0  0.23s           2023-07-05T13:53:15
/opt/airflow/dags/hello_with_passing_data_dag.py                                 1           0  0.23s           2023-07-05T13:53:15
================================================================================
[2023-07-05T13:53:55.456+0000] {manager.py:758} INFO - Searching for files in /opt/airflow/dags
[2023-07-05T13:53:55.577+0000] {manager.py:761} INFO - There are 10 files in /opt/airflow/dags
[2023-07-05T13:54:03.954+0000] {manager.py:889} INFO - 
================================================================================
DAG File Processing Stats

File Path                                               PID    Runtime      # DAGs    # Errors  Last Runtime    Last Run
------------------------------------------------------  -----  ---------  --------  ----------  --------------  -------------------
/opt/airflow/dags/exercise15.py                                                  1           0  0.16s           2023-07-05T13:53:59
/opt/airflow/dags/exercise16.py                                                  1           0  0.19s           2023-07-05T13:53:58
/opt/airflow/dags/exercise17.py                                                  1           0  0.21s           2023-07-05T13:53:58
/opt/airflow/dags/exercise18.py                                                  1           0  0.22s           2023-07-05T13:53:57
/opt/airflow/dags/hello.py                                                       1           0  0.20s           2023-07-05T13:53:57
/opt/airflow/dags/hello_operator.py                                              1           0  0.16s           2023-07-05T13:53:54
/opt/airflow/dags/hello_operator_with_relations_dag.py                           1           0  0.16s           2023-07-05T13:53:54
/opt/airflow/dags/hello_with_multiple_outputs_dag.py                             1           0  0.15s           2023-07-05T13:53:47
/opt/airflow/dags/hello_with_parameters_dag.py                                   1           0  0.21s           2023-07-05T13:53:46
/opt/airflow/dags/hello_with_passing_data_dag.py                                 1           0  0.24s           2023-07-05T13:53:46
================================================================================
[2023-07-05T13:54:34.219+0000] {manager.py:889} INFO - 
================================================================================
DAG File Processing Stats

File Path                                               PID    Runtime      # DAGs    # Errors  Last Runtime    Last Run
------------------------------------------------------  -----  ---------  --------  ----------  --------------  -------------------
/opt/airflow/dags/exercise15.py                                                  1           0  0.16s           2023-07-05T13:54:30
/opt/airflow/dags/exercise16.py                                                  1           0  0.18s           2023-07-05T13:54:29
/opt/airflow/dags/exercise17.py                                                  1           0  0.18s           2023-07-05T13:54:29
/opt/airflow/dags/exercise18.py                                                  1           0  0.18s           2023-07-05T13:54:27
/opt/airflow/dags/hello.py                                                       1           0  0.17s           2023-07-05T13:54:27
/opt/airflow/dags/hello_operator.py                                              1           0  0.21s           2023-07-05T13:54:24
/opt/airflow/dags/hello_operator_with_relations_dag.py                           1           0  0.21s           2023-07-05T13:54:24
/opt/airflow/dags/hello_with_multiple_outputs_dag.py                             1           0  0.19s           2023-07-05T13:54:17
/opt/airflow/dags/hello_with_parameters_dag.py                                   1           0  0.22s           2023-07-05T13:54:17
/opt/airflow/dags/hello_with_passing_data_dag.py                                 1           0  0.21s           2023-07-05T13:54:17
================================================================================
[2023-07-05T13:55:04.224+0000] {manager.py:889} INFO - 
================================================================================
DAG File Processing Stats

File Path                                               PID    Runtime      # DAGs    # Errors  Last Runtime    Last Run
------------------------------------------------------  -----  ---------  --------  ----------  --------------  -------------------
/opt/airflow/dags/exercise15.py                                                  1           0  0.16s           2023-07-05T13:55:01
/opt/airflow/dags/exercise16.py                                                  1           0  0.17s           2023-07-05T13:55:00
/opt/airflow/dags/exercise17.py                                                  1           0  0.18s           2023-07-05T13:55:00
/opt/airflow/dags/exercise18.py                                                  1           0  0.18s           2023-07-05T13:54:58
/opt/airflow/dags/hello.py                                                       1           0  0.18s           2023-07-05T13:54:58
/opt/airflow/dags/hello_operator.py                                              1           0  0.16s           2023-07-05T13:54:55
/opt/airflow/dags/hello_operator_with_relations_dag.py                           1           0  0.17s           2023-07-05T13:54:55
/opt/airflow/dags/hello_with_multiple_outputs_dag.py                             1           0  0.15s           2023-07-05T13:54:47
/opt/airflow/dags/hello_with_parameters_dag.py                                   1           0  0.15s           2023-07-05T13:54:47
/opt/airflow/dags/hello_with_passing_data_dag.py                                 1           0  0.18s           2023-07-05T13:54:47
================================================================================
[2023-07-05T13:55:34.415+0000] {manager.py:889} INFO - 
================================================================================
DAG File Processing Stats

File Path                                               PID    Runtime      # DAGs    # Errors  Last Runtime    Last Run
------------------------------------------------------  -----  ---------  --------  ----------  --------------  -------------------
/opt/airflow/dags/exercise17.py                                                  0           0  0.07s           2023-07-05T13:55:24
/opt/airflow/dags/exercise15.py                                                  1           0  0.21s           2023-07-05T13:55:31
/opt/airflow/dags/exercise16.py                                                  1           0  0.16s           2023-07-05T13:55:30
/opt/airflow/dags/exercise18.py                                                  1           0  0.22s           2023-07-05T13:55:29
/opt/airflow/dags/hello.py                                                       1           0  0.22s           2023-07-05T13:55:29
/opt/airflow/dags/hello_operator.py                                              1           0  0.25s           2023-07-05T13:55:26
/opt/airflow/dags/hello_operator_with_relations_dag.py                           1           0  0.25s           2023-07-05T13:55:26
/opt/airflow/dags/hello_with_multiple_outputs_dag.py                             1           0  0.16s           2023-07-05T13:55:18
/opt/airflow/dags/hello_with_parameters_dag.py                                   1           0  0.26s           2023-07-05T13:55:18
/opt/airflow/dags/hello_with_passing_data_dag.py                                 1           0  0.27s           2023-07-05T13:55:18
================================================================================
[2023-07-05T13:56:04.713+0000] {manager.py:889} INFO - 
================================================================================
DAG File Processing Stats

File Path                                               PID    Runtime      # DAGs    # Errors  Last Runtime    Last Run
------------------------------------------------------  -----  ---------  --------  ----------  --------------  -------------------
/opt/airflow/dags/exercise17.py                                                  0           0  0.08s           2023-07-05T13:55:55
/opt/airflow/dags/exercise15.py                                                  1           0  0.16s           2023-07-05T13:56:01
/opt/airflow/dags/exercise16.py                                                  1           0  0.19s           2023-07-05T13:56:00
/opt/airflow/dags/exercise18.py                                                  1           0  0.20s           2023-07-05T13:55:59
/opt/airflow/dags/hello.py                                                       1           0  0.19s           2023-07-05T13:55:59
/opt/airflow/dags/hello_operator.py                                              1           0  0.22s           2023-07-05T13:55:57
/opt/airflow/dags/hello_operator_with_relations_dag.py                           1           0  0.23s           2023-07-05T13:55:57
/opt/airflow/dags/hello_with_multiple_outputs_dag.py                             1           0  0.21s           2023-07-05T13:55:49
/opt/airflow/dags/hello_with_parameters_dag.py                                   1           0  0.21s           2023-07-05T13:55:49
/opt/airflow/dags/hello_with_passing_data_dag.py                                 1           0  0.22s           2023-07-05T13:55:48
================================================================================
[2023-07-05T13:56:35.059+0000] {manager.py:889} INFO - 
================================================================================
DAG File Processing Stats

File Path                                               PID    Runtime      # DAGs    # Errors  Last Runtime    Last Run
------------------------------------------------------  -----  ---------  --------  ----------  --------------  -------------------
/opt/airflow/dags/exercise17.py                                                  0           0  0.13s           2023-07-05T13:56:25
/opt/airflow/dags/exercise15.py                                                  1           0  0.15s           2023-07-05T13:56:32
/opt/airflow/dags/exercise16.py                                                  1           0  0.28s           2023-07-05T13:56:32
/opt/airflow/dags/exercise18.py                                                  1           0  0.18s           2023-07-05T13:56:30
/opt/airflow/dags/hello.py                                                       1           0  0.20s           2023-07-05T13:56:30
/opt/airflow/dags/hello_operator.py                                              1           0  0.21s           2023-07-05T13:56:28
/opt/airflow/dags/hello_operator_with_relations_dag.py                           1           0  0.22s           2023-07-05T13:56:28
/opt/airflow/dags/hello_with_multiple_outputs_dag.py                             1           0  0.16s           2023-07-05T13:56:20
/opt/airflow/dags/hello_with_parameters_dag.py                                   1           0  0.16s           2023-07-05T13:56:20
/opt/airflow/dags/hello_with_passing_data_dag.py                                 1           0  0.16s           2023-07-05T13:56:19
================================================================================
[2023-07-05T13:57:05.156+0000] {manager.py:889} INFO - 
================================================================================
DAG File Processing Stats

File Path                                               PID    Runtime      # DAGs    # Errors  Last Runtime    Last Run
------------------------------------------------------  -----  ---------  --------  ----------  --------------  -------------------
/opt/airflow/dags/exercise17.py                                                  0           0  0.07s           2023-07-05T13:56:55
/opt/airflow/dags/exercise15.py                                                  1           0  0.21s           2023-07-05T13:57:03
/opt/airflow/dags/exercise16.py                                                  1           0  0.21s           2023-07-05T13:57:03
/opt/airflow/dags/exercise18.py                                                  1           0  0.20s           2023-07-05T13:57:01
/opt/airflow/dags/hello.py                                                       1           0  0.19s           2023-07-05T13:57:01
/opt/airflow/dags/hello_operator.py                                              1           0  0.16s           2023-07-05T13:56:58
/opt/airflow/dags/hello_operator_with_relations_dag.py                           1           0  0.17s           2023-07-05T13:56:58
/opt/airflow/dags/hello_with_multiple_outputs_dag.py                             1           0  0.16s           2023-07-05T13:56:50
/opt/airflow/dags/hello_with_parameters_dag.py                                   1           0  0.17s           2023-07-05T13:56:50
/opt/airflow/dags/hello_with_passing_data_dag.py                                 1           0  0.16s           2023-07-05T13:56:49
================================================================================
[2023-07-05T13:57:35.209+0000] {manager.py:889} INFO - 
================================================================================
DAG File Processing Stats

File Path                                               PID    Runtime      # DAGs    # Errors  Last Runtime    Last Run
------------------------------------------------------  -----  ---------  --------  ----------  --------------  -------------------
/opt/airflow/dags/exercise17.py                                                  0           0  0.07s           2023-07-05T13:57:25
/opt/airflow/dags/exercise15.py                                                  1           0  0.16s           2023-07-05T13:57:34
/opt/airflow/dags/exercise16.py                                                  1           0  0.16s           2023-07-05T13:57:34
/opt/airflow/dags/exercise18.py                                                  1           0  0.17s           2023-07-05T13:57:33
/opt/airflow/dags/hello.py                                                       1           0  0.17s           2023-07-05T13:57:33
/opt/airflow/dags/hello_operator.py                                              1           0  0.18s           2023-07-05T13:57:29
/opt/airflow/dags/hello_operator_with_relations_dag.py                           1           0  0.20s           2023-07-05T13:57:29
/opt/airflow/dags/hello_with_multiple_outputs_dag.py                             1           0  0.20s           2023-07-05T13:57:21
/opt/airflow/dags/hello_with_parameters_dag.py                                   1           0  0.17s           2023-07-05T13:57:21
/opt/airflow/dags/hello_with_passing_data_dag.py                                 1           0  0.15s           2023-07-05T13:57:20
================================================================================
[2023-07-05T14:15:25.948+0000] {manager.py:487} INFO - Processing files using up to 2 processes at a time 
[2023-07-05T14:15:25.951+0000] {manager.py:488} INFO - Process each file at most once every 30 seconds
[2023-07-05T14:15:25.954+0000] {manager.py:490} INFO - Checking for new files in /opt/airflow/dags every 300 seconds
[2023-07-05T14:15:25.959+0000] {manager.py:758} INFO - Searching for files in /opt/airflow/dags
[2023-07-05T14:15:26.195+0000] {manager.py:761} INFO - There are 9 files in /opt/airflow/dags
[2023-07-05T14:15:26.621+0000] {manager.py:889} INFO - 
================================================================================
DAG File Processing Stats

File Path                                                 PID  Runtime      # DAGs    # Errors  Last Runtime    Last Run
------------------------------------------------------  -----  ---------  --------  ----------  --------------  ----------
/opt/airflow/dags/exercise15.py                                                  0           0
/opt/airflow/dags/exercise16.py                                                  0           0
/opt/airflow/dags/exercise18.py                                                  0           0
/opt/airflow/dags/hello.py                                                       0           0
/opt/airflow/dags/hello_operator.py                                              0           0
/opt/airflow/dags/hello_operator_with_relations_dag.py                           0           0
/opt/airflow/dags/hello_with_multiple_outputs_dag.py                             0           0
/opt/airflow/dags/hello_with_parameters_dag.py             32  0.15s             0           0
/opt/airflow/dags/hello_with_passing_data_dag.py           31  0.18s             0           0
================================================================================
[2023-07-05T14:15:56.855+0000] {manager.py:889} INFO - 
================================================================================
DAG File Processing Stats

File Path                                               PID    Runtime      # DAGs    # Errors  Last Runtime    Last Run
------------------------------------------------------  -----  ---------  --------  ----------  --------------  -------------------
/opt/airflow/dags/exercise15.py                                                  1           0  0.92s           2023-07-05T14:15:31
/opt/airflow/dags/exercise16.py                                                  1           0  1.60s           2023-07-05T14:15:31
/opt/airflow/dags/exercise18.py                                                  1           0  1.63s           2023-07-05T14:15:30
/opt/airflow/dags/hello.py                                                       1           0  1.44s           2023-07-05T14:15:29
/opt/airflow/dags/hello_operator.py                                              1           0  0.44s           2023-07-05T14:15:28
/opt/airflow/dags/hello_operator_with_relations_dag.py                           1           0  0.40s           2023-07-05T14:15:28
/opt/airflow/dags/hello_with_multiple_outputs_dag.py                             1           0  0.41s           2023-07-05T14:15:27
/opt/airflow/dags/hello_with_parameters_dag.py                                   1           0  1.04s           2023-07-05T14:15:27
/opt/airflow/dags/hello_with_passing_data_dag.py                                 1           0  1.09s           2023-07-05T14:15:27
================================================================================
[2023-07-05T14:16:27.305+0000] {manager.py:889} INFO - 
================================================================================
DAG File Processing Stats

File Path                                               PID    Runtime      # DAGs    # Errors  Last Runtime    Last Run
------------------------------------------------------  -----  ---------  --------  ----------  --------------  -------------------
/opt/airflow/dags/exercise15.py                                                  1           0  0.36s           2023-07-05T14:16:02
/opt/airflow/dags/exercise16.py                                                  1           0  0.27s           2023-07-05T14:16:01
/opt/airflow/dags/exercise18.py                                                  1           0  0.46s           2023-07-05T14:16:01
/opt/airflow/dags/hello.py                                                       1           0  0.19s           2023-07-05T14:16:00
/opt/airflow/dags/hello_operator.py                                              1           0  0.31s           2023-07-05T14:15:59
/opt/airflow/dags/hello_operator_with_relations_dag.py                           1           0  0.17s           2023-07-05T14:15:58
/opt/airflow/dags/hello_with_multiple_outputs_dag.py                             1           0  0.20s           2023-07-05T14:15:58
/opt/airflow/dags/hello_with_parameters_dag.py                                   1           0  0.42s           2023-07-05T14:15:58
/opt/airflow/dags/hello_with_passing_data_dag.py                                 1           0  0.46s           2023-07-05T14:15:58
================================================================================
[2023-07-05T14:16:57.406+0000] {manager.py:889} INFO - 
================================================================================
DAG File Processing Stats

File Path                                               PID    Runtime      # DAGs    # Errors  Last Runtime    Last Run
------------------------------------------------------  -----  ---------  --------  ----------  --------------  -------------------
/opt/airflow/dags/exercise15.py                                                  1           0  0.41s           2023-07-05T14:16:34
/opt/airflow/dags/exercise16.py                                                  1           0  0.67s           2023-07-05T14:16:33
/opt/airflow/dags/exercise18.py                                                  1           0  0.98s           2023-07-05T14:16:33
/opt/airflow/dags/hello.py                                                       1           0  1.01s           2023-07-05T14:16:32
/opt/airflow/dags/hello_operator.py                                              1           0  0.69s           2023-07-05T14:16:32
/opt/airflow/dags/hello_operator_with_relations_dag.py                           1           0  0.52s           2023-07-05T14:16:31
/opt/airflow/dags/hello_with_multiple_outputs_dag.py                             1           0  0.58s           2023-07-05T14:16:31
/opt/airflow/dags/hello_with_parameters_dag.py                                   1           0  1.86s           2023-07-05T14:16:30
/opt/airflow/dags/hello_with_passing_data_dag.py                                 1           0  1.97s           2023-07-05T14:16:30
================================================================================
